[0.456s] DEBUG:colcon:Command line arguments: ['/usr/bin/colcon', 'build']
[0.456s] DEBUG:colcon:Parsed command line arguments: Namespace(log_base=None, log_level=None, verb_name='build', build_base='build', install_base='install', merge_install=False, symlink_install=False, test_result_base=None, continue_on_error=False, executor='parallel', parallel_workers=4, event_handlers=None, ignore_user_meta=False, metas=['./colcon.meta'], base_paths=['.'], packages_ignore=None, packages_ignore_regex=None, paths=None, packages_up_to=None, packages_up_to_regex=None, packages_above=None, packages_above_and_dependencies=None, packages_above_depth=None, packages_select_by_dep=None, packages_skip_by_dep=None, packages_skip_up_to=None, packages_select_build_failed=False, packages_skip_build_finished=False, packages_select_test_failures=False, packages_skip_test_passed=False, packages_select=None, packages_skip=None, packages_select_regex=None, packages_skip_regex=None, packages_start=None, packages_end=None, allow_overriding=[], cmake_args=None, cmake_target=None, cmake_target_skip_unavailable=False, cmake_clean_cache=False, cmake_clean_first=False, cmake_force_configure=False, ament_cmake_args=None, catkin_cmake_args=None, catkin_skip_building_tests=False, mixin_files=None, mixin=None, verb_parser=<colcon_mixin.mixin.mixin_argument.MixinArgumentDecorator object at 0xffffb7e95660>, verb_extension=<colcon_core.verb.build.BuildVerb object at 0xffffb8032f80>, main=<bound method BuildVerb.main of <colcon_core.verb.build.BuildVerb object at 0xffffb8032f80>>, mixin_verb=('build',))
[1.278s] Level 1:colcon.colcon_core.package_discovery:discover_packages(colcon_meta) check parameters
[1.278s] Level 1:colcon.colcon_core.package_discovery:discover_packages(recursive) check parameters
[1.279s] Level 1:colcon.colcon_core.package_discovery:discover_packages(ignore) check parameters
[1.279s] Level 1:colcon.colcon_core.package_discovery:discover_packages(path) check parameters
[1.279s] Level 1:colcon.colcon_core.package_discovery:discover_packages(colcon_meta) discover
[1.279s] Level 1:colcon.colcon_core.package_discovery:discover_packages(recursive) discover
[1.279s] INFO:colcon.colcon_core.package_discovery:Crawling recursively for packages in '/home/monkeydluffy/ros2_packages/SLAM-ROS2-Backend/src'
[1.280s] Level 1:colcon.colcon_core.package_identification:_identify(.) by extensions ['ignore', 'ignore_ament_install']
[1.281s] Level 1:colcon.colcon_core.package_identification:_identify(.) by extension 'ignore'
[1.281s] Level 1:colcon.colcon_core.package_identification:_identify(.) by extension 'ignore_ament_install'
[1.282s] Level 1:colcon.colcon_core.package_identification:_identify(.) by extensions ['colcon_pkg']
[1.282s] Level 1:colcon.colcon_core.package_identification:_identify(.) by extension 'colcon_pkg'
[1.282s] Level 1:colcon.colcon_core.package_identification:_identify(.) by extensions ['colcon_meta']
[1.282s] Level 1:colcon.colcon_core.package_identification:_identify(.) by extension 'colcon_meta'
[1.282s] Level 1:colcon.colcon_core.package_identification:_identify(.) by extensions ['ros']
[1.282s] Level 1:colcon.colcon_core.package_identification:_identify(.) by extension 'ros'
[1.326s] Level 1:colcon.colcon_core.package_identification:_identify(.) by extensions ['cmake', 'python']
[1.326s] Level 1:colcon.colcon_core.package_identification:_identify(.) by extension 'cmake'
[1.326s] Level 1:colcon.colcon_core.package_identification:_identify(.) by extension 'python'
[1.327s] Level 1:colcon.colcon_core.package_identification:_identify(.) by extensions ['python_setup_py']
[1.327s] Level 1:colcon.colcon_core.package_identification:_identify(.) by extension 'python_setup_py'
[1.327s] Level 1:colcon.colcon_core.package_identification:_identify(bno055_driver) by extensions ['ignore', 'ignore_ament_install']
[1.328s] Level 1:colcon.colcon_core.package_identification:_identify(bno055_driver) by extension 'ignore'
[1.328s] Level 1:colcon.colcon_core.package_identification:_identify(bno055_driver) by extension 'ignore_ament_install'
[1.328s] Level 1:colcon.colcon_core.package_identification:_identify(bno055_driver) by extensions ['colcon_pkg']
[1.328s] Level 1:colcon.colcon_core.package_identification:_identify(bno055_driver) by extension 'colcon_pkg'
[1.329s] Level 1:colcon.colcon_core.package_identification:_identify(bno055_driver) by extensions ['colcon_meta']
[1.329s] Level 1:colcon.colcon_core.package_identification:_identify(bno055_driver) by extension 'colcon_meta'
[1.329s] Level 1:colcon.colcon_core.package_identification:_identify(bno055_driver) by extensions ['ros']
[1.329s] Level 1:colcon.colcon_core.package_identification:_identify(bno055_driver) by extension 'ros'
[1.338s] DEBUG:colcon.colcon_core.package_identification:Package 'bno055_driver' with type 'ros.ament_python' and name 'bno055_driver'
[1.338s] Level 1:colcon.colcon_core.package_identification:_identify(build) by extensions ['ignore', 'ignore_ament_install']
[1.339s] Level 1:colcon.colcon_core.package_identification:_identify(build) by extension 'ignore'
[1.339s] Level 1:colcon.colcon_core.package_identification:_identify(build) ignored
[1.340s] Level 1:colcon.colcon_core.package_identification:_identify(install) by extensions ['ignore', 'ignore_ament_install']
[1.340s] Level 1:colcon.colcon_core.package_identification:_identify(install) by extension 'ignore'
[1.340s] Level 1:colcon.colcon_core.package_identification:_identify(install) ignored
[1.341s] Level 1:colcon.colcon_core.package_identification:_identify(ldlidar_stl_ros2) by extensions ['ignore', 'ignore_ament_install']
[1.341s] Level 1:colcon.colcon_core.package_identification:_identify(ldlidar_stl_ros2) by extension 'ignore'
[1.341s] Level 1:colcon.colcon_core.package_identification:_identify(ldlidar_stl_ros2) by extension 'ignore_ament_install'
[1.342s] Level 1:colcon.colcon_core.package_identification:_identify(ldlidar_stl_ros2) by extensions ['colcon_pkg']
[1.342s] Level 1:colcon.colcon_core.package_identification:_identify(ldlidar_stl_ros2) by extension 'colcon_pkg'
[1.342s] Level 1:colcon.colcon_core.package_identification:_identify(ldlidar_stl_ros2) by extensions ['colcon_meta']
[1.342s] Level 1:colcon.colcon_core.package_identification:_identify(ldlidar_stl_ros2) by extension 'colcon_meta'
[1.342s] Level 1:colcon.colcon_core.package_identification:_identify(ldlidar_stl_ros2) by extensions ['ros']
[1.342s] Level 1:colcon.colcon_core.package_identification:_identify(ldlidar_stl_ros2) by extension 'ros'
[1.345s] DEBUG:colcon.colcon_core.package_identification:Package 'ldlidar_stl_ros2' with type 'ros.ament_cmake' and name 'ldlidar_stl_ros2'
[1.346s] Level 1:colcon.colcon_core.package_identification:_identify(log) by extensions ['ignore', 'ignore_ament_install']
[1.346s] Level 1:colcon.colcon_core.package_identification:_identify(log) by extension 'ignore'
[1.346s] Level 1:colcon.colcon_core.package_identification:_identify(log) ignored
[1.347s] Level 1:colcon.colcon_core.package_identification:_identify(robot_drive) by extensions ['ignore', 'ignore_ament_install']
[1.347s] Level 1:colcon.colcon_core.package_identification:_identify(robot_drive) by extension 'ignore'
[1.347s] Level 1:colcon.colcon_core.package_identification:_identify(robot_drive) by extension 'ignore_ament_install'
[1.347s] Level 1:colcon.colcon_core.package_identification:_identify(robot_drive) by extensions ['colcon_pkg']
[1.348s] Level 1:colcon.colcon_core.package_identification:_identify(robot_drive) by extension 'colcon_pkg'
[1.348s] Level 1:colcon.colcon_core.package_identification:_identify(robot_drive) by extensions ['colcon_meta']
[1.348s] Level 1:colcon.colcon_core.package_identification:_identify(robot_drive) by extension 'colcon_meta'
[1.348s] Level 1:colcon.colcon_core.package_identification:_identify(robot_drive) by extensions ['ros']
[1.348s] Level 1:colcon.colcon_core.package_identification:_identify(robot_drive) by extension 'ros'
[1.351s] DEBUG:colcon.colcon_core.package_identification:Package 'robot_drive' with type 'ros.ament_python' and name 'robot_drive'
[1.351s] Level 1:colcon.colcon_core.package_discovery:discover_packages(recursive) using defaults
[1.351s] Level 1:colcon.colcon_core.package_discovery:discover_packages(ignore) discover
[1.351s] Level 1:colcon.colcon_core.package_discovery:discover_packages(ignore) using defaults
[1.351s] Level 1:colcon.colcon_core.package_discovery:discover_packages(path) discover
[1.352s] Level 1:colcon.colcon_core.package_discovery:discover_packages(path) using defaults
[1.468s] Level 1:colcon.colcon_core.package_discovery:discover_packages(prefix_path) check parameters
[1.468s] Level 1:colcon.colcon_core.package_discovery:discover_packages(prefix_path) discover
[1.482s] DEBUG:colcon.colcon_installed_package_information.package_discovery:Found 272 installed packages in /opt/ros/humble
[1.489s] Level 1:colcon.colcon_core.package_discovery:discover_packages(prefix_path) using defaults
[1.654s] Level 5:colcon.colcon_core.verb:set package 'bno055_driver' build argument 'cmake_args' from command line to 'None'
[1.654s] Level 5:colcon.colcon_core.verb:set package 'bno055_driver' build argument 'cmake_target' from command line to 'None'
[1.654s] Level 5:colcon.colcon_core.verb:set package 'bno055_driver' build argument 'cmake_target_skip_unavailable' from command line to 'False'
[1.654s] Level 5:colcon.colcon_core.verb:set package 'bno055_driver' build argument 'cmake_clean_cache' from command line to 'False'
[1.655s] Level 5:colcon.colcon_core.verb:set package 'bno055_driver' build argument 'cmake_clean_first' from command line to 'False'
[1.655s] Level 5:colcon.colcon_core.verb:set package 'bno055_driver' build argument 'cmake_force_configure' from command line to 'False'
[1.655s] Level 5:colcon.colcon_core.verb:set package 'bno055_driver' build argument 'ament_cmake_args' from command line to 'None'
[1.655s] Level 5:colcon.colcon_core.verb:set package 'bno055_driver' build argument 'catkin_cmake_args' from command line to 'None'
[1.655s] Level 5:colcon.colcon_core.verb:set package 'bno055_driver' build argument 'catkin_skip_building_tests' from command line to 'False'
[1.655s] DEBUG:colcon.colcon_core.verb:Building package 'bno055_driver' with the following arguments: {'ament_cmake_args': None, 'build_base': '/home/monkeydluffy/ros2_packages/SLAM-ROS2-Backend/src/build/bno055_driver', 'catkin_cmake_args': None, 'catkin_skip_building_tests': False, 'cmake_args': None, 'cmake_clean_cache': False, 'cmake_clean_first': False, 'cmake_force_configure': False, 'cmake_target': None, 'cmake_target_skip_unavailable': False, 'install_base': '/home/monkeydluffy/ros2_packages/SLAM-ROS2-Backend/src/install/bno055_driver', 'merge_install': False, 'path': '/home/monkeydluffy/ros2_packages/SLAM-ROS2-Backend/src/bno055_driver', 'symlink_install': False, 'test_result_base': None}
[1.657s] Level 5:colcon.colcon_core.verb:set package 'ldlidar_stl_ros2' build argument 'cmake_args' from command line to 'None'
[1.657s] Level 5:colcon.colcon_core.verb:set package 'ldlidar_stl_ros2' build argument 'cmake_target' from command line to 'None'
[1.657s] Level 5:colcon.colcon_core.verb:set package 'ldlidar_stl_ros2' build argument 'cmake_target_skip_unavailable' from command line to 'False'
[1.657s] Level 5:colcon.colcon_core.verb:set package 'ldlidar_stl_ros2' build argument 'cmake_clean_cache' from command line to 'False'
[1.657s] Level 5:colcon.colcon_core.verb:set package 'ldlidar_stl_ros2' build argument 'cmake_clean_first' from command line to 'False'
[1.657s] Level 5:colcon.colcon_core.verb:set package 'ldlidar_stl_ros2' build argument 'cmake_force_configure' from command line to 'False'
[1.657s] Level 5:colcon.colcon_core.verb:set package 'ldlidar_stl_ros2' build argument 'ament_cmake_args' from command line to 'None'
[1.658s] Level 5:colcon.colcon_core.verb:set package 'ldlidar_stl_ros2' build argument 'catkin_cmake_args' from command line to 'None'
[1.658s] Level 5:colcon.colcon_core.verb:set package 'ldlidar_stl_ros2' build argument 'catkin_skip_building_tests' from command line to 'False'
[1.658s] DEBUG:colcon.colcon_core.verb:Building package 'ldlidar_stl_ros2' with the following arguments: {'ament_cmake_args': None, 'build_base': '/home/monkeydluffy/ros2_packages/SLAM-ROS2-Backend/src/build/ldlidar_stl_ros2', 'catkin_cmake_args': None, 'catkin_skip_building_tests': False, 'cmake_args': None, 'cmake_clean_cache': False, 'cmake_clean_first': False, 'cmake_force_configure': False, 'cmake_target': None, 'cmake_target_skip_unavailable': False, 'install_base': '/home/monkeydluffy/ros2_packages/SLAM-ROS2-Backend/src/install/ldlidar_stl_ros2', 'merge_install': False, 'path': '/home/monkeydluffy/ros2_packages/SLAM-ROS2-Backend/src/ldlidar_stl_ros2', 'symlink_install': False, 'test_result_base': None}
[1.659s] Level 5:colcon.colcon_core.verb:set package 'robot_drive' build argument 'cmake_args' from command line to 'None'
[1.660s] Level 5:colcon.colcon_core.verb:set package 'robot_drive' build argument 'cmake_target' from command line to 'None'
[1.660s] Level 5:colcon.colcon_core.verb:set package 'robot_drive' build argument 'cmake_target_skip_unavailable' from command line to 'False'
[1.660s] Level 5:colcon.colcon_core.verb:set package 'robot_drive' build argument 'cmake_clean_cache' from command line to 'False'
[1.660s] Level 5:colcon.colcon_core.verb:set package 'robot_drive' build argument 'cmake_clean_first' from command line to 'False'
[1.660s] Level 5:colcon.colcon_core.verb:set package 'robot_drive' build argument 'cmake_force_configure' from command line to 'False'
[1.660s] Level 5:colcon.colcon_core.verb:set package 'robot_drive' build argument 'ament_cmake_args' from command line to 'None'
[1.660s] Level 5:colcon.colcon_core.verb:set package 'robot_drive' build argument 'catkin_cmake_args' from command line to 'None'
[1.660s] Level 5:colcon.colcon_core.verb:set package 'robot_drive' build argument 'catkin_skip_building_tests' from command line to 'False'
[1.660s] DEBUG:colcon.colcon_core.verb:Building package 'robot_drive' with the following arguments: {'ament_cmake_args': None, 'build_base': '/home/monkeydluffy/ros2_packages/SLAM-ROS2-Backend/src/build/robot_drive', 'catkin_cmake_args': None, 'catkin_skip_building_tests': False, 'cmake_args': None, 'cmake_clean_cache': False, 'cmake_clean_first': False, 'cmake_force_configure': False, 'cmake_target': None, 'cmake_target_skip_unavailable': False, 'install_base': '/home/monkeydluffy/ros2_packages/SLAM-ROS2-Backend/src/install/robot_drive', 'merge_install': False, 'path': '/home/monkeydluffy/ros2_packages/SLAM-ROS2-Backend/src/robot_drive', 'symlink_install': False, 'test_result_base': None}
[1.661s] INFO:colcon.colcon_core.executor:Executing jobs using 'parallel' executor
[1.665s] DEBUG:colcon.colcon_parallel_executor.executor.parallel:run_until_complete
[1.666s] INFO:colcon.colcon_ros.task.ament_python.build:Building ROS package in '/home/monkeydluffy/ros2_packages/SLAM-ROS2-Backend/src/bno055_driver' with build type 'ament_python'
[1.666s] Level 1:colcon.colcon_core.shell:create_environment_hook('bno055_driver', 'ament_prefix_path')
[1.675s] INFO:colcon.colcon_core.plugin_system:Skipping extension 'colcon_core.shell.bat': Not used on non-Windows systems
[1.676s] INFO:colcon.colcon_core.shell:Creating environment hook '/home/monkeydluffy/ros2_packages/SLAM-ROS2-Backend/src/install/bno055_driver/share/bno055_driver/hook/ament_prefix_path.ps1'
[1.679s] INFO:colcon.colcon_core.shell:Creating environment descriptor '/home/monkeydluffy/ros2_packages/SLAM-ROS2-Backend/src/install/bno055_driver/share/bno055_driver/hook/ament_prefix_path.dsv'
[1.681s] INFO:colcon.colcon_core.shell:Creating environment hook '/home/monkeydluffy/ros2_packages/SLAM-ROS2-Backend/src/install/bno055_driver/share/bno055_driver/hook/ament_prefix_path.sh'
[1.685s] INFO:colcon.colcon_core.shell:Skip shell extension 'powershell' for command environment: Not usable outside of PowerShell
[1.685s] DEBUG:colcon.colcon_core.shell:Skip shell extension 'dsv' for command environment
[1.700s] INFO:colcon.colcon_ros.task.ament_cmake.build:Building ROS package in '/home/monkeydluffy/ros2_packages/SLAM-ROS2-Backend/src/ldlidar_stl_ros2' with build type 'ament_cmake'
[1.701s] INFO:colcon.colcon_cmake.task.cmake.build:Building CMake package in '/home/monkeydluffy/ros2_packages/SLAM-ROS2-Backend/src/ldlidar_stl_ros2'
[1.702s] INFO:colcon.colcon_core.shell:Skip shell extension 'powershell' for command environment: Not usable outside of PowerShell
[1.703s] DEBUG:colcon.colcon_core.shell:Skip shell extension 'dsv' for command environment
[1.718s] INFO:colcon.colcon_ros.task.ament_python.build:Building ROS package in '/home/monkeydluffy/ros2_packages/SLAM-ROS2-Backend/src/robot_drive' with build type 'ament_python'
[1.719s] Level 1:colcon.colcon_core.shell:create_environment_hook('robot_drive', 'ament_prefix_path')
[1.720s] INFO:colcon.colcon_core.shell:Creating environment hook '/home/monkeydluffy/ros2_packages/SLAM-ROS2-Backend/src/install/robot_drive/share/robot_drive/hook/ament_prefix_path.ps1'
[1.723s] INFO:colcon.colcon_core.shell:Creating environment descriptor '/home/monkeydluffy/ros2_packages/SLAM-ROS2-Backend/src/install/robot_drive/share/robot_drive/hook/ament_prefix_path.dsv'
[1.725s] INFO:colcon.colcon_core.shell:Creating environment hook '/home/monkeydluffy/ros2_packages/SLAM-ROS2-Backend/src/install/robot_drive/share/robot_drive/hook/ament_prefix_path.sh'
[1.728s] INFO:colcon.colcon_core.shell:Skip shell extension 'powershell' for command environment: Not usable outside of PowerShell
[1.728s] DEBUG:colcon.colcon_core.shell:Skip shell extension 'dsv' for command environment
[2.937s] INFO:colcon.colcon_core.task.python.build:Building Python package in '/home/monkeydluffy/ros2_packages/SLAM-ROS2-Backend/src/bno055_driver'
[2.938s] INFO:colcon.colcon_core.shell:Skip shell extension 'powershell' for command environment: Not usable outside of PowerShell
[2.938s] DEBUG:colcon.colcon_core.shell:Skip shell extension 'dsv' for command environment
[2.973s] DEBUG:colcon.colcon_core.event_handler.log_command:Invoking command in '/home/monkeydluffy/ros2_packages/SLAM-ROS2-Backend/src/build/ldlidar_stl_ros2': CMAKE_PREFIX_PATH=/opt/ros/humble /usr/bin/cmake --build /home/monkeydluffy/ros2_packages/SLAM-ROS2-Backend/src/build/ldlidar_stl_ros2 -- -j4 -l4
[4.228s] INFO:colcon.colcon_core.task.python.build:Building Python package in '/home/monkeydluffy/ros2_packages/SLAM-ROS2-Backend/src/robot_drive'
[4.229s] INFO:colcon.colcon_core.shell:Skip shell extension 'powershell' for command environment: Not usable outside of PowerShell
[4.230s] DEBUG:colcon.colcon_core.shell:Skip shell extension 'dsv' for command environment
[4.258s] DEBUG:colcon.colcon_core.event_handler.log_command:Invoked command in '/home/monkeydluffy/ros2_packages/SLAM-ROS2-Backend/src/build/ldlidar_stl_ros2' returned '0': CMAKE_PREFIX_PATH=/opt/ros/humble /usr/bin/cmake --build /home/monkeydluffy/ros2_packages/SLAM-ROS2-Backend/src/build/ldlidar_stl_ros2 -- -j4 -l4
[4.297s] DEBUG:colcon.colcon_core.event_handler.log_command:Invoking command in '/home/monkeydluffy/ros2_packages/SLAM-ROS2-Backend/src/build/ldlidar_stl_ros2': CMAKE_PREFIX_PATH=/opt/ros/humble /usr/bin/cmake --install /home/monkeydluffy/ros2_packages/SLAM-ROS2-Backend/src/build/ldlidar_stl_ros2
[4.351s] Level 1:colcon.colcon_core.environment:create_environment_scripts_only(ldlidar_stl_ros2)
[4.353s] DEBUG:colcon.colcon_core.event_handler.log_command:Invoked command in '/home/monkeydluffy/ros2_packages/SLAM-ROS2-Backend/src/build/ldlidar_stl_ros2' returned '0': CMAKE_PREFIX_PATH=/opt/ros/humble /usr/bin/cmake --install /home/monkeydluffy/ros2_packages/SLAM-ROS2-Backend/src/build/ldlidar_stl_ros2
[4.365s] Level 1:colcon.colcon_core.environment:checking '/home/monkeydluffy/ros2_packages/SLAM-ROS2-Backend/src/install/ldlidar_stl_ros2' for CMake module files
[4.369s] Level 1:colcon.colcon_core.environment:checking '/home/monkeydluffy/ros2_packages/SLAM-ROS2-Backend/src/install/ldlidar_stl_ros2' for CMake config files
[4.372s] Level 1:colcon.colcon_core.shell:create_environment_hook('ldlidar_stl_ros2', 'cmake_prefix_path')
[4.374s] INFO:colcon.colcon_core.shell:Creating environment hook '/home/monkeydluffy/ros2_packages/SLAM-ROS2-Backend/src/install/ldlidar_stl_ros2/share/ldlidar_stl_ros2/hook/cmake_prefix_path.ps1'
[4.376s] INFO:colcon.colcon_core.shell:Creating environment descriptor '/home/monkeydluffy/ros2_packages/SLAM-ROS2-Backend/src/install/ldlidar_stl_ros2/share/ldlidar_stl_ros2/hook/cmake_prefix_path.dsv'
[4.378s] INFO:colcon.colcon_core.shell:Creating environment hook '/home/monkeydluffy/ros2_packages/SLAM-ROS2-Backend/src/install/ldlidar_stl_ros2/share/ldlidar_stl_ros2/hook/cmake_prefix_path.sh'
[4.383s] Level 1:colcon.colcon_core.environment:checking '/home/monkeydluffy/ros2_packages/SLAM-ROS2-Backend/src/install/ldlidar_stl_ros2/lib'
[4.384s] Level 1:colcon.colcon_core.environment:checking '/home/monkeydluffy/ros2_packages/SLAM-ROS2-Backend/src/install/ldlidar_stl_ros2/bin'
[4.384s] Level 1:colcon.colcon_core.environment:checking '/home/monkeydluffy/ros2_packages/SLAM-ROS2-Backend/src/install/ldlidar_stl_ros2/lib/pkgconfig/ldlidar_stl_ros2.pc'
[4.386s] Level 1:colcon.colcon_core.environment:checking '/home/monkeydluffy/ros2_packages/SLAM-ROS2-Backend/src/install/ldlidar_stl_ros2/lib/python3.10/site-packages'
[4.388s] Level 1:colcon.colcon_core.environment:checking '/home/monkeydluffy/ros2_packages/SLAM-ROS2-Backend/src/install/ldlidar_stl_ros2/bin'
[4.390s] INFO:colcon.colcon_core.shell:Creating package script '/home/monkeydluffy/ros2_packages/SLAM-ROS2-Backend/src/install/ldlidar_stl_ros2/share/ldlidar_stl_ros2/package.ps1'
[4.394s] INFO:colcon.colcon_core.shell:Creating package descriptor '/home/monkeydluffy/ros2_packages/SLAM-ROS2-Backend/src/install/ldlidar_stl_ros2/share/ldlidar_stl_ros2/package.dsv'
[4.397s] INFO:colcon.colcon_core.shell:Creating package script '/home/monkeydluffy/ros2_packages/SLAM-ROS2-Backend/src/install/ldlidar_stl_ros2/share/ldlidar_stl_ros2/package.sh'
[4.403s] INFO:colcon.colcon_core.shell:Creating package script '/home/monkeydluffy/ros2_packages/SLAM-ROS2-Backend/src/install/ldlidar_stl_ros2/share/ldlidar_stl_ros2/package.bash'
[4.407s] INFO:colcon.colcon_core.shell:Creating package script '/home/monkeydluffy/ros2_packages/SLAM-ROS2-Backend/src/install/ldlidar_stl_ros2/share/ldlidar_stl_ros2/package.zsh'
[4.411s] Level 1:colcon.colcon_core.environment:create_file_with_runtime_dependencies(/home/monkeydluffy/ros2_packages/SLAM-ROS2-Backend/src/install/ldlidar_stl_ros2/share/colcon-core/packages/ldlidar_stl_ros2)
[4.414s] Level 1:colcon.colcon_core.environment:create_environment_scripts_only(ldlidar_stl_ros2)
[4.415s] Level 1:colcon.colcon_core.environment:checking '/home/monkeydluffy/ros2_packages/SLAM-ROS2-Backend/src/install/ldlidar_stl_ros2' for CMake module files
[4.419s] Level 1:colcon.colcon_core.environment:checking '/home/monkeydluffy/ros2_packages/SLAM-ROS2-Backend/src/install/ldlidar_stl_ros2' for CMake config files
[4.422s] Level 1:colcon.colcon_core.shell:create_environment_hook('ldlidar_stl_ros2', 'cmake_prefix_path')
[4.424s] INFO:colcon.colcon_core.shell:Creating environment hook '/home/monkeydluffy/ros2_packages/SLAM-ROS2-Backend/src/install/ldlidar_stl_ros2/share/ldlidar_stl_ros2/hook/cmake_prefix_path.ps1'
[4.426s] INFO:colcon.colcon_core.shell:Creating environment descriptor '/home/monkeydluffy/ros2_packages/SLAM-ROS2-Backend/src/install/ldlidar_stl_ros2/share/ldlidar_stl_ros2/hook/cmake_prefix_path.dsv'
[4.429s] INFO:colcon.colcon_core.shell:Creating environment hook '/home/monkeydluffy/ros2_packages/SLAM-ROS2-Backend/src/install/ldlidar_stl_ros2/share/ldlidar_stl_ros2/hook/cmake_prefix_path.sh'
[4.432s] Level 1:colcon.colcon_core.environment:checking '/home/monkeydluffy/ros2_packages/SLAM-ROS2-Backend/src/install/ldlidar_stl_ros2/lib'
[4.433s] Level 1:colcon.colcon_core.environment:checking '/home/monkeydluffy/ros2_packages/SLAM-ROS2-Backend/src/install/ldlidar_stl_ros2/bin'
[4.434s] Level 1:colcon.colcon_core.environment:checking '/home/monkeydluffy/ros2_packages/SLAM-ROS2-Backend/src/install/ldlidar_stl_ros2/lib/pkgconfig/ldlidar_stl_ros2.pc'
[4.435s] Level 1:colcon.colcon_core.environment:checking '/home/monkeydluffy/ros2_packages/SLAM-ROS2-Backend/src/install/ldlidar_stl_ros2/lib/python3.10/site-packages'
[4.436s] Level 1:colcon.colcon_core.environment:checking '/home/monkeydluffy/ros2_packages/SLAM-ROS2-Backend/src/install/ldlidar_stl_ros2/bin'
[4.438s] INFO:colcon.colcon_core.shell:Creating package script '/home/monkeydluffy/ros2_packages/SLAM-ROS2-Backend/src/install/ldlidar_stl_ros2/share/ldlidar_stl_ros2/package.ps1'
[4.441s] INFO:colcon.colcon_core.shell:Creating package descriptor '/home/monkeydluffy/ros2_packages/SLAM-ROS2-Backend/src/install/ldlidar_stl_ros2/share/ldlidar_stl_ros2/package.dsv'
[4.444s] INFO:colcon.colcon_core.shell:Creating package script '/home/monkeydluffy/ros2_packages/SLAM-ROS2-Backend/src/install/ldlidar_stl_ros2/share/ldlidar_stl_ros2/package.sh'
[4.447s] INFO:colcon.colcon_core.shell:Creating package script '/home/monkeydluffy/ros2_packages/SLAM-ROS2-Backend/src/install/ldlidar_stl_ros2/share/ldlidar_stl_ros2/package.bash'
[4.449s] INFO:colcon.colcon_core.shell:Creating package script '/home/monkeydluffy/ros2_packages/SLAM-ROS2-Backend/src/install/ldlidar_stl_ros2/share/ldlidar_stl_ros2/package.zsh'
[4.452s] Level 1:colcon.colcon_core.environment:create_file_with_runtime_dependencies(/home/monkeydluffy/ros2_packages/SLAM-ROS2-Backend/src/install/ldlidar_stl_ros2/share/colcon-core/packages/ldlidar_stl_ros2)
[6.042s] DEBUG:colcon.colcon_core.event_handler.log_command:Invoking command in '/home/monkeydluffy/ros2_packages/SLAM-ROS2-Backend/src/bno055_driver': PYTHONPATH=/home/monkeydluffy/ros2_packages/SLAM-ROS2-Backend/src/build/bno055_driver/prefix_override:/usr/lib/python3/dist-packages/colcon_core/task/python/colcon_distutils_commands:/home/monkeydluffy/ros2_packages/SLAM-ROS2-Backend/src/install/bno055_driver/lib/python3.10/site-packages:${PYTHONPATH} /usr/bin/python3 -W ignore:setup.py install is deprecated -W ignore:easy_install command is deprecated setup.py egg_info --egg-base ../build/bno055_driver build --build-base /home/monkeydluffy/ros2_packages/SLAM-ROS2-Backend/src/build/bno055_driver/build install --record /home/monkeydluffy/ros2_packages/SLAM-ROS2-Backend/src/build/bno055_driver/install.log --install-scripts $base/lib/bno055_driver --single-version-externally-managed install_data
[6.118s] DEBUG:colcon.colcon_core.event_handler.log_command:Invoking command in '/home/monkeydluffy/ros2_packages/SLAM-ROS2-Backend/src/robot_drive': PYTHONPATH=/home/monkeydluffy/ros2_packages/SLAM-ROS2-Backend/src/build/robot_drive/prefix_override:/usr/lib/python3/dist-packages/colcon_core/task/python/colcon_distutils_commands:/home/monkeydluffy/ros2_packages/SLAM-ROS2-Backend/src/install/robot_drive/lib/python3.10/site-packages:${PYTHONPATH} /usr/bin/python3 -W ignore:setup.py install is deprecated -W ignore:easy_install command is deprecated setup.py egg_info --egg-base ../build/robot_drive build --build-base /home/monkeydluffy/ros2_packages/SLAM-ROS2-Backend/src/build/robot_drive/build install --record /home/monkeydluffy/ros2_packages/SLAM-ROS2-Backend/src/build/robot_drive/install.log --single-version-externally-managed install_data
[7.669s] Level 1:colcon.colcon_core.environment:checking '/home/monkeydluffy/ros2_packages/SLAM-ROS2-Backend/src/install/bno055_driver' for CMake module files
[7.674s] Level 1:colcon.colcon_core.environment:checking '/home/monkeydluffy/ros2_packages/SLAM-ROS2-Backend/src/install/bno055_driver' for CMake config files
[7.684s] DEBUG:colcon.colcon_core.event_handler.log_command:Invoked command in '/home/monkeydluffy/ros2_packages/SLAM-ROS2-Backend/src/bno055_driver' returned '0': PYTHONPATH=/home/monkeydluffy/ros2_packages/SLAM-ROS2-Backend/src/build/bno055_driver/prefix_override:/usr/lib/python3/dist-packages/colcon_core/task/python/colcon_distutils_commands:/home/monkeydluffy/ros2_packages/SLAM-ROS2-Backend/src/install/bno055_driver/lib/python3.10/site-packages:${PYTHONPATH} /usr/bin/python3 -W ignore:setup.py install is deprecated -W ignore:easy_install command is deprecated setup.py egg_info --egg-base ../build/bno055_driver build --build-base /home/monkeydluffy/ros2_packages/SLAM-ROS2-Backend/src/build/bno055_driver/build install --record /home/monkeydluffy/ros2_packages/SLAM-ROS2-Backend/src/build/bno055_driver/install.log --install-scripts $base/lib/bno055_driver --single-version-externally-managed install_data
[7.686s] Level 1:colcon.colcon_core.environment:checking '/home/monkeydluffy/ros2_packages/SLAM-ROS2-Backend/src/install/bno055_driver/lib'
[7.687s] Level 1:colcon.colcon_core.environment:checking '/home/monkeydluffy/ros2_packages/SLAM-ROS2-Backend/src/install/bno055_driver/bin'
[7.688s] Level 1:colcon.colcon_core.environment:checking '/home/monkeydluffy/ros2_packages/SLAM-ROS2-Backend/src/install/bno055_driver/lib/pkgconfig/bno055_driver.pc'
[7.691s] Level 1:colcon.colcon_core.environment:checking '/home/monkeydluffy/ros2_packages/SLAM-ROS2-Backend/src/install/bno055_driver/lib/python3.10/site-packages'
[7.692s] Level 1:colcon.colcon_core.shell:create_environment_hook('bno055_driver', 'pythonpath')
[7.694s] INFO:colcon.colcon_core.shell:Creating environment hook '/home/monkeydluffy/ros2_packages/SLAM-ROS2-Backend/src/install/bno055_driver/share/bno055_driver/hook/pythonpath.ps1'
[7.698s] INFO:colcon.colcon_core.shell:Creating environment descriptor '/home/monkeydluffy/ros2_packages/SLAM-ROS2-Backend/src/install/bno055_driver/share/bno055_driver/hook/pythonpath.dsv'
[7.702s] INFO:colcon.colcon_core.shell:Creating environment hook '/home/monkeydluffy/ros2_packages/SLAM-ROS2-Backend/src/install/bno055_driver/share/bno055_driver/hook/pythonpath.sh'
[7.706s] Level 1:colcon.colcon_core.environment:checking '/home/monkeydluffy/ros2_packages/SLAM-ROS2-Backend/src/install/bno055_driver/bin'
[7.707s] Level 1:colcon.colcon_core.environment:create_environment_scripts_only(bno055_driver)
[7.710s] INFO:colcon.colcon_core.shell:Creating package script '/home/monkeydluffy/ros2_packages/SLAM-ROS2-Backend/src/install/bno055_driver/share/bno055_driver/package.ps1'
[7.717s] INFO:colcon.colcon_core.shell:Creating package descriptor '/home/monkeydluffy/ros2_packages/SLAM-ROS2-Backend/src/install/bno055_driver/share/bno055_driver/package.dsv'
[7.723s] INFO:colcon.colcon_core.shell:Creating package script '/home/monkeydluffy/ros2_packages/SLAM-ROS2-Backend/src/install/bno055_driver/share/bno055_driver/package.sh'
[7.728s] INFO:colcon.colcon_core.shell:Creating package script '/home/monkeydluffy/ros2_packages/SLAM-ROS2-Backend/src/install/bno055_driver/share/bno055_driver/package.bash'
[7.732s] INFO:colcon.colcon_core.shell:Creating package script '/home/monkeydluffy/ros2_packages/SLAM-ROS2-Backend/src/install/bno055_driver/share/bno055_driver/package.zsh'
[7.736s] Level 1:colcon.colcon_core.environment:create_file_with_runtime_dependencies(/home/monkeydluffy/ros2_packages/SLAM-ROS2-Backend/src/install/bno055_driver/share/colcon-core/packages/bno055_driver)
[7.745s] Level 1:colcon.colcon_core.environment:checking '/home/monkeydluffy/ros2_packages/SLAM-ROS2-Backend/src/install/robot_drive' for CMake module files
[7.747s] DEBUG:colcon.colcon_core.event_handler.log_command:Invoked command in '/home/monkeydluffy/ros2_packages/SLAM-ROS2-Backend/src/robot_drive' returned '0': PYTHONPATH=/home/monkeydluffy/ros2_packages/SLAM-ROS2-Backend/src/build/robot_drive/prefix_override:/usr/lib/python3/dist-packages/colcon_core/task/python/colcon_distutils_commands:/home/monkeydluffy/ros2_packages/SLAM-ROS2-Backend/src/install/robot_drive/lib/python3.10/site-packages:${PYTHONPATH} /usr/bin/python3 -W ignore:setup.py install is deprecated -W ignore:easy_install command is deprecated setup.py egg_info --egg-base ../build/robot_drive build --build-base /home/monkeydluffy/ros2_packages/SLAM-ROS2-Backend/src/build/robot_drive/build install --record /home/monkeydluffy/ros2_packages/SLAM-ROS2-Backend/src/build/robot_drive/install.log --single-version-externally-managed install_data
[7.750s] Level 1:colcon.colcon_core.environment:checking '/home/monkeydluffy/ros2_packages/SLAM-ROS2-Backend/src/install/robot_drive' for CMake config files
[7.756s] Level 1:colcon.colcon_core.environment:checking '/home/monkeydluffy/ros2_packages/SLAM-ROS2-Backend/src/install/robot_drive/lib'
[7.757s] Level 1:colcon.colcon_core.environment:checking '/home/monkeydluffy/ros2_packages/SLAM-ROS2-Backend/src/install/robot_drive/bin'
[7.758s] Level 1:colcon.colcon_core.environment:checking '/home/monkeydluffy/ros2_packages/SLAM-ROS2-Backend/src/install/robot_drive/lib/pkgconfig/robot_drive.pc'
[7.759s] Level 1:colcon.colcon_core.environment:checking '/home/monkeydluffy/ros2_packages/SLAM-ROS2-Backend/src/install/robot_drive/lib/python3.10/site-packages'
[7.760s] Level 1:colcon.colcon_core.shell:create_environment_hook('robot_drive', 'pythonpath')
[7.761s] INFO:colcon.colcon_core.shell:Creating environment hook '/home/monkeydluffy/ros2_packages/SLAM-ROS2-Backend/src/install/robot_drive/share/robot_drive/hook/pythonpath.ps1'
[7.764s] INFO:colcon.colcon_core.shell:Creating environment descriptor '/home/monkeydluffy/ros2_packages/SLAM-ROS2-Backend/src/install/robot_drive/share/robot_drive/hook/pythonpath.dsv'
[7.766s] INFO:colcon.colcon_core.shell:Creating environment hook '/home/monkeydluffy/ros2_packages/SLAM-ROS2-Backend/src/install/robot_drive/share/robot_drive/hook/pythonpath.sh'
[7.769s] Level 1:colcon.colcon_core.environment:checking '/home/monkeydluffy/ros2_packages/SLAM-ROS2-Backend/src/install/robot_drive/bin'
[7.769s] Level 1:colcon.colcon_core.environment:create_environment_scripts_only(robot_drive)
[7.770s] INFO:colcon.colcon_core.shell:Creating package script '/home/monkeydluffy/ros2_packages/SLAM-ROS2-Backend/src/install/robot_drive/share/robot_drive/package.ps1'
[7.773s] INFO:colcon.colcon_core.shell:Creating package descriptor '/home/monkeydluffy/ros2_packages/SLAM-ROS2-Backend/src/install/robot_drive/share/robot_drive/package.dsv'
[7.775s] INFO:colcon.colcon_core.shell:Creating package script '/home/monkeydluffy/ros2_packages/SLAM-ROS2-Backend/src/install/robot_drive/share/robot_drive/package.sh'
[7.777s] INFO:colcon.colcon_core.shell:Creating package script '/home/monkeydluffy/ros2_packages/SLAM-ROS2-Backend/src/install/robot_drive/share/robot_drive/package.bash'
[7.779s] INFO:colcon.colcon_core.shell:Creating package script '/home/monkeydluffy/ros2_packages/SLAM-ROS2-Backend/src/install/robot_drive/share/robot_drive/package.zsh'
[7.782s] Level 1:colcon.colcon_core.environment:create_file_with_runtime_dependencies(/home/monkeydluffy/ros2_packages/SLAM-ROS2-Backend/src/install/robot_drive/share/colcon-core/packages/robot_drive)
[7.783s] DEBUG:colcon.colcon_parallel_executor.executor.parallel:closing loop
[7.784s] DEBUG:colcon.colcon_parallel_executor.executor.parallel:loop closed
[7.785s] DEBUG:colcon.colcon_parallel_executor.executor.parallel:run_until_complete finished with '0'
[7.785s] DEBUG:colcon.colcon_core.event_reactor:joining thread
[7.807s] INFO:colcon.colcon_core.plugin_system:Skipping extension 'colcon_notification.desktop_notification.terminal_notifier': Not used on non-Darwin systems
[7.807s] INFO:colcon.colcon_core.plugin_system:Skipping extension 'colcon_notification.desktop_notification.win32': Not used on non-Windows systems
[7.808s] INFO:colcon.colcon_notification.desktop_notification:Sending desktop notification using 'notify2'
[7.812s] DEBUG:colcon.colcon_notification.desktop_notification.notify2:Failed to initialize notify2: org.freedesktop.DBus.Error.ServiceUnknown: The name org.freedesktop.Notifications was not provided by any .service files
[7.813s] DEBUG:colcon.colcon_core.event_reactor:joined thread
[7.814s] INFO:colcon.colcon_core.shell:Creating prefix script '/home/monkeydluffy/ros2_packages/SLAM-ROS2-Backend/src/install/local_setup.ps1'
[7.819s] INFO:colcon.colcon_core.shell:Creating prefix util module '/home/monkeydluffy/ros2_packages/SLAM-ROS2-Backend/src/install/_local_setup_util_ps1.py'
[7.825s] INFO:colcon.colcon_core.shell:Creating prefix chain script '/home/monkeydluffy/ros2_packages/SLAM-ROS2-Backend/src/install/setup.ps1'
[7.830s] INFO:colcon.colcon_core.shell:Creating prefix script '/home/monkeydluffy/ros2_packages/SLAM-ROS2-Backend/src/install/local_setup.sh'
[7.833s] INFO:colcon.colcon_core.shell:Creating prefix util module '/home/monkeydluffy/ros2_packages/SLAM-ROS2-Backend/src/install/_local_setup_util_sh.py'
[7.836s] INFO:colcon.colcon_core.shell:Creating prefix chain script '/home/monkeydluffy/ros2_packages/SLAM-ROS2-Backend/src/install/setup.sh'
[7.840s] INFO:colcon.colcon_core.shell:Creating prefix script '/home/monkeydluffy/ros2_packages/SLAM-ROS2-Backend/src/install/local_setup.bash'
[7.843s] INFO:colcon.colcon_core.shell:Creating prefix chain script '/home/monkeydluffy/ros2_packages/SLAM-ROS2-Backend/src/install/setup.bash'
[7.847s] INFO:colcon.colcon_core.shell:Creating prefix script '/home/monkeydluffy/ros2_packages/SLAM-ROS2-Backend/src/install/local_setup.zsh'
[7.849s] INFO:colcon.colcon_core.shell:Creating prefix chain script '/home/monkeydluffy/ros2_packages/SLAM-ROS2-Backend/src/install/setup.zsh'
