[1.188s] Invoking command in '/home/monkeydluffy/SLAM-ROS2-Backend/build/robot_drive': DEBUGINFOD_URLS=https://debuginfod.ubuntu.com PS1=(venv) \[\e]0;\u@\h: \w\a\]${debian_chroot:+($debian_chroot)}\[\033[01;32m\]\u@\h\[\033[00m\]:\[\033[01;34m\]\w\[\033[00m\]\$ PYTHONPATH=/home/monkeydluffy/SLAM-ROS2-Backend/build/robot_drive/prefix_override:/usr/lib/python3/dist-packages/colcon_core/task/python/colcon_distutils_commands:/home/monkeydluffy/SLAM-ROS2-Backend/install/robot_drive/lib/python3.12/site-packages:${PYTHONPATH} /usr/bin/python3 -W ignore:setup.py install is deprecated -W ignore:easy_install command is deprecated setup.py develop --uninstall --editable --build-directory /home/monkeydluffy/SLAM-ROS2-Backend/build/robot_drive/build
[1.601s] running develop
[1.864s] Removing /home/monkeydluffy/SLAM-ROS2-Backend/install/robot_drive/lib/python3.12/site-packages/robot-drive.egg-link (link to .)
[1.951s] Invoked command in '/home/monkeydluffy/SLAM-ROS2-Backend/build/robot_drive' returned '0': DEBUGINFOD_URLS=https://debuginfod.ubuntu.com PS1=(venv) \[\e]0;\u@\h: \w\a\]${debian_chroot:+($debian_chroot)}\[\033[01;32m\]\u@\h\[\033[00m\]:\[\033[01;34m\]\w\[\033[00m\]\$ PYTHONPATH=/home/monkeydluffy/SLAM-ROS2-Backend/build/robot_drive/prefix_override:/usr/lib/python3/dist-packages/colcon_core/task/python/colcon_distutils_commands:/home/monkeydluffy/SLAM-ROS2-Backend/install/robot_drive/lib/python3.12/site-packages:${PYTHONPATH} /usr/bin/python3 -W ignore:setup.py install is deprecated -W ignore:easy_install command is deprecated setup.py develop --uninstall --editable --build-directory /home/monkeydluffy/SLAM-ROS2-Backend/build/robot_drive/build
[1.953s] Invoking command in '/home/monkeydluffy/SLAM-ROS2-Backend/robot_drive': DEBUGINFOD_URLS=https://debuginfod.ubuntu.com PS1=(venv) \[\e]0;\u@\h: \w\a\]${debian_chroot:+($debian_chroot)}\[\033[01;32m\]\u@\h\[\033[00m\]:\[\033[01;34m\]\w\[\033[00m\]\$ PYTHONPATH=/home/monkeydluffy/SLAM-ROS2-Backend/build/robot_drive/prefix_override:/usr/lib/python3/dist-packages/colcon_core/task/python/colcon_distutils_commands:/home/monkeydluffy/SLAM-ROS2-Backend/install/robot_drive/lib/python3.12/site-packages:${PYTHONPATH} /usr/bin/python3 -W ignore:setup.py install is deprecated -W ignore:easy_install command is deprecated setup.py egg_info --egg-base ../build/robot_drive build --build-base /home/monkeydluffy/SLAM-ROS2-Backend/build/robot_drive/build install --record /home/monkeydluffy/SLAM-ROS2-Backend/build/robot_drive/install.log --single-version-externally-managed install_data --force
[2.313s] running egg_info
[2.338s] writing ../build/robot_drive/robot_drive.egg-info/PKG-INFO
[2.339s] writing dependency_links to ../build/robot_drive/robot_drive.egg-info/dependency_links.txt
[2.348s] writing entry points to ../build/robot_drive/robot_drive.egg-info/entry_points.txt
[2.348s] writing requirements to ../build/robot_drive/robot_drive.egg-info/requires.txt
[2.357s] writing top-level names to ../build/robot_drive/robot_drive.egg-info/top_level.txt
[2.414s] reading manifest file '../build/robot_drive/robot_drive.egg-info/SOURCES.txt'
[2.414s] adding license file 'LICENSE'
[2.415s] writing manifest file '../build/robot_drive/robot_drive.egg-info/SOURCES.txt'
[2.415s] running build
[2.415s] running build_py
[2.416s] running install
[2.425s] running install_lib
[2.451s] creating /home/monkeydluffy/SLAM-ROS2-Backend/install/robot_drive/lib/python3.12/site-packages/robot_drive
[2.452s] copying /home/monkeydluffy/SLAM-ROS2-Backend/build/robot_drive/build/lib/robot_drive/joy_node.py -> /home/monkeydluffy/SLAM-ROS2-Backend/install/robot_drive/lib/python3.12/site-packages/robot_drive
[2.452s] copying /home/monkeydluffy/SLAM-ROS2-Backend/build/robot_drive/build/lib/robot_drive/send_power.py -> /home/monkeydluffy/SLAM-ROS2-Backend/install/robot_drive/lib/python3.12/site-packages/robot_drive
[2.452s] copying /home/monkeydluffy/SLAM-ROS2-Backend/build/robot_drive/build/lib/robot_drive/__init__.py -> /home/monkeydluffy/SLAM-ROS2-Backend/install/robot_drive/lib/python3.12/site-packages/robot_drive
[2.452s] byte-compiling /home/monkeydluffy/SLAM-ROS2-Backend/install/robot_drive/lib/python3.12/site-packages/robot_drive/joy_node.py to joy_node.cpython-312.pyc
[2.453s] byte-compiling /home/monkeydluffy/SLAM-ROS2-Backend/install/robot_drive/lib/python3.12/site-packages/robot_drive/send_power.py to send_power.cpython-312.pyc
[2.454s] byte-compiling /home/monkeydluffy/SLAM-ROS2-Backend/install/robot_drive/lib/python3.12/site-packages/robot_drive/__init__.py to __init__.cpython-312.pyc
[2.454s] running install_data
[2.454s] copying resource/robot_drive -> /home/monkeydluffy/SLAM-ROS2-Backend/install/robot_drive/share/ament_index/resource_index/packages
[2.454s] copying package.xml -> /home/monkeydluffy/SLAM-ROS2-Backend/install/robot_drive/share/robot_drive
[2.455s] running install_egg_info
[2.482s] Copying ../build/robot_drive/robot_drive.egg-info to /home/monkeydluffy/SLAM-ROS2-Backend/install/robot_drive/lib/python3.12/site-packages/robot_drive-0.0.0-py3.12.egg-info
[2.483s] running install_scripts
[2.676s] Installing joy_node script to /home/monkeydluffy/SLAM-ROS2-Backend/install/robot_drive/lib/robot_drive
[2.677s] Installing send_power script to /home/monkeydluffy/SLAM-ROS2-Backend/install/robot_drive/lib/robot_drive
[2.678s] writing list of installed files to '/home/monkeydluffy/SLAM-ROS2-Backend/build/robot_drive/install.log'
[2.787s] Invoked command in '/home/monkeydluffy/SLAM-ROS2-Backend/robot_drive' returned '0': DEBUGINFOD_URLS=https://debuginfod.ubuntu.com PS1=(venv) \[\e]0;\u@\h: \w\a\]${debian_chroot:+($debian_chroot)}\[\033[01;32m\]\u@\h\[\033[00m\]:\[\033[01;34m\]\w\[\033[00m\]\$ PYTHONPATH=/home/monkeydluffy/SLAM-ROS2-Backend/build/robot_drive/prefix_override:/usr/lib/python3/dist-packages/colcon_core/task/python/colcon_distutils_commands:/home/monkeydluffy/SLAM-ROS2-Backend/install/robot_drive/lib/python3.12/site-packages:${PYTHONPATH} /usr/bin/python3 -W ignore:setup.py install is deprecated -W ignore:easy_install command is deprecated setup.py egg_info --egg-base ../build/robot_drive build --build-base /home/monkeydluffy/SLAM-ROS2-Backend/build/robot_drive/build install --record /home/monkeydluffy/SLAM-ROS2-Backend/build/robot_drive/install.log --single-version-externally-managed install_data --force
