[0.572s] Invoking command in '/home/tarkin/rover_ws/robot_drive': PYTHONPATH=/home/tarkin/rover_ws/build/robot_drive/prefix_override:/usr/lib/python3/dist-packages/colcon_core/task/python/colcon_distutils_commands:/home/tarkin/rover_ws/install/robot_drive/lib/python3.10/site-packages:${PYTHONPATH} /usr/bin/python3 -W ignore:setup.py install is deprecated -W ignore:easy_install command is deprecated setup.py egg_info --egg-base ../build/robot_drive build --build-base /home/tarkin/rover_ws/build/robot_drive/build install --record /home/tarkin/rover_ws/build/robot_drive/install.log --single-version-externally-managed install_data
[0.799s] running egg_info
[0.800s] creating ../build/robot_drive/robot_drive.egg-info
[0.800s] writing ../build/robot_drive/robot_drive.egg-info/PKG-INFO
[0.800s] writing dependency_links to ../build/robot_drive/robot_drive.egg-info/dependency_links.txt
[0.800s] writing entry points to ../build/robot_drive/robot_drive.egg-info/entry_points.txt
[0.800s] writing requirements to ../build/robot_drive/robot_drive.egg-info/requires.txt
[0.800s] writing top-level names to ../build/robot_drive/robot_drive.egg-info/top_level.txt
[0.800s] writing manifest file '../build/robot_drive/robot_drive.egg-info/SOURCES.txt'
[0.802s] reading manifest file '../build/robot_drive/robot_drive.egg-info/SOURCES.txt'
[0.802s] adding license file 'LICENSE'
[0.802s] writing manifest file '../build/robot_drive/robot_drive.egg-info/SOURCES.txt'
[0.803s] running build
[0.803s] running build_py
[0.803s] creating /home/tarkin/rover_ws/build/robot_drive/build
[0.803s] creating /home/tarkin/rover_ws/build/robot_drive/build/lib
[0.803s] creating /home/tarkin/rover_ws/build/robot_drive/build/lib/robot_drive
[0.803s] copying robot_drive/__init__.py -> /home/tarkin/rover_ws/build/robot_drive/build/lib/robot_drive
[0.803s] copying robot_drive/joy_node.py -> /home/tarkin/rover_ws/build/robot_drive/build/lib/robot_drive
[0.803s] copying robot_drive/send_power.py -> /home/tarkin/rover_ws/build/robot_drive/build/lib/robot_drive
[0.803s] running install
[0.803s] running install_lib
[0.804s] creating /home/tarkin/rover_ws/install/robot_drive/lib/python3.10/site-packages/robot_drive
[0.804s] copying /home/tarkin/rover_ws/build/robot_drive/build/lib/robot_drive/__init__.py -> /home/tarkin/rover_ws/install/robot_drive/lib/python3.10/site-packages/robot_drive
[0.804s] copying /home/tarkin/rover_ws/build/robot_drive/build/lib/robot_drive/joy_node.py -> /home/tarkin/rover_ws/install/robot_drive/lib/python3.10/site-packages/robot_drive
[0.804s] copying /home/tarkin/rover_ws/build/robot_drive/build/lib/robot_drive/send_power.py -> /home/tarkin/rover_ws/install/robot_drive/lib/python3.10/site-packages/robot_drive
[0.805s] byte-compiling /home/tarkin/rover_ws/install/robot_drive/lib/python3.10/site-packages/robot_drive/__init__.py to __init__.cpython-310.pyc
[0.805s] byte-compiling /home/tarkin/rover_ws/install/robot_drive/lib/python3.10/site-packages/robot_drive/joy_node.py to joy_node.cpython-310.pyc
[0.806s] byte-compiling /home/tarkin/rover_ws/install/robot_drive/lib/python3.10/site-packages/robot_drive/send_power.py to send_power.cpython-310.pyc
[0.806s] running install_data
[0.806s] creating /home/tarkin/rover_ws/install/robot_drive/share/ament_index
[0.806s] creating /home/tarkin/rover_ws/install/robot_drive/share/ament_index/resource_index
[0.806s] creating /home/tarkin/rover_ws/install/robot_drive/share/ament_index/resource_index/packages
[0.806s] copying resource/robot_drive -> /home/tarkin/rover_ws/install/robot_drive/share/ament_index/resource_index/packages
[0.806s] copying package.xml -> /home/tarkin/rover_ws/install/robot_drive/share/robot_drive
[0.806s] running install_egg_info
[0.808s] Copying ../build/robot_drive/robot_drive.egg-info to /home/tarkin/rover_ws/install/robot_drive/lib/python3.10/site-packages/robot_drive-0.0.0-py3.10.egg-info
[0.809s] running install_scripts
[0.828s] Installing joy_node script to /home/tarkin/rover_ws/install/robot_drive/lib/robot_drive
[0.829s] Installing send_power script to /home/tarkin/rover_ws/install/robot_drive/lib/robot_drive
[0.829s] writing list of installed files to '/home/tarkin/rover_ws/build/robot_drive/install.log'
[0.851s] Invoked command in '/home/tarkin/rover_ws/robot_drive' returned '0': PYTHONPATH=/home/tarkin/rover_ws/build/robot_drive/prefix_override:/usr/lib/python3/dist-packages/colcon_core/task/python/colcon_distutils_commands:/home/tarkin/rover_ws/install/robot_drive/lib/python3.10/site-packages:${PYTHONPATH} /usr/bin/python3 -W ignore:setup.py install is deprecated -W ignore:easy_install command is deprecated setup.py egg_info --egg-base ../build/robot_drive build --build-base /home/tarkin/rover_ws/build/robot_drive/build install --record /home/tarkin/rover_ws/build/robot_drive/install.log --single-version-externally-managed install_data
