[3.278s] Invoking command in '/home/monkeydluffy/ros2_packages/SLAM-ROS2-Backend/src/robot_drive': PYTHONPATH=/home/monkeydluffy/ros2_packages/SLAM-ROS2-Backend/build/robot_drive/prefix_override:/usr/lib/python3/dist-packages/colcon_core/task/python/colcon_distutils_commands:/home/monkeydluffy/ros2_packages/SLAM-ROS2-Backend/install/robot_drive/lib/python3.10/site-packages:${PYTHONPATH} /usr/bin/python3 -W ignore:setup.py install is deprecated -W ignore:easy_install command is deprecated setup.py egg_info --egg-base ../../build/robot_drive build --build-base /home/monkeydluffy/ros2_packages/SLAM-ROS2-Backend/build/robot_drive/build install --record /home/monkeydluffy/ros2_packages/SLAM-ROS2-Backend/build/robot_drive/install.log --single-version-externally-managed install_data
[4.530s] running egg_info
[4.533s] writing ../../build/robot_drive/robot_drive.egg-info/PKG-INFO
[4.534s] writing dependency_links to ../../build/robot_drive/robot_drive.egg-info/dependency_links.txt
[4.534s] writing entry points to ../../build/robot_drive/robot_drive.egg-info/entry_points.txt
[4.535s] writing requirements to ../../build/robot_drive/robot_drive.egg-info/requires.txt
[4.536s] writing top-level names to ../../build/robot_drive/robot_drive.egg-info/top_level.txt
[4.544s] reading manifest file '../../build/robot_drive/robot_drive.egg-info/SOURCES.txt'
[4.545s] adding license file 'LICENSE'
[4.548s] writing manifest file '../../build/robot_drive/robot_drive.egg-info/SOURCES.txt'
[4.549s] running build
[4.549s] running build_py
[4.550s] copying robot_drive/pwm_convert.py -> /home/monkeydluffy/ros2_packages/SLAM-ROS2-Backend/build/robot_drive/build/lib/robot_drive
[4.552s] running install
[4.554s] running install_lib
[4.558s] copying /home/monkeydluffy/ros2_packages/SLAM-ROS2-Backend/build/robot_drive/build/lib/robot_drive/pwm_convert.py -> /home/monkeydluffy/ros2_packages/SLAM-ROS2-Backend/install/robot_drive/lib/python3.10/site-packages/robot_drive
[4.562s] byte-compiling /home/monkeydluffy/ros2_packages/SLAM-ROS2-Backend/install/robot_drive/lib/python3.10/site-packages/robot_drive/pwm_convert.py to pwm_convert.cpython-310.pyc
[4.565s] running install_data
[4.566s] running install_egg_info
[4.572s] removing '/home/monkeydluffy/ros2_packages/SLAM-ROS2-Backend/install/robot_drive/lib/python3.10/site-packages/robot_drive-0.0.0-py3.10.egg-info' (and everything under it)
[4.574s] Copying ../../build/robot_drive/robot_drive.egg-info to /home/monkeydluffy/ros2_packages/SLAM-ROS2-Backend/install/robot_drive/lib/python3.10/site-packages/robot_drive-0.0.0-py3.10.egg-info
[4.579s] running install_scripts
[4.653s] Installing joy_node script to /home/monkeydluffy/ros2_packages/SLAM-ROS2-Backend/install/robot_drive/lib/robot_drive
[4.654s] Installing pwm script to /home/monkeydluffy/ros2_packages/SLAM-ROS2-Backend/install/robot_drive/lib/robot_drive
[4.655s] Installing send_power script to /home/monkeydluffy/ros2_packages/SLAM-ROS2-Backend/install/robot_drive/lib/robot_drive
[4.657s] writing list of installed files to '/home/monkeydluffy/ros2_packages/SLAM-ROS2-Backend/build/robot_drive/install.log'
[4.770s] Invoked command in '/home/monkeydluffy/ros2_packages/SLAM-ROS2-Backend/src/robot_drive' returned '0': PYTHONPATH=/home/monkeydluffy/ros2_packages/SLAM-ROS2-Backend/build/robot_drive/prefix_override:/usr/lib/python3/dist-packages/colcon_core/task/python/colcon_distutils_commands:/home/monkeydluffy/ros2_packages/SLAM-ROS2-Backend/install/robot_drive/lib/python3.10/site-packages:${PYTHONPATH} /usr/bin/python3 -W ignore:setup.py install is deprecated -W ignore:easy_install command is deprecated setup.py egg_info --egg-base ../../build/robot_drive build --build-base /home/monkeydluffy/ros2_packages/SLAM-ROS2-Backend/build/robot_drive/build install --record /home/monkeydluffy/ros2_packages/SLAM-ROS2-Backend/build/robot_drive/install.log --single-version-externally-managed install_data
