[0.149s] DEBUG:colcon:Command line arguments: ['/usr/bin/colcon', 'build', '--symlink-install']
[0.149s] DEBUG:colcon:Parsed command line arguments: Namespace(log_base=None, log_level=None, verb_name='build', build_base='build', install_base='install', merge_install=False, symlink_install=True, test_result_base=None, continue_on_error=False, executor='parallel', parallel_workers=4, event_handlers=None, ignore_user_meta=False, metas=['./colcon.meta'], base_paths=['.'], packages_ignore=None, packages_ignore_regex=None, paths=None, packages_up_to=None, packages_up_to_regex=None, packages_above=None, packages_above_and_dependencies=None, packages_above_depth=None, packages_select_by_dep=None, packages_skip_by_dep=None, packages_skip_up_to=None, packages_select_build_failed=False, packages_skip_build_finished=False, packages_select_test_failures=False, packages_skip_test_passed=False, packages_select=None, packages_skip=None, packages_select_regex=None, packages_skip_regex=None, packages_start=None, packages_end=None, allow_overriding=[], cmake_args=None, cmake_target=None, cmake_target_skip_unavailable=False, cmake_clean_cache=False, cmake_clean_first=False, cmake_force_configure=False, ament_cmake_args=None, catkin_cmake_args=None, catkin_skip_building_tests=False, mixin_files=None, mixin=None, verb_parser=<colcon_mixin.mixin.mixin_argument.MixinArgumentDecorator object at 0xffffb665c1a0>, verb_extension=<colcon_core.verb.build.BuildVerb object at 0xffffb67ccd70>, main=<bound method BuildVerb.main of <colcon_core.verb.build.BuildVerb object at 0xffffb67ccd70>>, mixin_verb=('build',))
[0.207s] Level 1:colcon.colcon_core.package_discovery:discover_packages(colcon_meta) check parameters
[0.207s] Level 1:colcon.colcon_core.package_discovery:discover_packages(recursive) check parameters
[0.207s] Level 1:colcon.colcon_core.package_discovery:discover_packages(ignore) check parameters
[0.207s] Level 1:colcon.colcon_core.package_discovery:discover_packages(path) check parameters
[0.207s] Level 1:colcon.colcon_core.package_discovery:discover_packages(colcon_meta) discover
[0.207s] Level 1:colcon.colcon_core.package_discovery:discover_packages(recursive) discover
[0.208s] INFO:colcon.colcon_core.package_discovery:Crawling recursively for packages in '/home/monkeydluffy/SLAM-ROS2-Backend'
[0.208s] Level 1:colcon.colcon_core.package_identification:_identify(.) by extensions ['ignore', 'ignore_ament_install']
[0.208s] Level 1:colcon.colcon_core.package_identification:_identify(.) by extension 'ignore'
[0.208s] Level 1:colcon.colcon_core.package_identification:_identify(.) by extension 'ignore_ament_install'
[0.208s] Level 1:colcon.colcon_core.package_identification:_identify(.) by extensions ['colcon_pkg']
[0.208s] Level 1:colcon.colcon_core.package_identification:_identify(.) by extension 'colcon_pkg'
[0.208s] Level 1:colcon.colcon_core.package_identification:_identify(.) by extensions ['colcon_meta']
[0.208s] Level 1:colcon.colcon_core.package_identification:_identify(.) by extension 'colcon_meta'
[0.208s] Level 1:colcon.colcon_core.package_identification:_identify(.) by extensions ['ros']
[0.208s] Level 1:colcon.colcon_core.package_identification:_identify(.) by extension 'ros'
[0.248s] Level 1:colcon.colcon_core.package_identification:_identify(.) by extensions ['cmake', 'python']
[0.248s] Level 1:colcon.colcon_core.package_identification:_identify(.) by extension 'cmake'
[0.248s] Level 1:colcon.colcon_core.package_identification:_identify(.) by extension 'python'
[0.248s] Level 1:colcon.colcon_core.package_identification:_identify(.) by extensions ['python_setup_py']
[0.248s] Level 1:colcon.colcon_core.package_identification:_identify(.) by extension 'python_setup_py'
[0.248s] Level 1:colcon.colcon_core.package_identification:_identify(build) by extensions ['ignore', 'ignore_ament_install']
[0.248s] Level 1:colcon.colcon_core.package_identification:_identify(build) by extension 'ignore'
[0.248s] Level 1:colcon.colcon_core.package_identification:_identify(build) ignored
[0.248s] Level 1:colcon.colcon_core.package_identification:_identify(install) by extensions ['ignore', 'ignore_ament_install']
[0.249s] Level 1:colcon.colcon_core.package_identification:_identify(install) by extension 'ignore'
[0.249s] Level 1:colcon.colcon_core.package_identification:_identify(install) ignored
[0.249s] Level 1:colcon.colcon_core.package_identification:_identify(log) by extensions ['ignore', 'ignore_ament_install']
[0.249s] Level 1:colcon.colcon_core.package_identification:_identify(log) by extension 'ignore'
[0.249s] Level 1:colcon.colcon_core.package_identification:_identify(log) ignored
[0.249s] Level 1:colcon.colcon_core.package_identification:_identify(robot_drive) by extensions ['ignore', 'ignore_ament_install']
[0.249s] Level 1:colcon.colcon_core.package_identification:_identify(robot_drive) by extension 'ignore'
[0.249s] Level 1:colcon.colcon_core.package_identification:_identify(robot_drive) by extension 'ignore_ament_install'
[0.249s] Level 1:colcon.colcon_core.package_identification:_identify(robot_drive) by extensions ['colcon_pkg']
[0.249s] Level 1:colcon.colcon_core.package_identification:_identify(robot_drive) by extension 'colcon_pkg'
[0.249s] Level 1:colcon.colcon_core.package_identification:_identify(robot_drive) by extensions ['colcon_meta']
[0.249s] Level 1:colcon.colcon_core.package_identification:_identify(robot_drive) by extension 'colcon_meta'
[0.249s] Level 1:colcon.colcon_core.package_identification:_identify(robot_drive) by extensions ['ros']
[0.249s] Level 1:colcon.colcon_core.package_identification:_identify(robot_drive) by extension 'ros'
[0.252s] DEBUG:colcon.colcon_core.package_identification:Package 'robot_drive' with type 'ros.ament_python' and name 'robot_drive'
[0.253s] Level 1:colcon.colcon_core.package_identification:_identify(venv) by extensions ['ignore', 'ignore_ament_install']
[0.253s] Level 1:colcon.colcon_core.package_identification:_identify(venv) by extension 'ignore'
[0.253s] Level 1:colcon.colcon_core.package_identification:_identify(venv) ignored
[0.253s] Level 1:colcon.colcon_core.package_discovery:discover_packages(recursive) using defaults
[0.253s] Level 1:colcon.colcon_core.package_discovery:discover_packages(ignore) discover
[0.253s] Level 1:colcon.colcon_core.package_discovery:discover_packages(ignore) using defaults
[0.253s] Level 1:colcon.colcon_core.package_discovery:discover_packages(path) discover
[0.253s] Level 1:colcon.colcon_core.package_discovery:discover_packages(path) using defaults
[0.276s] Level 1:colcon.colcon_core.package_discovery:discover_packages(prefix_path) check parameters
[0.276s] Level 1:colcon.colcon_core.package_discovery:discover_packages(prefix_path) discover
[0.278s] DEBUG:colcon.colcon_installed_package_information.package_discovery:Found 1 installed packages in /home/monkeydluffy/SLAM-ROS2-Backend/install
[0.280s] DEBUG:colcon.colcon_installed_package_information.package_discovery:Found 285 installed packages in /opt/ros/jazzy
[0.281s] Level 1:colcon.colcon_core.package_discovery:discover_packages(prefix_path) using defaults
[0.340s] Level 5:colcon.colcon_core.verb:set package 'robot_drive' build argument 'cmake_args' from command line to 'None'
[0.341s] Level 5:colcon.colcon_core.verb:set package 'robot_drive' build argument 'cmake_target' from command line to 'None'
[0.341s] Level 5:colcon.colcon_core.verb:set package 'robot_drive' build argument 'cmake_target_skip_unavailable' from command line to 'False'
[0.341s] Level 5:colcon.colcon_core.verb:set package 'robot_drive' build argument 'cmake_clean_cache' from command line to 'False'
[0.341s] Level 5:colcon.colcon_core.verb:set package 'robot_drive' build argument 'cmake_clean_first' from command line to 'False'
[0.341s] Level 5:colcon.colcon_core.verb:set package 'robot_drive' build argument 'cmake_force_configure' from command line to 'False'
[0.341s] Level 5:colcon.colcon_core.verb:set package 'robot_drive' build argument 'ament_cmake_args' from command line to 'None'
[0.341s] Level 5:colcon.colcon_core.verb:set package 'robot_drive' build argument 'catkin_cmake_args' from command line to 'None'
[0.341s] Level 5:colcon.colcon_core.verb:set package 'robot_drive' build argument 'catkin_skip_building_tests' from command line to 'False'
[0.341s] DEBUG:colcon.colcon_core.verb:Building package 'robot_drive' with the following arguments: {'ament_cmake_args': None, 'build_base': '/home/monkeydluffy/SLAM-ROS2-Backend/build/robot_drive', 'catkin_cmake_args': None, 'catkin_skip_building_tests': False, 'cmake_args': None, 'cmake_clean_cache': False, 'cmake_clean_first': False, 'cmake_force_configure': False, 'cmake_target': None, 'cmake_target_skip_unavailable': False, 'install_base': '/home/monkeydluffy/SLAM-ROS2-Backend/install/robot_drive', 'merge_install': False, 'path': '/home/monkeydluffy/SLAM-ROS2-Backend/robot_drive', 'symlink_install': True, 'test_result_base': None}
[0.341s] INFO:colcon.colcon_core.executor:Executing jobs using 'parallel' executor
[0.342s] DEBUG:colcon.colcon_parallel_executor.executor.parallel:run_until_complete
[0.343s] INFO:colcon.colcon_ros.task.ament_python.build:Building ROS package in '/home/monkeydluffy/SLAM-ROS2-Backend/robot_drive' with build type 'ament_python'
[0.343s] Level 1:colcon.colcon_core.shell:create_environment_hook('robot_drive', 'ament_prefix_path')
[0.345s] INFO:colcon.colcon_core.plugin_system:Skipping extension 'colcon_core.shell.bat': Not used on non-Windows systems
[0.346s] INFO:colcon.colcon_core.shell:Creating environment hook '/home/monkeydluffy/SLAM-ROS2-Backend/install/robot_drive/share/robot_drive/hook/ament_prefix_path.ps1'
[0.346s] INFO:colcon.colcon_core.shell:Creating environment descriptor '/home/monkeydluffy/SLAM-ROS2-Backend/install/robot_drive/share/robot_drive/hook/ament_prefix_path.dsv'
[0.350s] INFO:colcon.colcon_core.shell:Creating environment hook '/home/monkeydluffy/SLAM-ROS2-Backend/install/robot_drive/share/robot_drive/hook/ament_prefix_path.sh'
[0.353s] INFO:colcon.colcon_core.shell:Skip shell extension 'powershell' for command environment: Not usable outside of PowerShell
[0.353s] DEBUG:colcon.colcon_core.shell:Skip shell extension 'dsv' for command environment
[0.677s] INFO:colcon.colcon_core.task.python.build:Building Python package in '/home/monkeydluffy/SLAM-ROS2-Backend/robot_drive'
[0.677s] INFO:colcon.colcon_core.shell:Skip shell extension 'powershell' for command environment: Not usable outside of PowerShell
[0.677s] DEBUG:colcon.colcon_core.shell:Skip shell extension 'dsv' for command environment
[1.523s] DEBUG:colcon.colcon_core.task.python.build:While undoing a previous installation files outside the Python library path are being ignored: /home/monkeydluffy/SLAM-ROS2-Backend/install/robot_drive/share/ament_index/resource_index/packages/robot_drive
[1.523s] DEBUG:colcon.colcon_core.task.python.build:While undoing a previous installation files outside the Python library path are being ignored: /home/monkeydluffy/SLAM-ROS2-Backend/install/robot_drive/share/robot_drive/package.xml
[1.524s] DEBUG:colcon.colcon_core.task.python.build:While undoing a previous installation files outside the Python library path are being ignored: /home/monkeydluffy/SLAM-ROS2-Backend/install/robot_drive/lib/robot_drive/joy_node
[1.524s] DEBUG:colcon.colcon_core.task.python.build:While undoing a previous installation files outside the Python library path are being ignored: /home/monkeydluffy/SLAM-ROS2-Backend/install/robot_drive/lib/robot_drive/send_power
[1.528s] DEBUG:colcon.colcon_core.event_handler.log_command:Invoking command in '/home/monkeydluffy/SLAM-ROS2-Backend/build/robot_drive': DEBUGINFOD_URLS=https://debuginfod.ubuntu.com PS1=(venv) \[\e]0;\u@\h: \w\a\]${debian_chroot:+($debian_chroot)}\[\033[01;32m\]\u@\h\[\033[00m\]:\[\033[01;34m\]\w\[\033[00m\]\$ PYTHONPATH=/home/monkeydluffy/SLAM-ROS2-Backend/build/robot_drive/prefix_override:/usr/lib/python3/dist-packages/colcon_core/task/python/colcon_distutils_commands:/home/monkeydluffy/SLAM-ROS2-Backend/install/robot_drive/lib/python3.12/site-packages:${PYTHONPATH} /usr/bin/python3 -W ignore:setup.py install is deprecated -W ignore:easy_install command is deprecated setup.py develop --editable --build-directory /home/monkeydluffy/SLAM-ROS2-Backend/build/robot_drive/build --no-deps symlink_data --force
[2.425s] Level 1:colcon.colcon_core.shell:create_environment_hook('robot_drive', 'pythonpath_develop')
[2.426s] INFO:colcon.colcon_core.shell:Creating environment hook '/home/monkeydluffy/SLAM-ROS2-Backend/build/robot_drive/share/robot_drive/hook/pythonpath_develop.ps1'
[2.426s] DEBUG:colcon.colcon_core.event_handler.log_command:Invoked command in '/home/monkeydluffy/SLAM-ROS2-Backend/build/robot_drive' returned '0': DEBUGINFOD_URLS=https://debuginfod.ubuntu.com PS1=(venv) \[\e]0;\u@\h: \w\a\]${debian_chroot:+($debian_chroot)}\[\033[01;32m\]\u@\h\[\033[00m\]:\[\033[01;34m\]\w\[\033[00m\]\$ PYTHONPATH=/home/monkeydluffy/SLAM-ROS2-Backend/build/robot_drive/prefix_override:/usr/lib/python3/dist-packages/colcon_core/task/python/colcon_distutils_commands:/home/monkeydluffy/SLAM-ROS2-Backend/install/robot_drive/lib/python3.12/site-packages:${PYTHONPATH} /usr/bin/python3 -W ignore:setup.py install is deprecated -W ignore:easy_install command is deprecated setup.py develop --editable --build-directory /home/monkeydluffy/SLAM-ROS2-Backend/build/robot_drive/build --no-deps symlink_data --force
[2.427s] INFO:colcon.colcon_core.shell:Creating environment descriptor '/home/monkeydluffy/SLAM-ROS2-Backend/build/robot_drive/share/robot_drive/hook/pythonpath_develop.dsv'
[2.429s] INFO:colcon.colcon_core.shell:Creating environment hook '/home/monkeydluffy/SLAM-ROS2-Backend/build/robot_drive/share/robot_drive/hook/pythonpath_develop.sh'
[2.432s] Level 1:colcon.colcon_core.environment:checking '/home/monkeydluffy/SLAM-ROS2-Backend/install/robot_drive' for CMake module files
[2.433s] Level 1:colcon.colcon_core.environment:checking '/home/monkeydluffy/SLAM-ROS2-Backend/install/robot_drive' for CMake config files
[2.434s] Level 1:colcon.colcon_core.environment:checking '/home/monkeydluffy/SLAM-ROS2-Backend/install/robot_drive/lib'
[2.434s] Level 1:colcon.colcon_core.environment:checking '/home/monkeydluffy/SLAM-ROS2-Backend/install/robot_drive/bin'
[2.434s] Level 1:colcon.colcon_core.environment:checking '/home/monkeydluffy/SLAM-ROS2-Backend/install/robot_drive/lib/pkgconfig/robot_drive.pc'
[2.435s] Level 1:colcon.colcon_core.environment:checking '/home/monkeydluffy/SLAM-ROS2-Backend/install/robot_drive/lib/python3.12/site-packages'
[2.435s] Level 1:colcon.colcon_core.shell:create_environment_hook('robot_drive', 'pythonpath')
[2.435s] INFO:colcon.colcon_core.shell:Creating environment hook '/home/monkeydluffy/SLAM-ROS2-Backend/install/robot_drive/share/robot_drive/hook/pythonpath.ps1'
[2.436s] INFO:colcon.colcon_core.shell:Creating environment descriptor '/home/monkeydluffy/SLAM-ROS2-Backend/install/robot_drive/share/robot_drive/hook/pythonpath.dsv'
[2.436s] INFO:colcon.colcon_core.shell:Creating environment hook '/home/monkeydluffy/SLAM-ROS2-Backend/install/robot_drive/share/robot_drive/hook/pythonpath.sh'
[2.437s] Level 1:colcon.colcon_core.environment:checking '/home/monkeydluffy/SLAM-ROS2-Backend/install/robot_drive/bin'
[2.437s] Level 1:colcon.colcon_core.environment:create_environment_scripts_only(robot_drive)
[2.438s] INFO:colcon.colcon_core.shell:Creating package script '/home/monkeydluffy/SLAM-ROS2-Backend/install/robot_drive/share/robot_drive/package.ps1'
[2.439s] INFO:colcon.colcon_core.shell:Creating package descriptor '/home/monkeydluffy/SLAM-ROS2-Backend/install/robot_drive/share/robot_drive/package.dsv'
[2.440s] INFO:colcon.colcon_core.shell:Creating package script '/home/monkeydluffy/SLAM-ROS2-Backend/install/robot_drive/share/robot_drive/package.sh'
[2.440s] INFO:colcon.colcon_core.shell:Creating package script '/home/monkeydluffy/SLAM-ROS2-Backend/install/robot_drive/share/robot_drive/package.bash'
[2.441s] INFO:colcon.colcon_core.shell:Creating package script '/home/monkeydluffy/SLAM-ROS2-Backend/install/robot_drive/share/robot_drive/package.zsh'
[2.442s] Level 1:colcon.colcon_core.environment:create_file_with_runtime_dependencies(/home/monkeydluffy/SLAM-ROS2-Backend/install/robot_drive/share/colcon-core/packages/robot_drive)
[2.443s] DEBUG:colcon.colcon_parallel_executor.executor.parallel:closing loop
[2.443s] DEBUG:colcon.colcon_parallel_executor.executor.parallel:loop closed
[2.444s] DEBUG:colcon.colcon_parallel_executor.executor.parallel:run_until_complete finished with '0'
[2.444s] DEBUG:colcon.colcon_core.event_reactor:joining thread
[2.451s] INFO:colcon.colcon_core.plugin_system:Skipping extension 'colcon_notification.desktop_notification.terminal_notifier': Not used on non-Darwin systems
[2.451s] INFO:colcon.colcon_core.plugin_system:Skipping extension 'colcon_notification.desktop_notification.win32': Not used on non-Windows systems
[2.451s] INFO:colcon.colcon_notification.desktop_notification:Sending desktop notification using 'notify2'
[2.453s] DEBUG:colcon.colcon_notification.desktop_notification.notify2:Failed to initialize notify2: org.freedesktop.DBus.Error.ServiceUnknown: The name org.freedesktop.Notifications was not provided by any .service files
[2.453s] DEBUG:colcon.colcon_core.event_reactor:joined thread
[2.454s] INFO:colcon.colcon_core.shell:Creating prefix script '/home/monkeydluffy/SLAM-ROS2-Backend/install/local_setup.ps1'
[2.455s] INFO:colcon.colcon_core.shell:Creating prefix util module '/home/monkeydluffy/SLAM-ROS2-Backend/install/_local_setup_util_ps1.py'
[2.459s] INFO:colcon.colcon_core.shell:Creating prefix chain script '/home/monkeydluffy/SLAM-ROS2-Backend/install/setup.ps1'
[2.461s] INFO:colcon.colcon_core.shell:Creating prefix script '/home/monkeydluffy/SLAM-ROS2-Backend/install/local_setup.sh'
[2.477s] INFO:colcon.colcon_core.shell:Creating prefix util module '/home/monkeydluffy/SLAM-ROS2-Backend/install/_local_setup_util_sh.py'
[2.479s] INFO:colcon.colcon_core.shell:Creating prefix chain script '/home/monkeydluffy/SLAM-ROS2-Backend/install/setup.sh'
[2.490s] INFO:colcon.colcon_core.shell:Creating prefix script '/home/monkeydluffy/SLAM-ROS2-Backend/install/local_setup.bash'
[2.494s] INFO:colcon.colcon_core.shell:Creating prefix chain script '/home/monkeydluffy/SLAM-ROS2-Backend/install/setup.bash'
[2.495s] INFO:colcon.colcon_core.shell:Creating prefix script '/home/monkeydluffy/SLAM-ROS2-Backend/install/local_setup.zsh'
[2.496s] INFO:colcon.colcon_core.shell:Creating prefix chain script '/home/monkeydluffy/SLAM-ROS2-Backend/install/setup.zsh'
