[1.210s] Invoking command in '/home/monkeydluffy/SLAM-ROS2-Backend/src/robot_drive': DEBUGINFOD_URLS=https://debuginfod.ubuntu.com PYTHONPATH=/home/monkeydluffy/SLAM-ROS2-Backend/build/robot_drive/prefix_override:/usr/lib/python3/dist-packages/colcon_core/task/python/colcon_distutils_commands:/home/monkeydluffy/SLAM-ROS2-Backend/install/robot_drive/lib/python3.12/site-packages:${PYTHONPATH} /usr/bin/python3 -W ignore:setup.py install is deprecated -W ignore:easy_install command is deprecated setup.py egg_info --egg-base ../../build/robot_drive build --build-base /home/monkeydluffy/SLAM-ROS2-Backend/build/robot_drive/build install --record /home/monkeydluffy/SLAM-ROS2-Backend/build/robot_drive/install.log --single-version-externally-managed install_data
[1.581s] running egg_info
[1.607s] writing ../../build/robot_drive/robot_drive.egg-info/PKG-INFO
[1.607s] writing dependency_links to ../../build/robot_drive/robot_drive.egg-info/dependency_links.txt
[1.617s] writing entry points to ../../build/robot_drive/robot_drive.egg-info/entry_points.txt
[1.618s] writing requirements to ../../build/robot_drive/robot_drive.egg-info/requires.txt
[1.618s] writing top-level names to ../../build/robot_drive/robot_drive.egg-info/top_level.txt
[1.678s] reading manifest file '../../build/robot_drive/robot_drive.egg-info/SOURCES.txt'
[1.679s] adding license file 'LICENSE'
[1.679s] writing manifest file '../../build/robot_drive/robot_drive.egg-info/SOURCES.txt'
[1.680s] running build
[1.680s] running build_py
[1.680s] running install
[1.690s] running install_lib
[1.717s] running install_data
[1.717s] creating /home/monkeydluffy/SLAM-ROS2-Backend/install/robot_drive/share/robot_drive/launch
[1.717s] copying launch/drive.launch.py -> /home/monkeydluffy/SLAM-ROS2-Backend/install/robot_drive/share/robot_drive/launch
[1.717s] running install_egg_info
[1.745s] removing '/home/monkeydluffy/SLAM-ROS2-Backend/install/robot_drive/lib/python3.12/site-packages/robot_drive-0.0.0-py3.12.egg-info' (and everything under it)
[1.746s] Copying ../../build/robot_drive/robot_drive.egg-info to /home/monkeydluffy/SLAM-ROS2-Backend/install/robot_drive/lib/python3.12/site-packages/robot_drive-0.0.0-py3.12.egg-info
[1.747s] running install_scripts
[1.931s] Installing joy_node script to /home/monkeydluffy/SLAM-ROS2-Backend/install/robot_drive/lib/robot_drive
[1.931s] Installing send_power script to /home/monkeydluffy/SLAM-ROS2-Backend/install/robot_drive/lib/robot_drive
[1.932s] writing list of installed files to '/home/monkeydluffy/SLAM-ROS2-Backend/build/robot_drive/install.log'
[2.011s] Invoked command in '/home/monkeydluffy/SLAM-ROS2-Backend/src/robot_drive' returned '0': DEBUGINFOD_URLS=https://debuginfod.ubuntu.com PYTHONPATH=/home/monkeydluffy/SLAM-ROS2-Backend/build/robot_drive/prefix_override:/usr/lib/python3/dist-packages/colcon_core/task/python/colcon_distutils_commands:/home/monkeydluffy/SLAM-ROS2-Backend/install/robot_drive/lib/python3.12/site-packages:${PYTHONPATH} /usr/bin/python3 -W ignore:setup.py install is deprecated -W ignore:easy_install command is deprecated setup.py egg_info --egg-base ../../build/robot_drive build --build-base /home/monkeydluffy/SLAM-ROS2-Backend/build/robot_drive/build install --record /home/monkeydluffy/SLAM-ROS2-Backend/build/robot_drive/install.log --single-version-externally-managed install_data
