/usr/lib/python3/dist-packages/setuptools/dist.py:723: UserWarning: Usage of dash-separated 'script-dir' will not be supported in future versions. Please use the underscore name 'script_dir' instead
  warnings.warn(
running egg_info
writing ../build/bno055_driver/bno055_driver.egg-info/PKG-INFO
writing dependency_links to ../build/bno055_driver/bno055_driver.egg-info/dependency_links.txt
writing entry points to ../build/bno055_driver/bno055_driver.egg-info/entry_points.txt
writing requirements to ../build/bno055_driver/bno055_driver.egg-info/requires.txt
writing top-level names to ../build/bno055_driver/bno055_driver.egg-info/top_level.txt
reading manifest file '../build/bno055_driver/bno055_driver.egg-info/SOURCES.txt'
adding license file 'LICENSE'
writing manifest file '../build/bno055_driver/bno055_driver.egg-info/SOURCES.txt'
running build
running build_py
running install
running install_lib
running install_data
running install_egg_info
removing '/home/monkeydluffy/ros2_packages/SLAM-ROS2-Backend/src/install/bno055_driver/lib/python3.10/site-packages/bno055_driver-1.0.0-py3.10.egg-info' (and everything under it)
Copying ../build/bno055_driver/bno055_driver.egg-info to /home/monkeydluffy/ros2_packages/SLAM-ROS2-Backend/src/install/bno055_driver/lib/python3.10/site-packages/bno055_driver-1.0.0-py3.10.egg-info
running install_scripts
Installing bno055_driver script to /home/monkeydluffy/ros2_packages/SLAM-ROS2-Backend/src/install/bno055_driver/lib/bno055_driver
Installing imu_odometry script to /home/monkeydluffy/ros2_packages/SLAM-ROS2-Backend/src/install/bno055_driver/lib/bno055_driver
Installing tf_odom_update script to /home/monkeydluffy/ros2_packages/SLAM-ROS2-Backend/src/install/bno055_driver/lib/bno055_driver
writing list of installed files to '/home/monkeydluffy/ros2_packages/SLAM-ROS2-Backend/src/build/bno055_driver/install.log'
