running egg_info
writing ../../build/robot_drive/robot_drive.egg-info/PKG-INFO
writing dependency_links to ../../build/robot_drive/robot_drive.egg-info/dependency_links.txt
writing entry points to ../../build/robot_drive/robot_drive.egg-info/entry_points.txt
writing requirements to ../../build/robot_drive/robot_drive.egg-info/requires.txt
writing top-level names to ../../build/robot_drive/robot_drive.egg-info/top_level.txt
reading manifest file '../../build/robot_drive/robot_drive.egg-info/SOURCES.txt'
adding license file 'LICENSE'
writing manifest file '../../build/robot_drive/robot_drive.egg-info/SOURCES.txt'
running build
running build_py
copying robot_drive/pwm_convert.py -> /home/monkeydluffy/SLAM-ROS2-Backend/build/robot_drive/build/lib/robot_drive
copying robot_drive/send_power.py -> /home/monkeydluffy/SLAM-ROS2-Backend/build/robot_drive/build/lib/robot_drive
running install
running install_lib
copying /home/monkeydluffy/SLAM-ROS2-Backend/build/robot_drive/build/lib/robot_drive/pwm_convert.py -> /home/monkeydluffy/SLAM-ROS2-Backend/install/robot_drive/lib/python3.10/site-packages/robot_drive
copying /home/monkeydluffy/SLAM-ROS2-Backend/build/robot_drive/build/lib/robot_drive/send_power.py -> /home/monkeydluffy/SLAM-ROS2-Backend/install/robot_drive/lib/python3.10/site-packages/robot_drive
byte-compiling /home/monkeydluffy/SLAM-ROS2-Backend/install/robot_drive/lib/python3.10/site-packages/robot_drive/pwm_convert.py to pwm_convert.cpython-310.pyc
byte-compiling /home/monkeydluffy/SLAM-ROS2-Backend/install/robot_drive/lib/python3.10/site-packages/robot_drive/send_power.py to send_power.cpython-310.pyc
running install_data
running install_egg_info
removing '/home/monkeydluffy/SLAM-ROS2-Backend/install/robot_drive/lib/python3.10/site-packages/robot_drive-0.0.0-py3.10.egg-info' (and everything under it)
Copying ../../build/robot_drive/robot_drive.egg-info to /home/monkeydluffy/SLAM-ROS2-Backend/install/robot_drive/lib/python3.10/site-packages/robot_drive-0.0.0-py3.10.egg-info
running install_scripts
Installing joy_node script to /home/monkeydluffy/SLAM-ROS2-Backend/install/robot_drive/lib/robot_drive
Installing pwm script to /home/monkeydluffy/SLAM-ROS2-Backend/install/robot_drive/lib/robot_drive
Installing send_power script to /home/monkeydluffy/SLAM-ROS2-Backend/install/robot_drive/lib/robot_drive
writing list of installed files to '/home/monkeydluffy/SLAM-ROS2-Backend/build/robot_drive/install.log'
