[0.433s] DEBUG:colcon:Command line arguments: ['/usr/bin/colcon', 'build']
[0.434s] DEBUG:colcon:Parsed command line arguments: Namespace(log_base=None, log_level=None, verb_name='build', build_base='build', install_base='install', merge_install=False, symlink_install=False, test_result_base=None, continue_on_error=False, executor='parallel', parallel_workers=4, event_handlers=None, ignore_user_meta=False, metas=['./colcon.meta'], base_paths=['.'], packages_ignore=None, packages_ignore_regex=None, paths=None, packages_up_to=None, packages_up_to_regex=None, packages_above=None, packages_above_and_dependencies=None, packages_above_depth=None, packages_select_by_dep=None, packages_skip_by_dep=None, packages_skip_up_to=None, packages_select_build_failed=False, packages_skip_build_finished=False, packages_select_test_failures=False, packages_skip_test_passed=False, packages_select=None, packages_skip=None, packages_select_regex=None, packages_skip_regex=None, packages_start=None, packages_end=None, allow_overriding=[], cmake_args=None, cmake_target=None, cmake_target_skip_unavailable=False, cmake_clean_cache=False, cmake_clean_first=False, cmake_force_configure=False, ament_cmake_args=None, catkin_cmake_args=None, catkin_skip_building_tests=False, mixin_files=None, mixin=None, verb_parser=<colcon_mixin.mixin.mixin_argument.MixinArgumentDecorator object at 0xffffa4170d30>, verb_extension=<colcon_core.verb.build.BuildVerb object at 0xffffa4299c30>, main=<bound method BuildVerb.main of <colcon_core.verb.build.BuildVerb object at 0xffffa4299c30>>, mixin_verb=('build',))
[1.052s] Level 1:colcon.colcon_core.package_discovery:discover_packages(colcon_meta) check parameters
[1.052s] Level 1:colcon.colcon_core.package_discovery:discover_packages(recursive) check parameters
[1.053s] Level 1:colcon.colcon_core.package_discovery:discover_packages(ignore) check parameters
[1.053s] Level 1:colcon.colcon_core.package_discovery:discover_packages(path) check parameters
[1.053s] Level 1:colcon.colcon_core.package_discovery:discover_packages(colcon_meta) discover
[1.053s] Level 1:colcon.colcon_core.package_discovery:discover_packages(recursive) discover
[1.053s] INFO:colcon.colcon_core.package_discovery:Crawling recursively for packages in '/home/monkeydluffy/ros2_packages/SLAM-ROS2-Backend'
[1.054s] Level 1:colcon.colcon_core.package_identification:_identify(.) by extensions ['ignore', 'ignore_ament_install']
[1.054s] Level 1:colcon.colcon_core.package_identification:_identify(.) by extension 'ignore'
[1.054s] Level 1:colcon.colcon_core.package_identification:_identify(.) by extension 'ignore_ament_install'
[1.054s] Level 1:colcon.colcon_core.package_identification:_identify(.) by extensions ['colcon_pkg']
[1.055s] Level 1:colcon.colcon_core.package_identification:_identify(.) by extension 'colcon_pkg'
[1.055s] Level 1:colcon.colcon_core.package_identification:_identify(.) by extensions ['colcon_meta']
[1.055s] Level 1:colcon.colcon_core.package_identification:_identify(.) by extension 'colcon_meta'
[1.055s] Level 1:colcon.colcon_core.package_identification:_identify(.) by extensions ['ros']
[1.055s] Level 1:colcon.colcon_core.package_identification:_identify(.) by extension 'ros'
[1.099s] Level 1:colcon.colcon_core.package_identification:_identify(.) by extensions ['cmake', 'python']
[1.100s] Level 1:colcon.colcon_core.package_identification:_identify(.) by extension 'cmake'
[1.100s] Level 1:colcon.colcon_core.package_identification:_identify(.) by extension 'python'
[1.100s] Level 1:colcon.colcon_core.package_identification:_identify(.) by extensions ['python_setup_py']
[1.100s] Level 1:colcon.colcon_core.package_identification:_identify(.) by extension 'python_setup_py'
[1.101s] Level 1:colcon.colcon_core.package_identification:_identify(build) by extensions ['ignore', 'ignore_ament_install']
[1.101s] Level 1:colcon.colcon_core.package_identification:_identify(build) by extension 'ignore'
[1.101s] Level 1:colcon.colcon_core.package_identification:_identify(build) ignored
[1.102s] Level 1:colcon.colcon_core.package_identification:_identify(install) by extensions ['ignore', 'ignore_ament_install']
[1.102s] Level 1:colcon.colcon_core.package_identification:_identify(install) by extension 'ignore'
[1.103s] Level 1:colcon.colcon_core.package_identification:_identify(install) ignored
[1.104s] Level 1:colcon.colcon_core.package_identification:_identify(log) by extensions ['ignore', 'ignore_ament_install']
[1.104s] Level 1:colcon.colcon_core.package_identification:_identify(log) by extension 'ignore'
[1.104s] Level 1:colcon.colcon_core.package_identification:_identify(log) ignored
[1.105s] Level 1:colcon.colcon_core.package_identification:_identify(src) by extensions ['ignore', 'ignore_ament_install']
[1.105s] Level 1:colcon.colcon_core.package_identification:_identify(src) by extension 'ignore'
[1.105s] Level 1:colcon.colcon_core.package_identification:_identify(src) by extension 'ignore_ament_install'
[1.105s] Level 1:colcon.colcon_core.package_identification:_identify(src) by extensions ['colcon_pkg']
[1.105s] Level 1:colcon.colcon_core.package_identification:_identify(src) by extension 'colcon_pkg'
[1.106s] Level 1:colcon.colcon_core.package_identification:_identify(src) by extensions ['colcon_meta']
[1.106s] Level 1:colcon.colcon_core.package_identification:_identify(src) by extension 'colcon_meta'
[1.106s] Level 1:colcon.colcon_core.package_identification:_identify(src) by extensions ['ros']
[1.106s] Level 1:colcon.colcon_core.package_identification:_identify(src) by extension 'ros'
[1.106s] Level 1:colcon.colcon_core.package_identification:_identify(src) by extensions ['cmake', 'python']
[1.106s] Level 1:colcon.colcon_core.package_identification:_identify(src) by extension 'cmake'
[1.107s] Level 1:colcon.colcon_core.package_identification:_identify(src) by extension 'python'
[1.107s] Level 1:colcon.colcon_core.package_identification:_identify(src) by extensions ['python_setup_py']
[1.107s] Level 1:colcon.colcon_core.package_identification:_identify(src) by extension 'python_setup_py'
[1.107s] Level 1:colcon.colcon_core.package_identification:_identify(src/build) by extensions ['ignore', 'ignore_ament_install']
[1.108s] Level 1:colcon.colcon_core.package_identification:_identify(src/build) by extension 'ignore'
[1.108s] Level 1:colcon.colcon_core.package_identification:_identify(src/build) ignored
[1.108s] Level 1:colcon.colcon_core.package_identification:_identify(src/install) by extensions ['ignore', 'ignore_ament_install']
[1.109s] Level 1:colcon.colcon_core.package_identification:_identify(src/install) by extension 'ignore'
[1.109s] Level 1:colcon.colcon_core.package_identification:_identify(src/install) ignored
[1.109s] Level 1:colcon.colcon_core.package_identification:_identify(src/log) by extensions ['ignore', 'ignore_ament_install']
[1.110s] Level 1:colcon.colcon_core.package_identification:_identify(src/log) by extension 'ignore'
[1.110s] Level 1:colcon.colcon_core.package_identification:_identify(src/log) ignored
[1.110s] Level 1:colcon.colcon_core.package_identification:_identify(src/robot_drive) by extensions ['ignore', 'ignore_ament_install']
[1.110s] Level 1:colcon.colcon_core.package_identification:_identify(src/robot_drive) by extension 'ignore'
[1.111s] Level 1:colcon.colcon_core.package_identification:_identify(src/robot_drive) by extension 'ignore_ament_install'
[1.111s] Level 1:colcon.colcon_core.package_identification:_identify(src/robot_drive) by extensions ['colcon_pkg']
[1.111s] Level 1:colcon.colcon_core.package_identification:_identify(src/robot_drive) by extension 'colcon_pkg'
[1.111s] Level 1:colcon.colcon_core.package_identification:_identify(src/robot_drive) by extensions ['colcon_meta']
[1.111s] Level 1:colcon.colcon_core.package_identification:_identify(src/robot_drive) by extension 'colcon_meta'
[1.111s] Level 1:colcon.colcon_core.package_identification:_identify(src/robot_drive) by extensions ['ros']
[1.112s] Level 1:colcon.colcon_core.package_identification:_identify(src/robot_drive) by extension 'ros'
[1.120s] DEBUG:colcon.colcon_core.package_identification:Package 'src/robot_drive' with type 'ros.ament_python' and name 'robot_drive'
[1.121s] Level 1:colcon.colcon_core.package_discovery:discover_packages(recursive) using defaults
[1.121s] Level 1:colcon.colcon_core.package_discovery:discover_packages(ignore) discover
[1.121s] Level 1:colcon.colcon_core.package_discovery:discover_packages(ignore) using defaults
[1.121s] Level 1:colcon.colcon_core.package_discovery:discover_packages(path) discover
[1.121s] Level 1:colcon.colcon_core.package_discovery:discover_packages(path) using defaults
[1.201s] Level 1:colcon.colcon_core.package_discovery:discover_packages(prefix_path) check parameters
[1.201s] Level 1:colcon.colcon_core.package_discovery:discover_packages(prefix_path) discover
[1.205s] Level 1:colcon.colcon_core.package_discovery:discover_packages(prefix_path) using defaults
[1.210s] Level 5:colcon.colcon_core.verb:set package 'robot_drive' build argument 'cmake_args' from command line to 'None'
[1.210s] Level 5:colcon.colcon_core.verb:set package 'robot_drive' build argument 'cmake_target' from command line to 'None'
[1.210s] Level 5:colcon.colcon_core.verb:set package 'robot_drive' build argument 'cmake_target_skip_unavailable' from command line to 'False'
[1.210s] Level 5:colcon.colcon_core.verb:set package 'robot_drive' build argument 'cmake_clean_cache' from command line to 'False'
[1.211s] Level 5:colcon.colcon_core.verb:set package 'robot_drive' build argument 'cmake_clean_first' from command line to 'False'
[1.211s] Level 5:colcon.colcon_core.verb:set package 'robot_drive' build argument 'cmake_force_configure' from command line to 'False'
[1.211s] Level 5:colcon.colcon_core.verb:set package 'robot_drive' build argument 'ament_cmake_args' from command line to 'None'
[1.211s] Level 5:colcon.colcon_core.verb:set package 'robot_drive' build argument 'catkin_cmake_args' from command line to 'None'
[1.211s] Level 5:colcon.colcon_core.verb:set package 'robot_drive' build argument 'catkin_skip_building_tests' from command line to 'False'
[1.211s] DEBUG:colcon.colcon_core.verb:Building package 'robot_drive' with the following arguments: {'ament_cmake_args': None, 'build_base': '/home/monkeydluffy/ros2_packages/SLAM-ROS2-Backend/build/robot_drive', 'catkin_cmake_args': None, 'catkin_skip_building_tests': False, 'cmake_args': None, 'cmake_clean_cache': False, 'cmake_clean_first': False, 'cmake_force_configure': False, 'cmake_target': None, 'cmake_target_skip_unavailable': False, 'install_base': '/home/monkeydluffy/ros2_packages/SLAM-ROS2-Backend/install/robot_drive', 'merge_install': False, 'path': '/home/monkeydluffy/ros2_packages/SLAM-ROS2-Backend/src/robot_drive', 'symlink_install': False, 'test_result_base': None}
[1.212s] INFO:colcon.colcon_core.executor:Executing jobs using 'parallel' executor
[1.215s] DEBUG:colcon.colcon_parallel_executor.executor.parallel:run_until_complete
[1.216s] INFO:colcon.colcon_ros.task.ament_python.build:Building ROS package in '/home/monkeydluffy/ros2_packages/SLAM-ROS2-Backend/src/robot_drive' with build type 'ament_python'
[1.216s] Level 1:colcon.colcon_core.shell:create_environment_hook('robot_drive', 'ament_prefix_path')
[1.225s] INFO:colcon.colcon_core.plugin_system:Skipping extension 'colcon_core.shell.bat': Not used on non-Windows systems
[1.226s] INFO:colcon.colcon_core.shell:Creating environment hook '/home/monkeydluffy/ros2_packages/SLAM-ROS2-Backend/install/robot_drive/share/robot_drive/hook/ament_prefix_path.ps1'
[1.232s] INFO:colcon.colcon_core.shell:Creating environment descriptor '/home/monkeydluffy/ros2_packages/SLAM-ROS2-Backend/install/robot_drive/share/robot_drive/hook/ament_prefix_path.dsv'
[1.234s] INFO:colcon.colcon_core.shell:Creating environment hook '/home/monkeydluffy/ros2_packages/SLAM-ROS2-Backend/install/robot_drive/share/robot_drive/hook/ament_prefix_path.sh'
[1.241s] INFO:colcon.colcon_core.shell:Skip shell extension 'powershell' for command environment: Not usable outside of PowerShell
[1.242s] DEBUG:colcon.colcon_core.shell:Skip shell extension 'dsv' for command environment
[2.241s] INFO:colcon.colcon_core.task.python.build:Building Python package in '/home/monkeydluffy/ros2_packages/SLAM-ROS2-Backend/src/robot_drive'
[2.242s] INFO:colcon.colcon_core.shell:Skip shell extension 'powershell' for command environment: Not usable outside of PowerShell
[2.242s] DEBUG:colcon.colcon_core.shell:Skip shell extension 'dsv' for command environment
[3.557s] DEBUG:colcon.colcon_core.event_handler.log_command:Invoking command in '/home/monkeydluffy/ros2_packages/SLAM-ROS2-Backend/src/robot_drive': PYTHONPATH=/home/monkeydluffy/ros2_packages/SLAM-ROS2-Backend/build/robot_drive/prefix_override:/usr/lib/python3/dist-packages/colcon_core/task/python/colcon_distutils_commands:/home/monkeydluffy/ros2_packages/SLAM-ROS2-Backend/install/robot_drive/lib/python3.10/site-packages: /usr/bin/python3 -W ignore:setup.py install is deprecated -W ignore:easy_install command is deprecated setup.py egg_info --egg-base ../../build/robot_drive build --build-base /home/monkeydluffy/ros2_packages/SLAM-ROS2-Backend/build/robot_drive/build install --record /home/monkeydluffy/ros2_packages/SLAM-ROS2-Backend/build/robot_drive/install.log --single-version-externally-managed install_data
[4.733s] DEBUG:colcon.colcon_core.event_handler.log_command:Invoked command in '/home/monkeydluffy/ros2_packages/SLAM-ROS2-Backend/src/robot_drive' returned '0': PYTHONPATH=/home/monkeydluffy/ros2_packages/SLAM-ROS2-Backend/build/robot_drive/prefix_override:/usr/lib/python3/dist-packages/colcon_core/task/python/colcon_distutils_commands:/home/monkeydluffy/ros2_packages/SLAM-ROS2-Backend/install/robot_drive/lib/python3.10/site-packages: /usr/bin/python3 -W ignore:setup.py install is deprecated -W ignore:easy_install command is deprecated setup.py egg_info --egg-base ../../build/robot_drive build --build-base /home/monkeydluffy/ros2_packages/SLAM-ROS2-Backend/build/robot_drive/build install --record /home/monkeydluffy/ros2_packages/SLAM-ROS2-Backend/build/robot_drive/install.log --single-version-externally-managed install_data
[4.744s] Level 1:colcon.colcon_core.environment:checking '/home/monkeydluffy/ros2_packages/SLAM-ROS2-Backend/install/robot_drive' for CMake module files
[4.747s] Level 1:colcon.colcon_core.environment:checking '/home/monkeydluffy/ros2_packages/SLAM-ROS2-Backend/install/robot_drive' for CMake config files
[4.756s] Level 1:colcon.colcon_core.environment:checking '/home/monkeydluffy/ros2_packages/SLAM-ROS2-Backend/install/robot_drive/lib'
[4.757s] Level 1:colcon.colcon_core.environment:checking '/home/monkeydluffy/ros2_packages/SLAM-ROS2-Backend/install/robot_drive/bin'
[4.758s] Level 1:colcon.colcon_core.environment:checking '/home/monkeydluffy/ros2_packages/SLAM-ROS2-Backend/install/robot_drive/lib/pkgconfig/robot_drive.pc'
[4.759s] Level 1:colcon.colcon_core.environment:checking '/home/monkeydluffy/ros2_packages/SLAM-ROS2-Backend/install/robot_drive/lib/python3.10/site-packages'
[4.759s] Level 1:colcon.colcon_core.shell:create_environment_hook('robot_drive', 'pythonpath')
[4.760s] INFO:colcon.colcon_core.shell:Creating environment hook '/home/monkeydluffy/ros2_packages/SLAM-ROS2-Backend/install/robot_drive/share/robot_drive/hook/pythonpath.ps1'
[4.762s] INFO:colcon.colcon_core.shell:Creating environment descriptor '/home/monkeydluffy/ros2_packages/SLAM-ROS2-Backend/install/robot_drive/share/robot_drive/hook/pythonpath.dsv'
[4.765s] INFO:colcon.colcon_core.shell:Creating environment hook '/home/monkeydluffy/ros2_packages/SLAM-ROS2-Backend/install/robot_drive/share/robot_drive/hook/pythonpath.sh'
[4.769s] Level 1:colcon.colcon_core.environment:checking '/home/monkeydluffy/ros2_packages/SLAM-ROS2-Backend/install/robot_drive/bin'
[4.769s] Level 1:colcon.colcon_core.environment:create_environment_scripts_only(robot_drive)
[4.771s] INFO:colcon.colcon_core.shell:Creating package script '/home/monkeydluffy/ros2_packages/SLAM-ROS2-Backend/install/robot_drive/share/robot_drive/package.ps1'
[4.776s] INFO:colcon.colcon_core.shell:Creating package descriptor '/home/monkeydluffy/ros2_packages/SLAM-ROS2-Backend/install/robot_drive/share/robot_drive/package.dsv'
[4.779s] INFO:colcon.colcon_core.shell:Creating package script '/home/monkeydluffy/ros2_packages/SLAM-ROS2-Backend/install/robot_drive/share/robot_drive/package.sh'
[4.782s] INFO:colcon.colcon_core.shell:Creating package script '/home/monkeydluffy/ros2_packages/SLAM-ROS2-Backend/install/robot_drive/share/robot_drive/package.bash'
[4.786s] INFO:colcon.colcon_core.shell:Creating package script '/home/monkeydluffy/ros2_packages/SLAM-ROS2-Backend/install/robot_drive/share/robot_drive/package.zsh'
[4.789s] Level 1:colcon.colcon_core.environment:create_file_with_runtime_dependencies(/home/monkeydluffy/ros2_packages/SLAM-ROS2-Backend/install/robot_drive/share/colcon-core/packages/robot_drive)
[4.790s] DEBUG:colcon.colcon_parallel_executor.executor.parallel:closing loop
[4.792s] DEBUG:colcon.colcon_parallel_executor.executor.parallel:loop closed
[4.792s] DEBUG:colcon.colcon_parallel_executor.executor.parallel:run_until_complete finished with '0'
[4.792s] DEBUG:colcon.colcon_core.event_reactor:joining thread
[4.817s] INFO:colcon.colcon_core.plugin_system:Skipping extension 'colcon_notification.desktop_notification.terminal_notifier': Not used on non-Darwin systems
[4.818s] INFO:colcon.colcon_core.plugin_system:Skipping extension 'colcon_notification.desktop_notification.win32': Not used on non-Windows systems
[4.818s] INFO:colcon.colcon_notification.desktop_notification:Sending desktop notification using 'notify2'
[4.882s] DEBUG:colcon.colcon_core.event_reactor:joined thread
[4.883s] INFO:colcon.colcon_core.shell:Creating prefix script '/home/monkeydluffy/ros2_packages/SLAM-ROS2-Backend/install/local_setup.ps1'
[4.888s] INFO:colcon.colcon_core.shell:Creating prefix util module '/home/monkeydluffy/ros2_packages/SLAM-ROS2-Backend/install/_local_setup_util_ps1.py'
[4.895s] INFO:colcon.colcon_core.shell:Creating prefix chain script '/home/monkeydluffy/ros2_packages/SLAM-ROS2-Backend/install/setup.ps1'
[4.902s] INFO:colcon.colcon_core.shell:Creating prefix script '/home/monkeydluffy/ros2_packages/SLAM-ROS2-Backend/install/local_setup.sh'
[4.906s] INFO:colcon.colcon_core.shell:Creating prefix util module '/home/monkeydluffy/ros2_packages/SLAM-ROS2-Backend/install/_local_setup_util_sh.py'
[4.911s] INFO:colcon.colcon_core.shell:Creating prefix chain script '/home/monkeydluffy/ros2_packages/SLAM-ROS2-Backend/install/setup.sh'
[4.916s] INFO:colcon.colcon_core.shell:Creating prefix script '/home/monkeydluffy/ros2_packages/SLAM-ROS2-Backend/install/local_setup.bash'
[4.921s] INFO:colcon.colcon_core.shell:Creating prefix chain script '/home/monkeydluffy/ros2_packages/SLAM-ROS2-Backend/install/setup.bash'
[4.929s] INFO:colcon.colcon_core.shell:Creating prefix script '/home/monkeydluffy/ros2_packages/SLAM-ROS2-Backend/install/local_setup.zsh'
[4.934s] INFO:colcon.colcon_core.shell:Creating prefix chain script '/home/monkeydluffy/ros2_packages/SLAM-ROS2-Backend/install/setup.zsh'
