[1.330s] DEBUG:colcon:Command line arguments: ['/usr/bin/colcon', 'build']
[1.330s] DEBUG:colcon:Parsed command line arguments: Namespace(log_base=None, log_level=None, verb_name='build', build_base='build', install_base='install', merge_install=False, symlink_install=False, test_result_base=None, continue_on_error=False, executor='parallel', parallel_workers=4, event_handlers=None, ignore_user_meta=False, metas=['./colcon.meta'], base_paths=['.'], packages_ignore=None, packages_ignore_regex=None, paths=None, packages_up_to=None, packages_up_to_regex=None, packages_above=None, packages_above_and_dependencies=None, packages_above_depth=None, packages_select_by_dep=None, packages_skip_by_dep=None, packages_skip_up_to=None, packages_select_build_failed=False, packages_skip_build_finished=False, packages_select_test_failures=False, packages_skip_test_passed=False, packages_select=None, packages_skip=None, packages_select_regex=None, packages_skip_regex=None, packages_start=None, packages_end=None, allow_overriding=[], cmake_args=None, cmake_target=None, cmake_target_skip_unavailable=False, cmake_clean_cache=False, cmake_clean_first=False, cmake_force_configure=False, ament_cmake_args=None, catkin_cmake_args=None, catkin_skip_building_tests=False, mixin_files=None, mixin=None, verb_parser=<colcon_mixin.mixin.mixin_argument.MixinArgumentDecorator object at 0xffff911456f0>, verb_extension=<colcon_core.verb.build.BuildVerb object at 0xffff912df040>, main=<bound method BuildVerb.main of <colcon_core.verb.build.BuildVerb object at 0xffff912df040>>, mixin_verb=('build',))
[2.877s] Level 1:colcon.colcon_core.package_discovery:discover_packages(colcon_meta) check parameters
[2.877s] Level 1:colcon.colcon_core.package_discovery:discover_packages(recursive) check parameters
[2.878s] Level 1:colcon.colcon_core.package_discovery:discover_packages(ignore) check parameters
[2.878s] Level 1:colcon.colcon_core.package_discovery:discover_packages(path) check parameters
[2.878s] Level 1:colcon.colcon_core.package_discovery:discover_packages(colcon_meta) discover
[2.878s] Level 1:colcon.colcon_core.package_discovery:discover_packages(recursive) discover
[2.878s] INFO:colcon.colcon_core.package_discovery:Crawling recursively for packages in '/home/monkeydluffy/SLAM-ROS2-Backend'
[2.879s] Level 1:colcon.colcon_core.package_identification:_identify(.) by extensions ['ignore', 'ignore_ament_install']
[2.879s] Level 1:colcon.colcon_core.package_identification:_identify(.) by extension 'ignore'
[2.879s] Level 1:colcon.colcon_core.package_identification:_identify(.) by extension 'ignore_ament_install'
[2.880s] Level 1:colcon.colcon_core.package_identification:_identify(.) by extensions ['colcon_pkg']
[2.880s] Level 1:colcon.colcon_core.package_identification:_identify(.) by extension 'colcon_pkg'
[2.880s] Level 1:colcon.colcon_core.package_identification:_identify(.) by extensions ['colcon_meta']
[2.880s] Level 1:colcon.colcon_core.package_identification:_identify(.) by extension 'colcon_meta'
[2.880s] Level 1:colcon.colcon_core.package_identification:_identify(.) by extensions ['ros']
[2.881s] Level 1:colcon.colcon_core.package_identification:_identify(.) by extension 'ros'
[2.957s] Level 1:colcon.colcon_core.package_identification:_identify(.) by extensions ['cmake', 'python']
[2.957s] Level 1:colcon.colcon_core.package_identification:_identify(.) by extension 'cmake'
[2.957s] Level 1:colcon.colcon_core.package_identification:_identify(.) by extension 'python'
[2.957s] Level 1:colcon.colcon_core.package_identification:_identify(.) by extensions ['python_setup_py']
[2.957s] Level 1:colcon.colcon_core.package_identification:_identify(.) by extension 'python_setup_py'
[2.958s] Level 1:colcon.colcon_core.package_identification:_identify(build) by extensions ['ignore', 'ignore_ament_install']
[2.958s] Level 1:colcon.colcon_core.package_identification:_identify(build) by extension 'ignore'
[2.958s] Level 1:colcon.colcon_core.package_identification:_identify(build) ignored
[2.959s] Level 1:colcon.colcon_core.package_identification:_identify(install) by extensions ['ignore', 'ignore_ament_install']
[2.959s] Level 1:colcon.colcon_core.package_identification:_identify(install) by extension 'ignore'
[2.960s] Level 1:colcon.colcon_core.package_identification:_identify(install) ignored
[2.961s] Level 1:colcon.colcon_core.package_identification:_identify(log) by extensions ['ignore', 'ignore_ament_install']
[2.961s] Level 1:colcon.colcon_core.package_identification:_identify(log) by extension 'ignore'
[2.961s] Level 1:colcon.colcon_core.package_identification:_identify(log) ignored
[2.964s] Level 1:colcon.colcon_core.package_identification:_identify(src) by extensions ['ignore', 'ignore_ament_install']
[2.964s] Level 1:colcon.colcon_core.package_identification:_identify(src) by extension 'ignore'
[2.965s] Level 1:colcon.colcon_core.package_identification:_identify(src) by extension 'ignore_ament_install'
[2.965s] Level 1:colcon.colcon_core.package_identification:_identify(src) by extensions ['colcon_pkg']
[2.965s] Level 1:colcon.colcon_core.package_identification:_identify(src) by extension 'colcon_pkg'
[2.965s] Level 1:colcon.colcon_core.package_identification:_identify(src) by extensions ['colcon_meta']
[2.965s] Level 1:colcon.colcon_core.package_identification:_identify(src) by extension 'colcon_meta'
[2.966s] Level 1:colcon.colcon_core.package_identification:_identify(src) by extensions ['ros']
[2.966s] Level 1:colcon.colcon_core.package_identification:_identify(src) by extension 'ros'
[2.966s] Level 1:colcon.colcon_core.package_identification:_identify(src) by extensions ['cmake', 'python']
[2.966s] Level 1:colcon.colcon_core.package_identification:_identify(src) by extension 'cmake'
[2.966s] Level 1:colcon.colcon_core.package_identification:_identify(src) by extension 'python'
[2.966s] Level 1:colcon.colcon_core.package_identification:_identify(src) by extensions ['python_setup_py']
[2.967s] Level 1:colcon.colcon_core.package_identification:_identify(src) by extension 'python_setup_py'
[2.968s] Level 1:colcon.colcon_core.package_identification:_identify(src/build) by extensions ['ignore', 'ignore_ament_install']
[2.968s] Level 1:colcon.colcon_core.package_identification:_identify(src/build) by extension 'ignore'
[2.968s] Level 1:colcon.colcon_core.package_identification:_identify(src/build) ignored
[2.969s] Level 1:colcon.colcon_core.package_identification:_identify(src/install) by extensions ['ignore', 'ignore_ament_install']
[2.970s] Level 1:colcon.colcon_core.package_identification:_identify(src/install) by extension 'ignore'
[2.970s] Level 1:colcon.colcon_core.package_identification:_identify(src/install) ignored
[2.971s] Level 1:colcon.colcon_core.package_identification:_identify(src/log) by extensions ['ignore', 'ignore_ament_install']
[2.971s] Level 1:colcon.colcon_core.package_identification:_identify(src/log) by extension 'ignore'
[2.972s] Level 1:colcon.colcon_core.package_identification:_identify(src/log) ignored
[2.973s] Level 1:colcon.colcon_core.package_identification:_identify(src/robot_drive) by extensions ['ignore', 'ignore_ament_install']
[2.973s] Level 1:colcon.colcon_core.package_identification:_identify(src/robot_drive) by extension 'ignore'
[2.973s] Level 1:colcon.colcon_core.package_identification:_identify(src/robot_drive) by extension 'ignore_ament_install'
[2.974s] Level 1:colcon.colcon_core.package_identification:_identify(src/robot_drive) by extensions ['colcon_pkg']
[2.974s] Level 1:colcon.colcon_core.package_identification:_identify(src/robot_drive) by extension 'colcon_pkg'
[2.974s] Level 1:colcon.colcon_core.package_identification:_identify(src/robot_drive) by extensions ['colcon_meta']
[2.974s] Level 1:colcon.colcon_core.package_identification:_identify(src/robot_drive) by extension 'colcon_meta'
[2.975s] Level 1:colcon.colcon_core.package_identification:_identify(src/robot_drive) by extensions ['ros']
[2.975s] Level 1:colcon.colcon_core.package_identification:_identify(src/robot_drive) by extension 'ros'
[2.988s] DEBUG:colcon.colcon_core.package_identification:Package 'src/robot_drive' with type 'ros.ament_python' and name 'robot_drive'
[2.988s] Level 1:colcon.colcon_core.package_discovery:discover_packages(recursive) using defaults
[2.989s] Level 1:colcon.colcon_core.package_discovery:discover_packages(ignore) discover
[2.989s] Level 1:colcon.colcon_core.package_discovery:discover_packages(ignore) using defaults
[2.989s] Level 1:colcon.colcon_core.package_discovery:discover_packages(path) discover
[2.989s] Level 1:colcon.colcon_core.package_discovery:discover_packages(path) using defaults
[3.175s] Level 1:colcon.colcon_core.package_discovery:discover_packages(prefix_path) check parameters
[3.175s] Level 1:colcon.colcon_core.package_discovery:discover_packages(prefix_path) discover
[3.190s] DEBUG:colcon.colcon_installed_package_information.package_discovery:Found 1 installed packages in /home/monkeydluffy/SLAM-ROS2-Backend/install
[3.200s] DEBUG:colcon.colcon_installed_package_information.package_discovery:Found 271 installed packages in /opt/ros/humble
[3.207s] Level 1:colcon.colcon_core.package_discovery:discover_packages(prefix_path) using defaults
[3.385s] Level 5:colcon.colcon_core.verb:set package 'robot_drive' build argument 'cmake_args' from command line to 'None'
[3.385s] Level 5:colcon.colcon_core.verb:set package 'robot_drive' build argument 'cmake_target' from command line to 'None'
[3.385s] Level 5:colcon.colcon_core.verb:set package 'robot_drive' build argument 'cmake_target_skip_unavailable' from command line to 'False'
[3.385s] Level 5:colcon.colcon_core.verb:set package 'robot_drive' build argument 'cmake_clean_cache' from command line to 'False'
[3.385s] Level 5:colcon.colcon_core.verb:set package 'robot_drive' build argument 'cmake_clean_first' from command line to 'False'
[3.385s] Level 5:colcon.colcon_core.verb:set package 'robot_drive' build argument 'cmake_force_configure' from command line to 'False'
[3.385s] Level 5:colcon.colcon_core.verb:set package 'robot_drive' build argument 'ament_cmake_args' from command line to 'None'
[3.386s] Level 5:colcon.colcon_core.verb:set package 'robot_drive' build argument 'catkin_cmake_args' from command line to 'None'
[3.386s] Level 5:colcon.colcon_core.verb:set package 'robot_drive' build argument 'catkin_skip_building_tests' from command line to 'False'
[3.386s] DEBUG:colcon.colcon_core.verb:Building package 'robot_drive' with the following arguments: {'ament_cmake_args': None, 'build_base': '/home/monkeydluffy/SLAM-ROS2-Backend/build/robot_drive', 'catkin_cmake_args': None, 'catkin_skip_building_tests': False, 'cmake_args': None, 'cmake_clean_cache': False, 'cmake_clean_first': False, 'cmake_force_configure': False, 'cmake_target': None, 'cmake_target_skip_unavailable': False, 'install_base': '/home/monkeydluffy/SLAM-ROS2-Backend/install/robot_drive', 'merge_install': False, 'path': '/home/monkeydluffy/SLAM-ROS2-Backend/src/robot_drive', 'symlink_install': False, 'test_result_base': None}
[3.386s] INFO:colcon.colcon_core.executor:Executing jobs using 'parallel' executor
[3.389s] DEBUG:colcon.colcon_parallel_executor.executor.parallel:run_until_complete
[3.390s] INFO:colcon.colcon_ros.task.ament_python.build:Building ROS package in '/home/monkeydluffy/SLAM-ROS2-Backend/src/robot_drive' with build type 'ament_python'
[3.391s] Level 1:colcon.colcon_core.shell:create_environment_hook('robot_drive', 'ament_prefix_path')
[3.415s] INFO:colcon.colcon_core.plugin_system:Skipping extension 'colcon_core.shell.bat': Not used on non-Windows systems
[3.417s] INFO:colcon.colcon_core.shell:Creating environment hook '/home/monkeydluffy/SLAM-ROS2-Backend/install/robot_drive/share/robot_drive/hook/ament_prefix_path.ps1'
[3.421s] INFO:colcon.colcon_core.shell:Creating environment descriptor '/home/monkeydluffy/SLAM-ROS2-Backend/install/robot_drive/share/robot_drive/hook/ament_prefix_path.dsv'
[3.427s] INFO:colcon.colcon_core.shell:Creating environment hook '/home/monkeydluffy/SLAM-ROS2-Backend/install/robot_drive/share/robot_drive/hook/ament_prefix_path.sh'
[3.435s] INFO:colcon.colcon_core.shell:Skip shell extension 'powershell' for command environment: Not usable outside of PowerShell
[3.436s] DEBUG:colcon.colcon_core.shell:Skip shell extension 'dsv' for command environment
[4.622s] INFO:colcon.colcon_core.task.python.build:Building Python package in '/home/monkeydluffy/SLAM-ROS2-Backend/src/robot_drive'
[4.623s] INFO:colcon.colcon_core.shell:Skip shell extension 'powershell' for command environment: Not usable outside of PowerShell
[4.623s] DEBUG:colcon.colcon_core.shell:Skip shell extension 'dsv' for command environment
[6.343s] DEBUG:colcon.colcon_core.event_handler.log_command:Invoking command in '/home/monkeydluffy/SLAM-ROS2-Backend/src/robot_drive': PYTHONPATH=/home/monkeydluffy/SLAM-ROS2-Backend/build/robot_drive/prefix_override:/usr/lib/python3/dist-packages/colcon_core/task/python/colcon_distutils_commands:/home/monkeydluffy/SLAM-ROS2-Backend/install/robot_drive/lib/python3.10/site-packages:${PYTHONPATH} /usr/bin/python3 -W ignore:setup.py install is deprecated -W ignore:easy_install command is deprecated setup.py egg_info --egg-base ../../build/robot_drive build --build-base /home/monkeydluffy/SLAM-ROS2-Backend/build/robot_drive/build install --record /home/monkeydluffy/SLAM-ROS2-Backend/build/robot_drive/install.log --single-version-externally-managed install_data
[8.112s] DEBUG:colcon.colcon_core.event_handler.log_command:Invoked command in '/home/monkeydluffy/SLAM-ROS2-Backend/src/robot_drive' returned '0': PYTHONPATH=/home/monkeydluffy/SLAM-ROS2-Backend/build/robot_drive/prefix_override:/usr/lib/python3/dist-packages/colcon_core/task/python/colcon_distutils_commands:/home/monkeydluffy/SLAM-ROS2-Backend/install/robot_drive/lib/python3.10/site-packages:${PYTHONPATH} /usr/bin/python3 -W ignore:setup.py install is deprecated -W ignore:easy_install command is deprecated setup.py egg_info --egg-base ../../build/robot_drive build --build-base /home/monkeydluffy/SLAM-ROS2-Backend/build/robot_drive/build install --record /home/monkeydluffy/SLAM-ROS2-Backend/build/robot_drive/install.log --single-version-externally-managed install_data
[8.142s] Level 1:colcon.colcon_core.environment:checking '/home/monkeydluffy/SLAM-ROS2-Backend/install/robot_drive' for CMake module files
[8.146s] Level 1:colcon.colcon_core.environment:checking '/home/monkeydluffy/SLAM-ROS2-Backend/install/robot_drive' for CMake config files
[8.155s] Level 1:colcon.colcon_core.environment:checking '/home/monkeydluffy/SLAM-ROS2-Backend/install/robot_drive/lib'
[8.156s] Level 1:colcon.colcon_core.environment:checking '/home/monkeydluffy/SLAM-ROS2-Backend/install/robot_drive/bin'
[8.157s] Level 1:colcon.colcon_core.environment:checking '/home/monkeydluffy/SLAM-ROS2-Backend/install/robot_drive/lib/pkgconfig/robot_drive.pc'
[8.157s] Level 1:colcon.colcon_core.environment:checking '/home/monkeydluffy/SLAM-ROS2-Backend/install/robot_drive/lib/python3.10/site-packages'
[8.158s] Level 1:colcon.colcon_core.shell:create_environment_hook('robot_drive', 'pythonpath')
[8.159s] INFO:colcon.colcon_core.shell:Creating environment hook '/home/monkeydluffy/SLAM-ROS2-Backend/install/robot_drive/share/robot_drive/hook/pythonpath.ps1'
[8.161s] INFO:colcon.colcon_core.shell:Creating environment descriptor '/home/monkeydluffy/SLAM-ROS2-Backend/install/robot_drive/share/robot_drive/hook/pythonpath.dsv'
[8.163s] INFO:colcon.colcon_core.shell:Creating environment hook '/home/monkeydluffy/SLAM-ROS2-Backend/install/robot_drive/share/robot_drive/hook/pythonpath.sh'
[8.166s] Level 1:colcon.colcon_core.environment:checking '/home/monkeydluffy/SLAM-ROS2-Backend/install/robot_drive/bin'
[8.166s] Level 1:colcon.colcon_core.environment:create_environment_scripts_only(robot_drive)
[8.167s] INFO:colcon.colcon_core.shell:Creating package script '/home/monkeydluffy/SLAM-ROS2-Backend/install/robot_drive/share/robot_drive/package.ps1'
[8.172s] INFO:colcon.colcon_core.shell:Creating package descriptor '/home/monkeydluffy/SLAM-ROS2-Backend/install/robot_drive/share/robot_drive/package.dsv'
[8.178s] INFO:colcon.colcon_core.shell:Creating package script '/home/monkeydluffy/SLAM-ROS2-Backend/install/robot_drive/share/robot_drive/package.sh'
[8.193s] INFO:colcon.colcon_core.shell:Creating package script '/home/monkeydluffy/SLAM-ROS2-Backend/install/robot_drive/share/robot_drive/package.bash'
[8.200s] INFO:colcon.colcon_core.shell:Creating package script '/home/monkeydluffy/SLAM-ROS2-Backend/install/robot_drive/share/robot_drive/package.zsh'
[8.206s] Level 1:colcon.colcon_core.environment:create_file_with_runtime_dependencies(/home/monkeydluffy/SLAM-ROS2-Backend/install/robot_drive/share/colcon-core/packages/robot_drive)
[8.208s] DEBUG:colcon.colcon_parallel_executor.executor.parallel:closing loop
[8.210s] DEBUG:colcon.colcon_parallel_executor.executor.parallel:loop closed
[8.210s] DEBUG:colcon.colcon_parallel_executor.executor.parallel:run_until_complete finished with '0'
[8.210s] DEBUG:colcon.colcon_core.event_reactor:joining thread
[8.237s] INFO:colcon.colcon_core.plugin_system:Skipping extension 'colcon_notification.desktop_notification.terminal_notifier': Not used on non-Darwin systems
[8.237s] INFO:colcon.colcon_core.plugin_system:Skipping extension 'colcon_notification.desktop_notification.win32': Not used on non-Windows systems
[8.238s] INFO:colcon.colcon_notification.desktop_notification:Sending desktop notification using 'notify2'
[8.243s] DEBUG:colcon.colcon_notification.desktop_notification.notify2:Failed to initialize notify2: org.freedesktop.DBus.Error.ServiceUnknown: The name org.freedesktop.Notifications was not provided by any .service files
[8.243s] DEBUG:colcon.colcon_core.event_reactor:joined thread
[8.244s] INFO:colcon.colcon_core.shell:Creating prefix script '/home/monkeydluffy/SLAM-ROS2-Backend/install/local_setup.ps1'
[8.251s] INFO:colcon.colcon_core.shell:Creating prefix util module '/home/monkeydluffy/SLAM-ROS2-Backend/install/_local_setup_util_ps1.py'
[8.260s] INFO:colcon.colcon_core.shell:Creating prefix chain script '/home/monkeydluffy/SLAM-ROS2-Backend/install/setup.ps1'
[8.268s] INFO:colcon.colcon_core.shell:Creating prefix script '/home/monkeydluffy/SLAM-ROS2-Backend/install/local_setup.sh'
[8.271s] INFO:colcon.colcon_core.shell:Creating prefix util module '/home/monkeydluffy/SLAM-ROS2-Backend/install/_local_setup_util_sh.py'
[8.274s] INFO:colcon.colcon_core.shell:Creating prefix chain script '/home/monkeydluffy/SLAM-ROS2-Backend/install/setup.sh'
[8.279s] INFO:colcon.colcon_core.shell:Creating prefix script '/home/monkeydluffy/SLAM-ROS2-Backend/install/local_setup.bash'
[8.283s] INFO:colcon.colcon_core.shell:Creating prefix chain script '/home/monkeydluffy/SLAM-ROS2-Backend/install/setup.bash'
[8.288s] INFO:colcon.colcon_core.shell:Creating prefix script '/home/monkeydluffy/SLAM-ROS2-Backend/install/local_setup.zsh'
[8.291s] INFO:colcon.colcon_core.shell:Creating prefix chain script '/home/monkeydluffy/SLAM-ROS2-Backend/install/setup.zsh'
