[1.165s] Invoking command in '/home/monkeydluffy/SLAM-ROS2-Backend/src/robot_drive': DEBUGINFOD_URLS=https://debuginfod.ubuntu.com PYTHONPATH=/home/monkeydluffy/SLAM-ROS2-Backend/src/build/robot_drive/prefix_override:/usr/lib/python3/dist-packages/colcon_core/task/python/colcon_distutils_commands:/home/monkeydluffy/SLAM-ROS2-Backend/src/install/robot_drive/lib/python3.12/site-packages:${PYTHONPATH} /usr/bin/python3 -W ignore:setup.py install is deprecated -W ignore:easy_install command is deprecated setup.py egg_info --egg-base ../build/robot_drive build --build-base /home/monkeydluffy/SLAM-ROS2-Backend/src/build/robot_drive/build install --record /home/monkeydluffy/SLAM-ROS2-Backend/src/build/robot_drive/install.log --single-version-externally-managed install_data
[1.521s] running egg_info
[1.521s] creating ../build/robot_drive/robot_drive.egg-info
[1.546s] writing ../build/robot_drive/robot_drive.egg-info/PKG-INFO
[1.547s] writing dependency_links to ../build/robot_drive/robot_drive.egg-info/dependency_links.txt
[1.547s] writing entry points to ../build/robot_drive/robot_drive.egg-info/entry_points.txt
[1.547s] writing requirements to ../build/robot_drive/robot_drive.egg-info/requires.txt
[1.547s] writing top-level names to ../build/robot_drive/robot_drive.egg-info/top_level.txt
[1.548s] writing manifest file '../build/robot_drive/robot_drive.egg-info/SOURCES.txt'
[1.601s] reading manifest file '../build/robot_drive/robot_drive.egg-info/SOURCES.txt'
[1.601s] adding license file 'LICENSE'
[1.602s] writing manifest file '../build/robot_drive/robot_drive.egg-info/SOURCES.txt'
[1.602s] running build
[1.602s] running build_py
[1.602s] creating /home/monkeydluffy/SLAM-ROS2-Backend/src/build/robot_drive/build
[1.602s] creating /home/monkeydluffy/SLAM-ROS2-Backend/src/build/robot_drive/build/lib
[1.602s] creating /home/monkeydluffy/SLAM-ROS2-Backend/src/build/robot_drive/build/lib/robot_drive
[1.603s] copying robot_drive/joy_node.py -> /home/monkeydluffy/SLAM-ROS2-Backend/src/build/robot_drive/build/lib/robot_drive
[1.603s] copying robot_drive/pwm_convert.py -> /home/monkeydluffy/SLAM-ROS2-Backend/src/build/robot_drive/build/lib/robot_drive
[1.603s] copying robot_drive/send_power.py -> /home/monkeydluffy/SLAM-ROS2-Backend/src/build/robot_drive/build/lib/robot_drive
[1.603s] copying robot_drive/robot_utils.py -> /home/monkeydluffy/SLAM-ROS2-Backend/src/build/robot_drive/build/lib/robot_drive
[1.603s] copying robot_drive/pca9685.py -> /home/monkeydluffy/SLAM-ROS2-Backend/src/build/robot_drive/build/lib/robot_drive
[1.603s] copying robot_drive/__init__.py -> /home/monkeydluffy/SLAM-ROS2-Backend/src/build/robot_drive/build/lib/robot_drive
[1.604s] running install
[1.613s] running install_lib
[1.639s] creating /home/monkeydluffy/SLAM-ROS2-Backend/src/install/robot_drive/lib/python3.12/site-packages/robot_drive
[1.639s] copying /home/monkeydluffy/SLAM-ROS2-Backend/src/build/robot_drive/build/lib/robot_drive/joy_node.py -> /home/monkeydluffy/SLAM-ROS2-Backend/src/install/robot_drive/lib/python3.12/site-packages/robot_drive
[1.639s] copying /home/monkeydluffy/SLAM-ROS2-Backend/src/build/robot_drive/build/lib/robot_drive/pwm_convert.py -> /home/monkeydluffy/SLAM-ROS2-Backend/src/install/robot_drive/lib/python3.12/site-packages/robot_drive
[1.639s] copying /home/monkeydluffy/SLAM-ROS2-Backend/src/build/robot_drive/build/lib/robot_drive/send_power.py -> /home/monkeydluffy/SLAM-ROS2-Backend/src/install/robot_drive/lib/python3.12/site-packages/robot_drive
[1.639s] copying /home/monkeydluffy/SLAM-ROS2-Backend/src/build/robot_drive/build/lib/robot_drive/robot_utils.py -> /home/monkeydluffy/SLAM-ROS2-Backend/src/install/robot_drive/lib/python3.12/site-packages/robot_drive
[1.639s] copying /home/monkeydluffy/SLAM-ROS2-Backend/src/build/robot_drive/build/lib/robot_drive/pca9685.py -> /home/monkeydluffy/SLAM-ROS2-Backend/src/install/robot_drive/lib/python3.12/site-packages/robot_drive
[1.640s] copying /home/monkeydluffy/SLAM-ROS2-Backend/src/build/robot_drive/build/lib/robot_drive/__init__.py -> /home/monkeydluffy/SLAM-ROS2-Backend/src/install/robot_drive/lib/python3.12/site-packages/robot_drive
[1.640s] byte-compiling /home/monkeydluffy/SLAM-ROS2-Backend/src/install/robot_drive/lib/python3.12/site-packages/robot_drive/joy_node.py to joy_node.cpython-312.pyc
[1.641s] byte-compiling /home/monkeydluffy/SLAM-ROS2-Backend/src/install/robot_drive/lib/python3.12/site-packages/robot_drive/pwm_convert.py to pwm_convert.cpython-312.pyc
[1.642s] byte-compiling /home/monkeydluffy/SLAM-ROS2-Backend/src/install/robot_drive/lib/python3.12/site-packages/robot_drive/send_power.py to send_power.cpython-312.pyc
[1.643s] byte-compiling /home/monkeydluffy/SLAM-ROS2-Backend/src/install/robot_drive/lib/python3.12/site-packages/robot_drive/robot_utils.py to robot_utils.cpython-312.pyc
[1.643s] byte-compiling /home/monkeydluffy/SLAM-ROS2-Backend/src/install/robot_drive/lib/python3.12/site-packages/robot_drive/pca9685.py to pca9685.cpython-312.pyc
[1.644s] byte-compiling /home/monkeydluffy/SLAM-ROS2-Backend/src/install/robot_drive/lib/python3.12/site-packages/robot_drive/__init__.py to __init__.cpython-312.pyc
[1.644s] running install_data
[1.644s] creating /home/monkeydluffy/SLAM-ROS2-Backend/src/install/robot_drive/share/ament_index
[1.645s] creating /home/monkeydluffy/SLAM-ROS2-Backend/src/install/robot_drive/share/ament_index/resource_index
[1.645s] creating /home/monkeydluffy/SLAM-ROS2-Backend/src/install/robot_drive/share/ament_index/resource_index/packages
[1.645s] copying resource/robot_drive -> /home/monkeydluffy/SLAM-ROS2-Backend/src/install/robot_drive/share/ament_index/resource_index/packages
[1.645s] copying package.xml -> /home/monkeydluffy/SLAM-ROS2-Backend/src/install/robot_drive/share/robot_drive
[1.645s] creating /home/monkeydluffy/SLAM-ROS2-Backend/src/install/robot_drive/share/robot_drive/launch
[1.645s] copying launch/drive.launch.py -> /home/monkeydluffy/SLAM-ROS2-Backend/src/install/robot_drive/share/robot_drive/launch
[1.645s] running install_egg_info
[1.673s] Copying ../build/robot_drive/robot_drive.egg-info to /home/monkeydluffy/SLAM-ROS2-Backend/src/install/robot_drive/lib/python3.12/site-packages/robot_drive-0.0.0-py3.12.egg-info
[1.674s] running install_scripts
[1.854s] Installing joy_node script to /home/monkeydluffy/SLAM-ROS2-Backend/src/install/robot_drive/lib/robot_drive
[1.854s] Installing pwm script to /home/monkeydluffy/SLAM-ROS2-Backend/src/install/robot_drive/lib/robot_drive
[1.854s] Installing send_power script to /home/monkeydluffy/SLAM-ROS2-Backend/src/install/robot_drive/lib/robot_drive
[1.854s] writing list of installed files to '/home/monkeydluffy/SLAM-ROS2-Backend/src/build/robot_drive/install.log'
[1.931s] Invoked command in '/home/monkeydluffy/SLAM-ROS2-Backend/src/robot_drive' returned '0': DEBUGINFOD_URLS=https://debuginfod.ubuntu.com PYTHONPATH=/home/monkeydluffy/SLAM-ROS2-Backend/src/build/robot_drive/prefix_override:/usr/lib/python3/dist-packages/colcon_core/task/python/colcon_distutils_commands:/home/monkeydluffy/SLAM-ROS2-Backend/src/install/robot_drive/lib/python3.12/site-packages:${PYTHONPATH} /usr/bin/python3 -W ignore:setup.py install is deprecated -W ignore:easy_install command is deprecated setup.py egg_info --egg-base ../build/robot_drive build --build-base /home/monkeydluffy/SLAM-ROS2-Backend/src/build/robot_drive/build install --record /home/monkeydluffy/SLAM-ROS2-Backend/src/build/robot_drive/install.log --single-version-externally-managed install_data
