[3.235s] Invoking command in '/home/monkeydluffy/ros2_packages/SLAM-ROS2-Backend/src/robot_drive': PYTHONPATH=/home/monkeydluffy/ros2_packages/SLAM-ROS2-Backend/build/robot_drive/prefix_override:/usr/lib/python3/dist-packages/colcon_core/task/python/colcon_distutils_commands:/home/monkeydluffy/ros2_packages/SLAM-ROS2-Backend/install/robot_drive/lib/python3.10/site-packages:${PYTHONPATH} /usr/bin/python3 -W ignore:setup.py install is deprecated -W ignore:easy_install command is deprecated setup.py egg_info --egg-base ../../build/robot_drive build --build-base /home/monkeydluffy/ros2_packages/SLAM-ROS2-Backend/build/robot_drive/build install --record /home/monkeydluffy/ros2_packages/SLAM-ROS2-Backend/build/robot_drive/install.log --single-version-externally-managed install_data
[4.562s] running egg_info
[4.565s] writing ../../build/robot_drive/robot_drive.egg-info/PKG-INFO
[4.568s] writing dependency_links to ../../build/robot_drive/robot_drive.egg-info/dependency_links.txt
[4.569s] writing entry points to ../../build/robot_drive/robot_drive.egg-info/entry_points.txt
[4.569s] writing requirements to ../../build/robot_drive/robot_drive.egg-info/requires.txt
[4.570s] writing top-level names to ../../build/robot_drive/robot_drive.egg-info/top_level.txt
[4.578s] reading manifest file '../../build/robot_drive/robot_drive.egg-info/SOURCES.txt'
[4.580s] adding license file 'LICENSE'
[4.582s] writing manifest file '../../build/robot_drive/robot_drive.egg-info/SOURCES.txt'
[4.583s] running build
[4.583s] running build_py
[4.585s] copying robot_drive/pwm_convert.py -> /home/monkeydluffy/ros2_packages/SLAM-ROS2-Backend/build/robot_drive/build/lib/robot_drive
[4.586s] copying robot_drive/send_power.py -> /home/monkeydluffy/ros2_packages/SLAM-ROS2-Backend/build/robot_drive/build/lib/robot_drive
[4.588s] running install
[4.589s] running install_lib
[4.593s] copying /home/monkeydluffy/ros2_packages/SLAM-ROS2-Backend/build/robot_drive/build/lib/robot_drive/pwm_convert.py -> /home/monkeydluffy/ros2_packages/SLAM-ROS2-Backend/install/robot_drive/lib/python3.10/site-packages/robot_drive
[4.595s] copying /home/monkeydluffy/ros2_packages/SLAM-ROS2-Backend/build/robot_drive/build/lib/robot_drive/send_power.py -> /home/monkeydluffy/ros2_packages/SLAM-ROS2-Backend/install/robot_drive/lib/python3.10/site-packages/robot_drive
[4.598s] byte-compiling /home/monkeydluffy/ros2_packages/SLAM-ROS2-Backend/install/robot_drive/lib/python3.10/site-packages/robot_drive/pwm_convert.py to pwm_convert.cpython-310.pyc
[4.601s] byte-compiling /home/monkeydluffy/ros2_packages/SLAM-ROS2-Backend/install/robot_drive/lib/python3.10/site-packages/robot_drive/send_power.py to send_power.cpython-310.pyc
[4.604s] running install_data
[4.604s] running install_egg_info
[4.611s] removing '/home/monkeydluffy/ros2_packages/SLAM-ROS2-Backend/install/robot_drive/lib/python3.10/site-packages/robot_drive-0.0.0-py3.10.egg-info' (and everything under it)
[4.613s] Copying ../../build/robot_drive/robot_drive.egg-info to /home/monkeydluffy/ros2_packages/SLAM-ROS2-Backend/install/robot_drive/lib/python3.10/site-packages/robot_drive-0.0.0-py3.10.egg-info
[4.619s] running install_scripts
[4.698s] Installing joy_node script to /home/monkeydluffy/ros2_packages/SLAM-ROS2-Backend/install/robot_drive/lib/robot_drive
[4.699s] Installing pwm script to /home/monkeydluffy/ros2_packages/SLAM-ROS2-Backend/install/robot_drive/lib/robot_drive
[4.700s] Installing send_power script to /home/monkeydluffy/ros2_packages/SLAM-ROS2-Backend/install/robot_drive/lib/robot_drive
[4.702s] writing list of installed files to '/home/monkeydluffy/ros2_packages/SLAM-ROS2-Backend/build/robot_drive/install.log'
[4.825s] Invoked command in '/home/monkeydluffy/ros2_packages/SLAM-ROS2-Backend/src/robot_drive' returned '0': PYTHONPATH=/home/monkeydluffy/ros2_packages/SLAM-ROS2-Backend/build/robot_drive/prefix_override:/usr/lib/python3/dist-packages/colcon_core/task/python/colcon_distutils_commands:/home/monkeydluffy/ros2_packages/SLAM-ROS2-Backend/install/robot_drive/lib/python3.10/site-packages:${PYTHONPATH} /usr/bin/python3 -W ignore:setup.py install is deprecated -W ignore:easy_install command is deprecated setup.py egg_info --egg-base ../../build/robot_drive build --build-base /home/monkeydluffy/ros2_packages/SLAM-ROS2-Backend/build/robot_drive/build install --record /home/monkeydluffy/ros2_packages/SLAM-ROS2-Backend/build/robot_drive/install.log --single-version-externally-managed install_data
