running egg_info
writing ../build/robot_drive/robot_drive.egg-info/PKG-INFO
writing dependency_links to ../build/robot_drive/robot_drive.egg-info/dependency_links.txt
writing entry points to ../build/robot_drive/robot_drive.egg-info/entry_points.txt
writing requirements to ../build/robot_drive/robot_drive.egg-info/requires.txt
writing top-level names to ../build/robot_drive/robot_drive.egg-info/top_level.txt
reading manifest file '../build/robot_drive/robot_drive.egg-info/SOURCES.txt'
adding license file 'LICENSE'
writing manifest file '../build/robot_drive/robot_drive.egg-info/SOURCES.txt'
running build
running build_py
copying robot_drive/encoder_publisher.py -> /home/monkeydluffy/ros2_packages/SLAM-ROS2-Backend/src/build/robot_drive/build/lib/robot_drive
running install
running install_lib
creating /home/monkeydluffy/ros2_packages/SLAM-ROS2-Backend/src/install/robot_drive/lib/python3.10/site-packages/robot_drive
copying /home/monkeydluffy/ros2_packages/SLAM-ROS2-Backend/src/build/robot_drive/build/lib/robot_drive/robot_utils.py -> /home/monkeydluffy/ros2_packages/SLAM-ROS2-Backend/src/install/robot_drive/lib/python3.10/site-packages/robot_drive
copying /home/monkeydluffy/ros2_packages/SLAM-ROS2-Backend/src/build/robot_drive/build/lib/robot_drive/encoder_publisher.py -> /home/monkeydluffy/ros2_packages/SLAM-ROS2-Backend/src/install/robot_drive/lib/python3.10/site-packages/robot_drive
copying /home/monkeydluffy/ros2_packages/SLAM-ROS2-Backend/src/build/robot_drive/build/lib/robot_drive/__init__.py -> /home/monkeydluffy/ros2_packages/SLAM-ROS2-Backend/src/install/robot_drive/lib/python3.10/site-packages/robot_drive
copying /home/monkeydluffy/ros2_packages/SLAM-ROS2-Backend/src/build/robot_drive/build/lib/robot_drive/pwm_convert.py -> /home/monkeydluffy/ros2_packages/SLAM-ROS2-Backend/src/install/robot_drive/lib/python3.10/site-packages/robot_drive
copying /home/monkeydluffy/ros2_packages/SLAM-ROS2-Backend/src/build/robot_drive/build/lib/robot_drive/joy_node.py -> /home/monkeydluffy/ros2_packages/SLAM-ROS2-Backend/src/install/robot_drive/lib/python3.10/site-packages/robot_drive
copying /home/monkeydluffy/ros2_packages/SLAM-ROS2-Backend/src/build/robot_drive/build/lib/robot_drive/send_power.py -> /home/monkeydluffy/ros2_packages/SLAM-ROS2-Backend/src/install/robot_drive/lib/python3.10/site-packages/robot_drive
copying /home/monkeydluffy/ros2_packages/SLAM-ROS2-Backend/src/build/robot_drive/build/lib/robot_drive/pca9685.py -> /home/monkeydluffy/ros2_packages/SLAM-ROS2-Backend/src/install/robot_drive/lib/python3.10/site-packages/robot_drive
byte-compiling /home/monkeydluffy/ros2_packages/SLAM-ROS2-Backend/src/install/robot_drive/lib/python3.10/site-packages/robot_drive/robot_utils.py to robot_utils.cpython-310.pyc
byte-compiling /home/monkeydluffy/ros2_packages/SLAM-ROS2-Backend/src/install/robot_drive/lib/python3.10/site-packages/robot_drive/encoder_publisher.py to encoder_publisher.cpython-310.pyc
byte-compiling /home/monkeydluffy/ros2_packages/SLAM-ROS2-Backend/src/install/robot_drive/lib/python3.10/site-packages/robot_drive/__init__.py to __init__.cpython-310.pyc
byte-compiling /home/monkeydluffy/ros2_packages/SLAM-ROS2-Backend/src/install/robot_drive/lib/python3.10/site-packages/robot_drive/pwm_convert.py to pwm_convert.cpython-310.pyc
byte-compiling /home/monkeydluffy/ros2_packages/SLAM-ROS2-Backend/src/install/robot_drive/lib/python3.10/site-packages/robot_drive/joy_node.py to joy_node.cpython-310.pyc
byte-compiling /home/monkeydluffy/ros2_packages/SLAM-ROS2-Backend/src/install/robot_drive/lib/python3.10/site-packages/robot_drive/send_power.py to send_power.cpython-310.pyc
byte-compiling /home/monkeydluffy/ros2_packages/SLAM-ROS2-Backend/src/install/robot_drive/lib/python3.10/site-packages/robot_drive/pca9685.py to pca9685.cpython-310.pyc
running install_data
copying package.xml -> /home/monkeydluffy/ros2_packages/SLAM-ROS2-Backend/src/install/robot_drive/share/robot_drive
copying launch/dev.launch.py -> /home/monkeydluffy/ros2_packages/SLAM-ROS2-Backend/src/install/robot_drive/share/robot_drive/launch
copying launch/robot.launch.py -> /home/monkeydluffy/ros2_packages/SLAM-ROS2-Backend/src/install/robot_drive/share/robot_drive/launch
running install_egg_info
Copying ../build/robot_drive/robot_drive.egg-info to /home/monkeydluffy/ros2_packages/SLAM-ROS2-Backend/src/install/robot_drive/lib/python3.10/site-packages/robot_drive-0.0.0-py3.10.egg-info
running install_scripts
Installing joy_node script to /home/monkeydluffy/ros2_packages/SLAM-ROS2-Backend/src/install/robot_drive/lib/robot_drive
Installing pwm script to /home/monkeydluffy/ros2_packages/SLAM-ROS2-Backend/src/install/robot_drive/lib/robot_drive
Installing send_power script to /home/monkeydluffy/ros2_packages/SLAM-ROS2-Backend/src/install/robot_drive/lib/robot_drive
writing list of installed files to '/home/monkeydluffy/ros2_packages/SLAM-ROS2-Backend/src/build/robot_drive/install.log'
