[3.210s] Invoking command in '/home/monkeydluffy/SLAM-ROS2-Backend/src/robot_drive': PYTHONPATH=/home/monkeydluffy/SLAM-ROS2-Backend/build/robot_drive/prefix_override:/usr/lib/python3/dist-packages/colcon_core/task/python/colcon_distutils_commands:/home/monkeydluffy/SLAM-ROS2-Backend/install/robot_drive/lib/python3.10/site-packages:${PYTHONPATH} /usr/bin/python3 -W ignore:setup.py install is deprecated -W ignore:easy_install command is deprecated setup.py egg_info --egg-base ../../build/robot_drive build --build-base /home/monkeydluffy/SLAM-ROS2-Backend/build/robot_drive/build install --record /home/monkeydluffy/SLAM-ROS2-Backend/build/robot_drive/install.log --single-version-externally-managed install_data
[4.632s] running egg_info
[4.635s] writing ../../build/robot_drive/robot_drive.egg-info/PKG-INFO
[4.636s] writing dependency_links to ../../build/robot_drive/robot_drive.egg-info/dependency_links.txt
[4.637s] writing entry points to ../../build/robot_drive/robot_drive.egg-info/entry_points.txt
[4.637s] writing requirements to ../../build/robot_drive/robot_drive.egg-info/requires.txt
[4.638s] writing top-level names to ../../build/robot_drive/robot_drive.egg-info/top_level.txt
[4.646s] reading manifest file '../../build/robot_drive/robot_drive.egg-info/SOURCES.txt'
[4.648s] adding license file 'LICENSE'
[4.651s] writing manifest file '../../build/robot_drive/robot_drive.egg-info/SOURCES.txt'
[4.651s] running build
[4.652s] running build_py
[4.654s] copying robot_drive/joy_node.py -> /home/monkeydluffy/SLAM-ROS2-Backend/build/robot_drive/build/lib/robot_drive
[4.656s] running install
[4.657s] running install_lib
[4.661s] copying /home/monkeydluffy/SLAM-ROS2-Backend/build/robot_drive/build/lib/robot_drive/joy_node.py -> /home/monkeydluffy/SLAM-ROS2-Backend/install/robot_drive/lib/python3.10/site-packages/robot_drive
[4.666s] byte-compiling /home/monkeydluffy/SLAM-ROS2-Backend/install/robot_drive/lib/python3.10/site-packages/robot_drive/joy_node.py to joy_node.cpython-310.pyc
[4.669s] running install_data
[4.670s] running install_egg_info
[4.683s] removing '/home/monkeydluffy/SLAM-ROS2-Backend/install/robot_drive/lib/python3.10/site-packages/robot_drive-0.0.0-py3.10.egg-info' (and everything under it)
[4.685s] Copying ../../build/robot_drive/robot_drive.egg-info to /home/monkeydluffy/SLAM-ROS2-Backend/install/robot_drive/lib/python3.10/site-packages/robot_drive-0.0.0-py3.10.egg-info
[4.690s] running install_scripts
[4.769s] Installing joy_node script to /home/monkeydluffy/SLAM-ROS2-Backend/install/robot_drive/lib/robot_drive
[4.770s] Installing pwm script to /home/monkeydluffy/SLAM-ROS2-Backend/install/robot_drive/lib/robot_drive
[4.772s] Installing send_power script to /home/monkeydluffy/SLAM-ROS2-Backend/install/robot_drive/lib/robot_drive
[4.775s] writing list of installed files to '/home/monkeydluffy/SLAM-ROS2-Backend/build/robot_drive/install.log'
[4.905s] Invoked command in '/home/monkeydluffy/SLAM-ROS2-Backend/src/robot_drive' returned '0': PYTHONPATH=/home/monkeydluffy/SLAM-ROS2-Backend/build/robot_drive/prefix_override:/usr/lib/python3/dist-packages/colcon_core/task/python/colcon_distutils_commands:/home/monkeydluffy/SLAM-ROS2-Backend/install/robot_drive/lib/python3.10/site-packages:${PYTHONPATH} /usr/bin/python3 -W ignore:setup.py install is deprecated -W ignore:easy_install command is deprecated setup.py egg_info --egg-base ../../build/robot_drive build --build-base /home/monkeydluffy/SLAM-ROS2-Backend/build/robot_drive/build install --record /home/monkeydluffy/SLAM-ROS2-Backend/build/robot_drive/install.log --single-version-externally-managed install_data
