running develop
Removing /home/tarkin/rover_ws/install/robot_drive/lib/python3.10/site-packages/robot-drive.egg-link (link to .)
running egg_info
writing ../build/robot_drive/robot_drive.egg-info/PKG-INFO
writing dependency_links to ../build/robot_drive/robot_drive.egg-info/dependency_links.txt
writing entry points to ../build/robot_drive/robot_drive.egg-info/entry_points.txt
writing requirements to ../build/robot_drive/robot_drive.egg-info/requires.txt
writing top-level names to ../build/robot_drive/robot_drive.egg-info/top_level.txt
reading manifest file '../build/robot_drive/robot_drive.egg-info/SOURCES.txt'
adding license file 'LICENSE'
writing manifest file '../build/robot_drive/robot_drive.egg-info/SOURCES.txt'
running build
running build_py
copying robot_drive/send_power.py -> /home/tarkin/rover_ws/build/robot_drive/build/lib/robot_drive
running install
running install_lib
creating /home/tarkin/rover_ws/install/robot_drive/lib/python3.10/site-packages/robot_drive
copying /home/tarkin/rover_ws/build/robot_drive/build/lib/robot_drive/__init__.py -> /home/tarkin/rover_ws/install/robot_drive/lib/python3.10/site-packages/robot_drive
copying /home/tarkin/rover_ws/build/robot_drive/build/lib/robot_drive/joy_node.py -> /home/tarkin/rover_ws/install/robot_drive/lib/python3.10/site-packages/robot_drive
copying /home/tarkin/rover_ws/build/robot_drive/build/lib/robot_drive/send_power.py -> /home/tarkin/rover_ws/install/robot_drive/lib/python3.10/site-packages/robot_drive
byte-compiling /home/tarkin/rover_ws/install/robot_drive/lib/python3.10/site-packages/robot_drive/__init__.py to __init__.cpython-310.pyc
byte-compiling /home/tarkin/rover_ws/install/robot_drive/lib/python3.10/site-packages/robot_drive/joy_node.py to joy_node.cpython-310.pyc
byte-compiling /home/tarkin/rover_ws/install/robot_drive/lib/python3.10/site-packages/robot_drive/send_power.py to send_power.cpython-310.pyc
running install_data
copying resource/robot_drive -> /home/tarkin/rover_ws/install/robot_drive/share/ament_index/resource_index/packages
copying package.xml -> /home/tarkin/rover_ws/install/robot_drive/share/robot_drive
running install_egg_info
Copying ../build/robot_drive/robot_drive.egg-info to /home/tarkin/rover_ws/install/robot_drive/lib/python3.10/site-packages/robot_drive-0.0.0-py3.10.egg-info
running install_scripts
Installing joy_node script to /home/tarkin/rover_ws/install/robot_drive/lib/robot_drive
Installing send_power script to /home/tarkin/rover_ws/install/robot_drive/lib/robot_drive
writing list of installed files to '/home/tarkin/rover_ws/build/robot_drive/install.log'
