[0.604s] Invoking command in '/home/tarkin/rover_ws/build/robot_drive': PYTHONPATH=/home/tarkin/rover_ws/build/robot_drive/prefix_override:/usr/lib/python3/dist-packages/colcon_core/task/python/colcon_distutils_commands:/home/tarkin/rover_ws/install/robot_drive/lib/python3.10/site-packages:${PYTHONPATH} /usr/bin/python3 -W ignore:setup.py install is deprecated -W ignore:easy_install command is deprecated setup.py develop --uninstall --editable --build-directory /home/tarkin/rover_ws/build/robot_drive/build
[0.852s] running develop
[1.008s] Removing /home/tarkin/rover_ws/install/robot_drive/lib/python3.10/site-packages/robot-drive.egg-link (link to .)
[1.032s] Invoked command in '/home/tarkin/rover_ws/build/robot_drive' returned '0': PYTHONPATH=/home/tarkin/rover_ws/build/robot_drive/prefix_override:/usr/lib/python3/dist-packages/colcon_core/task/python/colcon_distutils_commands:/home/tarkin/rover_ws/install/robot_drive/lib/python3.10/site-packages:${PYTHONPATH} /usr/bin/python3 -W ignore:setup.py install is deprecated -W ignore:easy_install command is deprecated setup.py develop --uninstall --editable --build-directory /home/tarkin/rover_ws/build/robot_drive/build
[1.034s] Invoking command in '/home/tarkin/rover_ws/robot_drive': PYTHONPATH=/home/tarkin/rover_ws/build/robot_drive/prefix_override:/usr/lib/python3/dist-packages/colcon_core/task/python/colcon_distutils_commands:/home/tarkin/rover_ws/install/robot_drive/lib/python3.10/site-packages:${PYTHONPATH} /usr/bin/python3 -W ignore:setup.py install is deprecated -W ignore:easy_install command is deprecated setup.py egg_info --egg-base ../build/robot_drive build --build-base /home/tarkin/rover_ws/build/robot_drive/build install --record /home/tarkin/rover_ws/build/robot_drive/install.log --single-version-externally-managed install_data --force
[1.261s] running egg_info
[1.262s] writing ../build/robot_drive/robot_drive.egg-info/PKG-INFO
[1.262s] writing dependency_links to ../build/robot_drive/robot_drive.egg-info/dependency_links.txt
[1.262s] writing entry points to ../build/robot_drive/robot_drive.egg-info/entry_points.txt
[1.263s] writing requirements to ../build/robot_drive/robot_drive.egg-info/requires.txt
[1.263s] writing top-level names to ../build/robot_drive/robot_drive.egg-info/top_level.txt
[1.264s] reading manifest file '../build/robot_drive/robot_drive.egg-info/SOURCES.txt'
[1.264s] adding license file 'LICENSE'
[1.265s] writing manifest file '../build/robot_drive/robot_drive.egg-info/SOURCES.txt'
[1.265s] running build
[1.265s] running build_py
[1.265s] copying robot_drive/send_power.py -> /home/tarkin/rover_ws/build/robot_drive/build/lib/robot_drive
[1.265s] running install
[1.266s] running install_lib
[1.266s] creating /home/tarkin/rover_ws/install/robot_drive/lib/python3.10/site-packages/robot_drive
[1.267s] copying /home/tarkin/rover_ws/build/robot_drive/build/lib/robot_drive/__init__.py -> /home/tarkin/rover_ws/install/robot_drive/lib/python3.10/site-packages/robot_drive
[1.267s] copying /home/tarkin/rover_ws/build/robot_drive/build/lib/robot_drive/joy_node.py -> /home/tarkin/rover_ws/install/robot_drive/lib/python3.10/site-packages/robot_drive
[1.267s] copying /home/tarkin/rover_ws/build/robot_drive/build/lib/robot_drive/send_power.py -> /home/tarkin/rover_ws/install/robot_drive/lib/python3.10/site-packages/robot_drive
[1.267s] byte-compiling /home/tarkin/rover_ws/install/robot_drive/lib/python3.10/site-packages/robot_drive/__init__.py to __init__.cpython-310.pyc
[1.267s] byte-compiling /home/tarkin/rover_ws/install/robot_drive/lib/python3.10/site-packages/robot_drive/joy_node.py to joy_node.cpython-310.pyc
[1.268s] byte-compiling /home/tarkin/rover_ws/install/robot_drive/lib/python3.10/site-packages/robot_drive/send_power.py to send_power.cpython-310.pyc
[1.268s] running install_data
[1.268s] copying resource/robot_drive -> /home/tarkin/rover_ws/install/robot_drive/share/ament_index/resource_index/packages
[1.269s] copying package.xml -> /home/tarkin/rover_ws/install/robot_drive/share/robot_drive
[1.269s] running install_egg_info
[1.270s] Copying ../build/robot_drive/robot_drive.egg-info to /home/tarkin/rover_ws/install/robot_drive/lib/python3.10/site-packages/robot_drive-0.0.0-py3.10.egg-info
[1.271s] running install_scripts
[1.291s] Installing joy_node script to /home/tarkin/rover_ws/install/robot_drive/lib/robot_drive
[1.291s] Installing send_power script to /home/tarkin/rover_ws/install/robot_drive/lib/robot_drive
[1.291s] writing list of installed files to '/home/tarkin/rover_ws/build/robot_drive/install.log'
[1.313s] Invoked command in '/home/tarkin/rover_ws/robot_drive' returned '0': PYTHONPATH=/home/tarkin/rover_ws/build/robot_drive/prefix_override:/usr/lib/python3/dist-packages/colcon_core/task/python/colcon_distutils_commands:/home/tarkin/rover_ws/install/robot_drive/lib/python3.10/site-packages:${PYTHONPATH} /usr/bin/python3 -W ignore:setup.py install is deprecated -W ignore:easy_install command is deprecated setup.py egg_info --egg-base ../build/robot_drive build --build-base /home/tarkin/rover_ws/build/robot_drive/build install --record /home/tarkin/rover_ws/build/robot_drive/install.log --single-version-externally-managed install_data --force
