[5.008s] Invoking command in '/home/monkeydluffy/ros2_packages/SLAM-ROS2-Backend/src/bno055_driver': PYTHONPATH=/home/monkeydluffy/ros2_packages/SLAM-ROS2-Backend/src/build/bno055_driver/prefix_override:/usr/lib/python3/dist-packages/colcon_core/task/python/colcon_distutils_commands:/home/monkeydluffy/ros2_packages/SLAM-ROS2-Backend/src/install/bno055_driver/lib/python3.10/site-packages:${PYTHONPATH} /usr/bin/python3 -W ignore:setup.py install is deprecated -W ignore:easy_install command is deprecated setup.py egg_info --egg-base ../build/bno055_driver build --build-base /home/monkeydluffy/ros2_packages/SLAM-ROS2-Backend/src/build/bno055_driver/build install --record /home/monkeydluffy/ros2_packages/SLAM-ROS2-Backend/src/build/bno055_driver/install.log --install-scripts $base/lib/bno055_driver --single-version-externally-managed install_data
[6.405s] /usr/lib/python3/dist-packages/setuptools/dist.py:723: UserWarning: Usage of dash-separated 'script-dir' will not be supported in future versions. Please use the underscore name 'script_dir' instead
[6.408s]   warnings.warn(
[6.446s] running egg_info
[6.448s] creating ../build/bno055_driver/bno055_driver.egg-info
[6.453s] writing ../build/bno055_driver/bno055_driver.egg-info/PKG-INFO
[6.454s] writing dependency_links to ../build/bno055_driver/bno055_driver.egg-info/dependency_links.txt
[6.454s] writing entry points to ../build/bno055_driver/bno055_driver.egg-info/entry_points.txt
[6.455s] writing requirements to ../build/bno055_driver/bno055_driver.egg-info/requires.txt
[6.455s] writing top-level names to ../build/bno055_driver/bno055_driver.egg-info/top_level.txt
[6.456s] writing manifest file '../build/bno055_driver/bno055_driver.egg-info/SOURCES.txt'
[6.462s] reading manifest file '../build/bno055_driver/bno055_driver.egg-info/SOURCES.txt'
[6.464s] adding license file 'LICENSE'
[6.467s] writing manifest file '../build/bno055_driver/bno055_driver.egg-info/SOURCES.txt'
[6.480s] running build
[6.480s] running build_py
[6.481s] creating /home/monkeydluffy/ros2_packages/SLAM-ROS2-Backend/src/build/bno055_driver/build
[6.481s] creating /home/monkeydluffy/ros2_packages/SLAM-ROS2-Backend/src/build/bno055_driver/build/lib
[6.485s] creating /home/monkeydluffy/ros2_packages/SLAM-ROS2-Backend/src/build/bno055_driver/build/lib/bno055_driver
[6.485s] copying bno055_driver/path_visualizer.py -> /home/monkeydluffy/ros2_packages/SLAM-ROS2-Backend/src/build/bno055_driver/build/lib/bno055_driver
[6.486s] copying bno055_driver/bno055_driver.py -> /home/monkeydluffy/ros2_packages/SLAM-ROS2-Backend/src/build/bno055_driver/build/lib/bno055_driver
[6.487s] copying bno055_driver/imu_test.py -> /home/monkeydluffy/ros2_packages/SLAM-ROS2-Backend/src/build/bno055_driver/build/lib/bno055_driver
[6.487s] copying bno055_driver/__init__.py -> /home/monkeydluffy/ros2_packages/SLAM-ROS2-Backend/src/build/bno055_driver/build/lib/bno055_driver
[6.488s] copying bno055_driver/odometry_publisher.py -> /home/monkeydluffy/ros2_packages/SLAM-ROS2-Backend/src/build/bno055_driver/build/lib/bno055_driver
[6.488s] copying bno055_driver/publish_transform.py -> /home/monkeydluffy/ros2_packages/SLAM-ROS2-Backend/src/build/bno055_driver/build/lib/bno055_driver
[6.491s] running install
[6.492s] running install_lib
[6.497s] creating /home/monkeydluffy/ros2_packages/SLAM-ROS2-Backend/src/install/bno055_driver/lib/python3.10/site-packages/bno055_driver
[6.498s] copying /home/monkeydluffy/ros2_packages/SLAM-ROS2-Backend/src/build/bno055_driver/build/lib/bno055_driver/path_visualizer.py -> /home/monkeydluffy/ros2_packages/SLAM-ROS2-Backend/src/install/bno055_driver/lib/python3.10/site-packages/bno055_driver
[6.500s] copying /home/monkeydluffy/ros2_packages/SLAM-ROS2-Backend/src/build/bno055_driver/build/lib/bno055_driver/bno055_driver.py -> /home/monkeydluffy/ros2_packages/SLAM-ROS2-Backend/src/install/bno055_driver/lib/python3.10/site-packages/bno055_driver
[6.501s] copying /home/monkeydluffy/ros2_packages/SLAM-ROS2-Backend/src/build/bno055_driver/build/lib/bno055_driver/imu_test.py -> /home/monkeydluffy/ros2_packages/SLAM-ROS2-Backend/src/install/bno055_driver/lib/python3.10/site-packages/bno055_driver
[6.503s] copying /home/monkeydluffy/ros2_packages/SLAM-ROS2-Backend/src/build/bno055_driver/build/lib/bno055_driver/__init__.py -> /home/monkeydluffy/ros2_packages/SLAM-ROS2-Backend/src/install/bno055_driver/lib/python3.10/site-packages/bno055_driver
[6.504s] copying /home/monkeydluffy/ros2_packages/SLAM-ROS2-Backend/src/build/bno055_driver/build/lib/bno055_driver/odometry_publisher.py -> /home/monkeydluffy/ros2_packages/SLAM-ROS2-Backend/src/install/bno055_driver/lib/python3.10/site-packages/bno055_driver
[6.504s] copying /home/monkeydluffy/ros2_packages/SLAM-ROS2-Backend/src/build/bno055_driver/build/lib/bno055_driver/publish_transform.py -> /home/monkeydluffy/ros2_packages/SLAM-ROS2-Backend/src/install/bno055_driver/lib/python3.10/site-packages/bno055_driver
[6.507s] byte-compiling /home/monkeydluffy/ros2_packages/SLAM-ROS2-Backend/src/install/bno055_driver/lib/python3.10/site-packages/bno055_driver/path_visualizer.py to path_visualizer.cpython-310.pyc
[6.510s] byte-compiling /home/monkeydluffy/ros2_packages/SLAM-ROS2-Backend/src/install/bno055_driver/lib/python3.10/site-packages/bno055_driver/bno055_driver.py to bno055_driver.cpython-310.pyc
[6.513s] byte-compiling /home/monkeydluffy/ros2_packages/SLAM-ROS2-Backend/src/install/bno055_driver/lib/python3.10/site-packages/bno055_driver/imu_test.py to imu_test.cpython-310.pyc
[6.515s] byte-compiling /home/monkeydluffy/ros2_packages/SLAM-ROS2-Backend/src/install/bno055_driver/lib/python3.10/site-packages/bno055_driver/__init__.py to __init__.cpython-310.pyc
[6.517s] byte-compiling /home/monkeydluffy/ros2_packages/SLAM-ROS2-Backend/src/install/bno055_driver/lib/python3.10/site-packages/bno055_driver/odometry_publisher.py to odometry_publisher.cpython-310.pyc
[6.521s] byte-compiling /home/monkeydluffy/ros2_packages/SLAM-ROS2-Backend/src/install/bno055_driver/lib/python3.10/site-packages/bno055_driver/publish_transform.py to publish_transform.cpython-310.pyc
[6.523s] running install_data
[6.524s] creating /home/monkeydluffy/ros2_packages/SLAM-ROS2-Backend/src/install/bno055_driver/share/ament_index
[6.524s] creating /home/monkeydluffy/ros2_packages/SLAM-ROS2-Backend/src/install/bno055_driver/share/ament_index/resource_index
[6.526s] creating /home/monkeydluffy/ros2_packages/SLAM-ROS2-Backend/src/install/bno055_driver/share/ament_index/resource_index/packages
[6.527s] copying resource/bno055_driver -> /home/monkeydluffy/ros2_packages/SLAM-ROS2-Backend/src/install/bno055_driver/share/ament_index/resource_index/packages
[6.527s] copying package.xml -> /home/monkeydluffy/ros2_packages/SLAM-ROS2-Backend/src/install/bno055_driver/share/bno055_driver
[6.528s] copying launch/imu.launch.py -> /home/monkeydluffy/ros2_packages/SLAM-ROS2-Backend/src/install/bno055_driver/share/bno055_driver
[6.528s] creating /home/monkeydluffy/ros2_packages/SLAM-ROS2-Backend/src/install/bno055_driver/share/bno055_driver/config
[6.531s] copying config/params.yaml -> /home/monkeydluffy/ros2_packages/SLAM-ROS2-Backend/src/install/bno055_driver/share/bno055_driver/config
[6.531s] running install_egg_info
[6.540s] Copying ../build/bno055_driver/bno055_driver.egg-info to /home/monkeydluffy/ros2_packages/SLAM-ROS2-Backend/src/install/bno055_driver/lib/python3.10/site-packages/bno055_driver-1.0.0-py3.10.egg-info
[6.545s] running install_scripts
[6.623s] Installing bno055_driver script to /home/monkeydluffy/ros2_packages/SLAM-ROS2-Backend/src/install/bno055_driver/lib/bno055_driver
[6.623s] Installing imu_odometry script to /home/monkeydluffy/ros2_packages/SLAM-ROS2-Backend/src/install/bno055_driver/lib/bno055_driver
[6.624s] Installing tf_odom_update script to /home/monkeydluffy/ros2_packages/SLAM-ROS2-Backend/src/install/bno055_driver/lib/bno055_driver
[6.626s] writing list of installed files to '/home/monkeydluffy/ros2_packages/SLAM-ROS2-Backend/src/build/bno055_driver/install.log'
[6.764s] Invoked command in '/home/monkeydluffy/ros2_packages/SLAM-ROS2-Backend/src/bno055_driver' returned '0': PYTHONPATH=/home/monkeydluffy/ros2_packages/SLAM-ROS2-Backend/src/build/bno055_driver/prefix_override:/usr/lib/python3/dist-packages/colcon_core/task/python/colcon_distutils_commands:/home/monkeydluffy/ros2_packages/SLAM-ROS2-Backend/src/install/bno055_driver/lib/python3.10/site-packages:${PYTHONPATH} /usr/bin/python3 -W ignore:setup.py install is deprecated -W ignore:easy_install command is deprecated setup.py egg_info --egg-base ../build/bno055_driver build --build-base /home/monkeydluffy/ros2_packages/SLAM-ROS2-Backend/src/build/bno055_driver/build install --record /home/monkeydluffy/ros2_packages/SLAM-ROS2-Backend/src/build/bno055_driver/install.log --install-scripts $base/lib/bno055_driver --single-version-externally-managed install_data
