/home/monkeydluffy/ros2_packages/SLAM-ROS2-Backend/src/install/bno055_driver/lib/python3.10/site-packages/bno055_driver/path_visualizer.py
/home/monkeydluffy/ros2_packages/SLAM-ROS2-Backend/src/install/bno055_driver/lib/python3.10/site-packages/bno055_driver/bno055_driver.py
/home/monkeydluffy/ros2_packages/SLAM-ROS2-Backend/src/install/bno055_driver/lib/python3.10/site-packages/bno055_driver/imu_test.py
/home/monkeydluffy/ros2_packages/SLAM-ROS2-Backend/src/install/bno055_driver/lib/python3.10/site-packages/bno055_driver/__init__.py
/home/monkeydluffy/ros2_packages/SLAM-ROS2-Backend/src/install/bno055_driver/lib/python3.10/site-packages/bno055_driver/odometry_publisher.py
/home/monkeydluffy/ros2_packages/SLAM-ROS2-Backend/src/install/bno055_driver/lib/python3.10/site-packages/bno055_driver/publish_transform.py
/home/monkeydluffy/ros2_packages/SLAM-ROS2-Backend/src/install/bno055_driver/lib/python3.10/site-packages/bno055_driver/__pycache__/path_visualizer.cpython-310.pyc
/home/monkeydluffy/ros2_packages/SLAM-ROS2-Backend/src/install/bno055_driver/lib/python3.10/site-packages/bno055_driver/__pycache__/bno055_driver.cpython-310.pyc
/home/monkeydluffy/ros2_packages/SLAM-ROS2-Backend/src/install/bno055_driver/lib/python3.10/site-packages/bno055_driver/__pycache__/imu_test.cpython-310.pyc
/home/monkeydluffy/ros2_packages/SLAM-ROS2-Backend/src/install/bno055_driver/lib/python3.10/site-packages/bno055_driver/__pycache__/__init__.cpython-310.pyc
/home/monkeydluffy/ros2_packages/SLAM-ROS2-Backend/src/install/bno055_driver/lib/python3.10/site-packages/bno055_driver/__pycache__/odometry_publisher.cpython-310.pyc
/home/monkeydluffy/ros2_packages/SLAM-ROS2-Backend/src/install/bno055_driver/lib/python3.10/site-packages/bno055_driver/__pycache__/publish_transform.cpython-310.pyc
/home/monkeydluffy/ros2_packages/SLAM-ROS2-Backend/src/install/bno055_driver/share/ament_index/resource_index/packages/bno055_driver
/home/monkeydluffy/ros2_packages/SLAM-ROS2-Backend/src/install/bno055_driver/share/bno055_driver/package.xml
/home/monkeydluffy/ros2_packages/SLAM-ROS2-Backend/src/install/bno055_driver/share/bno055_driver/imu.launch.py
/home/monkeydluffy/ros2_packages/SLAM-ROS2-Backend/src/install/bno055_driver/share/bno055_driver/config/params.yaml
/home/monkeydluffy/ros2_packages/SLAM-ROS2-Backend/src/install/bno055_driver/lib/python3.10/site-packages/bno055_driver-1.0.0-py3.10.egg-info/zip-safe
/home/monkeydluffy/ros2_packages/SLAM-ROS2-Backend/src/install/bno055_driver/lib/python3.10/site-packages/bno055_driver-1.0.0-py3.10.egg-info/PKG-INFO
/home/monkeydluffy/ros2_packages/SLAM-ROS2-Backend/src/install/bno055_driver/lib/python3.10/site-packages/bno055_driver-1.0.0-py3.10.egg-info/top_level.txt
/home/monkeydluffy/ros2_packages/SLAM-ROS2-Backend/src/install/bno055_driver/lib/python3.10/site-packages/bno055_driver-1.0.0-py3.10.egg-info/requires.txt
/home/monkeydluffy/ros2_packages/SLAM-ROS2-Backend/src/install/bno055_driver/lib/python3.10/site-packages/bno055_driver-1.0.0-py3.10.egg-info/entry_points.txt
/home/monkeydluffy/ros2_packages/SLAM-ROS2-Backend/src/install/bno055_driver/lib/python3.10/site-packages/bno055_driver-1.0.0-py3.10.egg-info/dependency_links.txt
/home/monkeydluffy/ros2_packages/SLAM-ROS2-Backend/src/install/bno055_driver/lib/python3.10/site-packages/bno055_driver-1.0.0-py3.10.egg-info/SOURCES.txt
/home/monkeydluffy/ros2_packages/SLAM-ROS2-Backend/src/install/bno055_driver/lib/bno055_driver/bno055_driver
/home/monkeydluffy/ros2_packages/SLAM-ROS2-Backend/src/install/bno055_driver/lib/bno055_driver/imu_odometry
/home/monkeydluffy/ros2_packages/SLAM-ROS2-Backend/src/install/bno055_driver/lib/bno055_driver/tf_odom_update
