[2.909s] Invoking command in '/home/monkeydluffy/SLAM-ROS2-Backend/src/robot_drive': PS1=(.venv) \[\e]0;\u@\h: \w\a\]${debian_chroot:+($debian_chroot)}\[\033[01;32m\]\u@\h\[\033[00m\]:\[\033[01;34m\]\w\[\033[00m\]\$ PYTHONPATH=/home/monkeydluffy/SLAM-ROS2-Backend/build/robot_drive/prefix_override:/usr/lib/python3/dist-packages/colcon_core/task/python/colcon_distutils_commands:/home/monkeydluffy/SLAM-ROS2-Backend/install/robot_drive/lib/python3.10/site-packages:${PYTHONPATH} VIRTUAL_ENV_PROMPT=(.venv) /usr/bin/python3 -W ignore:setup.py install is deprecated -W ignore:easy_install command is deprecated setup.py egg_info --egg-base ../../build/robot_drive build --build-base /home/monkeydluffy/SLAM-ROS2-Backend/build/robot_drive/build install --record /home/monkeydluffy/SLAM-ROS2-Backend/build/robot_drive/install.log --single-version-externally-managed install_data
[3.976s] running egg_info
[3.979s] writing ../../build/robot_drive/robot_drive.egg-info/PKG-INFO
[3.982s] writing dependency_links to ../../build/robot_drive/robot_drive.egg-info/dependency_links.txt
[3.983s] writing entry points to ../../build/robot_drive/robot_drive.egg-info/entry_points.txt
[3.984s] writing requirements to ../../build/robot_drive/robot_drive.egg-info/requires.txt
[3.985s] writing top-level names to ../../build/robot_drive/robot_drive.egg-info/top_level.txt
[3.994s] reading manifest file '../../build/robot_drive/robot_drive.egg-info/SOURCES.txt'
[3.998s] adding license file 'LICENSE'
[4.001s] writing manifest file '../../build/robot_drive/robot_drive.egg-info/SOURCES.txt'
[4.002s] running build
[4.002s] running build_py
[4.006s] copying robot_drive/pwm_convert.py -> /home/monkeydluffy/SLAM-ROS2-Backend/build/robot_drive/build/lib/robot_drive
[4.009s] running install
[4.010s] running install_lib
[4.017s] copying /home/monkeydluffy/SLAM-ROS2-Backend/build/robot_drive/build/lib/robot_drive/pwm_convert.py -> /home/monkeydluffy/SLAM-ROS2-Backend/install/robot_drive/lib/python3.10/site-packages/robot_drive
[4.022s] byte-compiling /home/monkeydluffy/SLAM-ROS2-Backend/install/robot_drive/lib/python3.10/site-packages/robot_drive/pwm_convert.py to pwm_convert.cpython-310.pyc
[4.025s] running install_data
[4.029s] running install_egg_info
[4.041s] removing '/home/monkeydluffy/SLAM-ROS2-Backend/install/robot_drive/lib/python3.10/site-packages/robot_drive-0.0.0-py3.10.egg-info' (and everything under it)
[4.043s] Copying ../../build/robot_drive/robot_drive.egg-info to /home/monkeydluffy/SLAM-ROS2-Backend/install/robot_drive/lib/python3.10/site-packages/robot_drive-0.0.0-py3.10.egg-info
[4.051s] running install_scripts
[4.127s] Installing joy_node script to /home/monkeydluffy/SLAM-ROS2-Backend/install/robot_drive/lib/robot_drive
[4.131s] Installing pwm script to /home/monkeydluffy/SLAM-ROS2-Backend/install/robot_drive/lib/robot_drive
[4.132s] Installing send_power script to /home/monkeydluffy/SLAM-ROS2-Backend/install/robot_drive/lib/robot_drive
[4.134s] writing list of installed files to '/home/monkeydluffy/SLAM-ROS2-Backend/build/robot_drive/install.log'
[4.253s] Invoked command in '/home/monkeydluffy/SLAM-ROS2-Backend/src/robot_drive' returned '0': PS1=(.venv) \[\e]0;\u@\h: \w\a\]${debian_chroot:+($debian_chroot)}\[\033[01;32m\]\u@\h\[\033[00m\]:\[\033[01;34m\]\w\[\033[00m\]\$ PYTHONPATH=/home/monkeydluffy/SLAM-ROS2-Backend/build/robot_drive/prefix_override:/usr/lib/python3/dist-packages/colcon_core/task/python/colcon_distutils_commands:/home/monkeydluffy/SLAM-ROS2-Backend/install/robot_drive/lib/python3.10/site-packages:${PYTHONPATH} VIRTUAL_ENV_PROMPT=(.venv) /usr/bin/python3 -W ignore:setup.py install is deprecated -W ignore:easy_install command is deprecated setup.py egg_info --egg-base ../../build/robot_drive build --build-base /home/monkeydluffy/SLAM-ROS2-Backend/build/robot_drive/build install --record /home/monkeydluffy/SLAM-ROS2-Backend/build/robot_drive/install.log --single-version-externally-managed install_data
