[1.288s] Invoking command in '/home/monkeydluffy/ros2_packages/SLAM-ROS2-Backend/src/build/ldlidar_stl_ros2': CMAKE_PREFIX_PATH=/opt/ros/humble /usr/bin/cmake /home/monkeydluffy/ros2_packages/SLAM-ROS2-Backend/src/ldlidar_stl_ros2 -DCMAKE_INSTALL_PREFIX=/home/monkeydluffy/ros2_packages/SLAM-ROS2-Backend/src/install/ldlidar_stl_ros2
[2.333s] -- The C compiler identification is GNU 11.4.0
[3.102s] -- The CXX compiler identification is GNU 11.4.0
[3.155s] -- Detecting C compiler ABI info
[3.639s] -- Detecting C compiler ABI info - done
[3.669s] -- Check for working C compiler: /usr/bin/cc - skipped
[3.672s] -- Detecting C compile features
[3.677s] -- Detecting C compile features - done
[3.694s] -- Detecting CXX compiler ABI info
[4.155s] -- Detecting CXX compiler ABI info - done
[4.184s] -- Check for working CXX compiler: /usr/bin/c++ - skipped
[4.186s] -- Detecting CXX compile features
[4.191s] -- Detecting CXX compile features - done
[4.244s] -- Found ament_cmake: 1.3.11 (/opt/ros/humble/share/ament_cmake/cmake)
[5.342s] -- Found Python3: /usr/bin/python3 (found version "3.10.12") found components: Interpreter 
[6.038s] -- Found rclcpp: 16.0.12 (/opt/ros/humble/share/rclcpp/cmake)
[7.768s] -- Found rosidl_generator_c: 3.1.6 (/opt/ros/humble/share/rosidl_generator_c/cmake)
[7.815s] -- Found rosidl_adapter: 3.1.6 (/opt/ros/humble/share/rosidl_adapter/cmake)
[7.887s] -- Found rosidl_generator_cpp: 3.1.6 (/opt/ros/humble/share/rosidl_generator_cpp/cmake)
[7.988s] -- Using all available rosidl_typesupport_c: rosidl_typesupport_fastrtps_c;rosidl_typesupport_introspection_c
[8.126s] -- Using all available rosidl_typesupport_cpp: rosidl_typesupport_fastrtps_cpp;rosidl_typesupport_introspection_cpp
[8.493s] -- Found rmw_implementation_cmake: 6.1.2 (/opt/ros/humble/share/rmw_implementation_cmake/cmake)
[8.521s] -- Found rmw_fastrtps_cpp: 6.2.7 (/opt/ros/humble/share/rmw_fastrtps_cpp/cmake)
[9.158s] -- Found OpenSSL: /usr/lib/aarch64-linux-gnu/libcrypto.so (found version "3.0.2")  
[9.417s] -- Found FastRTPS: /opt/ros/humble/include  
[9.837s] -- Using RMW implementation 'rmw_fastrtps_cpp' as default
[9.932s] -- Looking for pthread.h
[10.325s] -- Looking for pthread.h - found
[10.326s] -- Performing Test CMAKE_HAVE_LIBC_PTHREAD
[10.690s] -- Performing Test CMAKE_HAVE_LIBC_PTHREAD - Success
[10.700s] -- Found Threads: TRUE  
[11.133s] -- Found sensor_msgs: 4.8.0 (/opt/ros/humble/share/sensor_msgs/cmake)
[11.417s] -- Found ament_lint_auto: 0.12.12 (/opt/ros/humble/share/ament_lint_auto/cmake)
[12.170s] -- Added test 'copyright' to check source files copyright and LICENSE
[12.328s] -- Added test 'cppcheck' to perform static code analysis on C / C++ code
[12.331s] -- Configured cppcheck include dirs: /home/monkeydluffy/ros2_packages/SLAM-ROS2-Backend/src/ldlidar_stl_ros2/include;/home/monkeydluffy/ros2_packages/SLAM-ROS2-Backend/src/ldlidar_stl_ros2/ldlidar_driver/include/core;/home/monkeydluffy/ros2_packages/SLAM-ROS2-Backend/src/ldlidar_stl_ros2/ldlidar_driver/include/dataprocess;/home/monkeydluffy/ros2_packages/SLAM-ROS2-Backend/src/ldlidar_stl_ros2/ldlidar_driver/include/filter;/home/monkeydluffy/ros2_packages/SLAM-ROS2-Backend/src/ldlidar_stl_ros2/ldlidar_driver/include/logger;/home/monkeydluffy/ros2_packages/SLAM-ROS2-Backend/src/ldlidar_stl_ros2/ldlidar_driver/include/networkcom;/home/monkeydluffy/ros2_packages/SLAM-ROS2-Backend/src/ldlidar_stl_ros2/ldlidar_driver/include/serialcom
[12.332s] -- Configured cppcheck exclude dirs and/or files: 
[12.486s] -- Added test 'cpplint' to check C / C++ code against the Google style
[12.487s] -- Configured cpplint exclude dirs and/or files: 
[12.508s] -- Added test 'flake8' to check Python code syntax and style conventions
[12.548s] -- Added test 'lint_cmake' to check CMake code style
[12.567s] -- Added test 'pep257' to check Python code against some of the docstring style conventions in PEP 257
[12.711s] -- Added test 'uncrustify' to check C / C++ code style
[12.711s] -- Configured uncrustify additional arguments: 
[12.731s] -- Added test 'xmllint' to check XML markup files
[12.743s] -- Configuring done
[12.824s] -- Generating done
[12.846s] -- Build files have been written to: /home/monkeydluffy/ros2_packages/SLAM-ROS2-Backend/src/build/ldlidar_stl_ros2
[12.890s] Invoked command in '/home/monkeydluffy/ros2_packages/SLAM-ROS2-Backend/src/build/ldlidar_stl_ros2' returned '0': CMAKE_PREFIX_PATH=/opt/ros/humble /usr/bin/cmake /home/monkeydluffy/ros2_packages/SLAM-ROS2-Backend/src/ldlidar_stl_ros2 -DCMAKE_INSTALL_PREFIX=/home/monkeydluffy/ros2_packages/SLAM-ROS2-Backend/src/install/ldlidar_stl_ros2
[12.900s] Invoking command in '/home/monkeydluffy/ros2_packages/SLAM-ROS2-Backend/src/build/ldlidar_stl_ros2': CMAKE_PREFIX_PATH=/opt/ros/humble /usr/bin/cmake --build /home/monkeydluffy/ros2_packages/SLAM-ROS2-Backend/src/build/ldlidar_stl_ros2 -- -j4 -l4
[13.154s] [ 12%] [32mBuilding CXX object CMakeFiles/ldlidar_stl_ros2_node.dir/src/demo.cpp.o[0m
[13.161s] [ 25%] [32mBuilding CXX object CMakeFiles/ldlidar_stl_ros2_node.dir/ldlidar_driver/src/dataprocess/lipkg.cpp.o[0m
[13.188s] [ 37%] [32mBuilding CXX object CMakeFiles/ldlidar_stl_ros2_node.dir/ldlidar_driver/src/filter/tofbf.cpp.o[0m
[13.209s] [ 50%] [32mBuilding CXX object CMakeFiles/ldlidar_stl_ros2_node.dir/ldlidar_driver/src/core/ldlidar_driver.cpp.o[0m
[20.422s] [ 62%] [32mBuilding CXX object CMakeFiles/ldlidar_stl_ros2_node.dir/ldlidar_driver/src/logger/log_module.cpp.o[0m
[20.532s] [ 75%] [32mBuilding CXX object CMakeFiles/ldlidar_stl_ros2_node.dir/ldlidar_driver/src/networkcom/network_socket_interface_linux.cpp.o[0m
[20.571s] [ 87%] [32mBuilding CXX object CMakeFiles/ldlidar_stl_ros2_node.dir/ldlidar_driver/src/serialcom/serial_interface_linux.cpp.o[0m
[36.274s] [100%] [32m[1mLinking CXX executable ldlidar_stl_ros2_node[0m
[37.551s] [100%] Built target ldlidar_stl_ros2_node
[37.590s] Invoked command in '/home/monkeydluffy/ros2_packages/SLAM-ROS2-Backend/src/build/ldlidar_stl_ros2' returned '0': CMAKE_PREFIX_PATH=/opt/ros/humble /usr/bin/cmake --build /home/monkeydluffy/ros2_packages/SLAM-ROS2-Backend/src/build/ldlidar_stl_ros2 -- -j4 -l4
[37.629s] Invoking command in '/home/monkeydluffy/ros2_packages/SLAM-ROS2-Backend/src/build/ldlidar_stl_ros2': CMAKE_PREFIX_PATH=/opt/ros/humble /usr/bin/cmake --install /home/monkeydluffy/ros2_packages/SLAM-ROS2-Backend/src/build/ldlidar_stl_ros2
[37.656s] -- Install configuration: ""
[37.657s] -- Installing: /home/monkeydluffy/ros2_packages/SLAM-ROS2-Backend/src/install/ldlidar_stl_ros2/lib/ldlidar_stl_ros2/ldlidar_stl_ros2_node
[37.669s] -- Set runtime path of "/home/monkeydluffy/ros2_packages/SLAM-ROS2-Backend/src/install/ldlidar_stl_ros2/lib/ldlidar_stl_ros2/ldlidar_stl_ros2_node" to ""
[37.669s] -- Installing: /home/monkeydluffy/ros2_packages/SLAM-ROS2-Backend/src/install/ldlidar_stl_ros2/share/ldlidar_stl_ros2//launch
[37.670s] -- Installing: /home/monkeydluffy/ros2_packages/SLAM-ROS2-Backend/src/install/ldlidar_stl_ros2/share/ldlidar_stl_ros2//launch/stl27l.launch.py
[37.671s] -- Installing: /home/monkeydluffy/ros2_packages/SLAM-ROS2-Backend/src/install/ldlidar_stl_ros2/share/ldlidar_stl_ros2//launch/viewer_stl27l.launch.py
[37.672s] -- Installing: /home/monkeydluffy/ros2_packages/SLAM-ROS2-Backend/src/install/ldlidar_stl_ros2/share/ldlidar_stl_ros2//launch/ld19.launch.py
[37.673s] -- Installing: /home/monkeydluffy/ros2_packages/SLAM-ROS2-Backend/src/install/ldlidar_stl_ros2/share/ldlidar_stl_ros2//launch/viewer_ld19.launch.py
[37.674s] -- Installing: /home/monkeydluffy/ros2_packages/SLAM-ROS2-Backend/src/install/ldlidar_stl_ros2/share/ldlidar_stl_ros2//rviz2
[37.675s] -- Installing: /home/monkeydluffy/ros2_packages/SLAM-ROS2-Backend/src/install/ldlidar_stl_ros2/share/ldlidar_stl_ros2//rviz2/ldlidar.rviz
[37.677s] -- Installing: /home/monkeydluffy/ros2_packages/SLAM-ROS2-Backend/src/install/ldlidar_stl_ros2/share/ament_index/resource_index/package_run_dependencies/ldlidar_stl_ros2
[37.679s] -- Installing: /home/monkeydluffy/ros2_packages/SLAM-ROS2-Backend/src/install/ldlidar_stl_ros2/share/ament_index/resource_index/parent_prefix_path/ldlidar_stl_ros2
[37.681s] -- Installing: /home/monkeydluffy/ros2_packages/SLAM-ROS2-Backend/src/install/ldlidar_stl_ros2/share/ldlidar_stl_ros2/environment/ament_prefix_path.sh
[37.682s] -- Installing: /home/monkeydluffy/ros2_packages/SLAM-ROS2-Backend/src/install/ldlidar_stl_ros2/share/ldlidar_stl_ros2/environment/ament_prefix_path.dsv
[37.683s] -- Installing: /home/monkeydluffy/ros2_packages/SLAM-ROS2-Backend/src/install/ldlidar_stl_ros2/share/ldlidar_stl_ros2/environment/path.sh
[37.684s] -- Installing: /home/monkeydluffy/ros2_packages/SLAM-ROS2-Backend/src/install/ldlidar_stl_ros2/share/ldlidar_stl_ros2/environment/path.dsv
[37.686s] -- Installing: /home/monkeydluffy/ros2_packages/SLAM-ROS2-Backend/src/install/ldlidar_stl_ros2/share/ldlidar_stl_ros2/local_setup.bash
[37.687s] -- Installing: /home/monkeydluffy/ros2_packages/SLAM-ROS2-Backend/src/install/ldlidar_stl_ros2/share/ldlidar_stl_ros2/local_setup.sh
[37.688s] -- Installing: /home/monkeydluffy/ros2_packages/SLAM-ROS2-Backend/src/install/ldlidar_stl_ros2/share/ldlidar_stl_ros2/local_setup.zsh
[37.690s] -- Installing: /home/monkeydluffy/ros2_packages/SLAM-ROS2-Backend/src/install/ldlidar_stl_ros2/share/ldlidar_stl_ros2/local_setup.dsv
[37.691s] -- Installing: /home/monkeydluffy/ros2_packages/SLAM-ROS2-Backend/src/install/ldlidar_stl_ros2/share/ldlidar_stl_ros2/package.dsv
[37.693s] -- Installing: /home/monkeydluffy/ros2_packages/SLAM-ROS2-Backend/src/install/ldlidar_stl_ros2/share/ament_index/resource_index/packages/ldlidar_stl_ros2
[37.695s] -- Installing: /home/monkeydluffy/ros2_packages/SLAM-ROS2-Backend/src/install/ldlidar_stl_ros2/share/ldlidar_stl_ros2/cmake/ldlidar_stl_ros2Config.cmake
[37.696s] -- Installing: /home/monkeydluffy/ros2_packages/SLAM-ROS2-Backend/src/install/ldlidar_stl_ros2/share/ldlidar_stl_ros2/cmake/ldlidar_stl_ros2Config-version.cmake
[37.697s] -- Installing: /home/monkeydluffy/ros2_packages/SLAM-ROS2-Backend/src/install/ldlidar_stl_ros2/share/ldlidar_stl_ros2/package.xml
[37.705s] Invoked command in '/home/monkeydluffy/ros2_packages/SLAM-ROS2-Backend/src/build/ldlidar_stl_ros2' returned '0': CMAKE_PREFIX_PATH=/opt/ros/humble /usr/bin/cmake --install /home/monkeydluffy/ros2_packages/SLAM-ROS2-Backend/src/build/ldlidar_stl_ros2
