[3.117s] Invoking command in '/home/monkeydluffy/SLAM-ROS2-Backend/src/robot_drive': PYTHONPATH=/home/monkeydluffy/SLAM-ROS2-Backend/build/robot_drive/prefix_override:/usr/lib/python3/dist-packages/colcon_core/task/python/colcon_distutils_commands:/home/monkeydluffy/SLAM-ROS2-Backend/install/robot_drive/lib/python3.10/site-packages:${PYTHONPATH} /usr/bin/python3 -W ignore:setup.py install is deprecated -W ignore:easy_install command is deprecated setup.py egg_info --egg-base ../../build/robot_drive build --build-base /home/monkeydluffy/SLAM-ROS2-Backend/build/robot_drive/build install --record /home/monkeydluffy/SLAM-ROS2-Backend/build/robot_drive/install.log --single-version-externally-managed install_data
[4.266s] running egg_info
[4.269s] writing ../../build/robot_drive/robot_drive.egg-info/PKG-INFO
[4.274s] writing dependency_links to ../../build/robot_drive/robot_drive.egg-info/dependency_links.txt
[4.275s] writing entry points to ../../build/robot_drive/robot_drive.egg-info/entry_points.txt
[4.275s] writing requirements to ../../build/robot_drive/robot_drive.egg-info/requires.txt
[4.276s] writing top-level names to ../../build/robot_drive/robot_drive.egg-info/top_level.txt
[4.286s] reading manifest file '../../build/robot_drive/robot_drive.egg-info/SOURCES.txt'
[4.290s] adding license file 'LICENSE'
[4.293s] writing manifest file '../../build/robot_drive/robot_drive.egg-info/SOURCES.txt'
[4.293s] running build
[4.294s] running build_py
[4.298s] copying robot_drive/joy_node.py -> /home/monkeydluffy/SLAM-ROS2-Backend/build/robot_drive/build/lib/robot_drive
[4.300s] running install
[4.301s] running install_lib
[4.306s] copying /home/monkeydluffy/SLAM-ROS2-Backend/build/robot_drive/build/lib/robot_drive/joy_node.py -> /home/monkeydluffy/SLAM-ROS2-Backend/install/robot_drive/lib/python3.10/site-packages/robot_drive
[4.310s] byte-compiling /home/monkeydluffy/SLAM-ROS2-Backend/install/robot_drive/lib/python3.10/site-packages/robot_drive/joy_node.py to joy_node.cpython-310.pyc
[4.313s] running install_data
[4.314s] running install_egg_info
[4.326s] removing '/home/monkeydluffy/SLAM-ROS2-Backend/install/robot_drive/lib/python3.10/site-packages/robot_drive-0.0.0-py3.10.egg-info' (and everything under it)
[4.327s] Copying ../../build/robot_drive/robot_drive.egg-info to /home/monkeydluffy/SLAM-ROS2-Backend/install/robot_drive/lib/python3.10/site-packages/robot_drive-0.0.0-py3.10.egg-info
[4.336s] running install_scripts
[4.418s] Installing joy_node script to /home/monkeydluffy/SLAM-ROS2-Backend/install/robot_drive/lib/robot_drive
[4.418s] Installing pwm script to /home/monkeydluffy/SLAM-ROS2-Backend/install/robot_drive/lib/robot_drive
[4.419s] Installing send_power script to /home/monkeydluffy/SLAM-ROS2-Backend/install/robot_drive/lib/robot_drive
[4.421s] writing list of installed files to '/home/monkeydluffy/SLAM-ROS2-Backend/build/robot_drive/install.log'
[4.548s] Invoked command in '/home/monkeydluffy/SLAM-ROS2-Backend/src/robot_drive' returned '0': PYTHONPATH=/home/monkeydluffy/SLAM-ROS2-Backend/build/robot_drive/prefix_override:/usr/lib/python3/dist-packages/colcon_core/task/python/colcon_distutils_commands:/home/monkeydluffy/SLAM-ROS2-Backend/install/robot_drive/lib/python3.10/site-packages:${PYTHONPATH} /usr/bin/python3 -W ignore:setup.py install is deprecated -W ignore:easy_install command is deprecated setup.py egg_info --egg-base ../../build/robot_drive build --build-base /home/monkeydluffy/SLAM-ROS2-Backend/build/robot_drive/build install --record /home/monkeydluffy/SLAM-ROS2-Backend/build/robot_drive/install.log --single-version-externally-managed install_data
