running egg_info
writing ../../build/robot_drive/robot_drive.egg-info/PKG-INFO
writing dependency_links to ../../build/robot_drive/robot_drive.egg-info/dependency_links.txt
writing entry points to ../../build/robot_drive/robot_drive.egg-info/entry_points.txt
writing requirements to ../../build/robot_drive/robot_drive.egg-info/requires.txt
writing top-level names to ../../build/robot_drive/robot_drive.egg-info/top_level.txt
reading manifest file '../../build/robot_drive/robot_drive.egg-info/SOURCES.txt'
adding license file 'LICENSE'
writing manifest file '../../build/robot_drive/robot_drive.egg-info/SOURCES.txt'
running build
running build_py
running install
running install_lib
running install_data
copying package.xml -> /home/monkeydluffy/ros2_packages/SLAM-ROS2-Backend/install/robot_drive/share/robot_drive
copying launch/dev.launch.py -> /home/monkeydluffy/ros2_packages/SLAM-ROS2-Backend/install/robot_drive/share/robot_drive/launch
copying launch/robot.launch.py -> /home/monkeydluffy/ros2_packages/SLAM-ROS2-Backend/install/robot_drive/share/robot_drive/launch
running install_egg_info
removing '/home/monkeydluffy/ros2_packages/SLAM-ROS2-Backend/install/robot_drive/lib/python3.10/site-packages/robot_drive-0.0.0-py3.10.egg-info' (and everything under it)
Copying ../../build/robot_drive/robot_drive.egg-info to /home/monkeydluffy/ros2_packages/SLAM-ROS2-Backend/install/robot_drive/lib/python3.10/site-packages/robot_drive-0.0.0-py3.10.egg-info
running install_scripts
Installing joy_node script to /home/monkeydluffy/ros2_packages/SLAM-ROS2-Backend/install/robot_drive/lib/robot_drive
Installing pwm script to /home/monkeydluffy/ros2_packages/SLAM-ROS2-Backend/install/robot_drive/lib/robot_drive
Installing send_power script to /home/monkeydluffy/ros2_packages/SLAM-ROS2-Backend/install/robot_drive/lib/robot_drive
writing list of installed files to '/home/monkeydluffy/ros2_packages/SLAM-ROS2-Backend/build/robot_drive/install.log'
