[0.630s] Invoking command in '/home/tarkin/rover_ws/build/robot_drive': PYTHONPATH=/home/tarkin/rover_ws/build/robot_drive/prefix_override:/usr/lib/python3/dist-packages/colcon_core/task/python/colcon_distutils_commands:/home/tarkin/rover_ws/install/robot_drive/lib/python3.10/site-packages:${PYTHONPATH} /usr/bin/python3 -W ignore:setup.py install is deprecated -W ignore:easy_install command is deprecated setup.py develop --editable --build-directory /home/tarkin/rover_ws/build/robot_drive/build --no-deps symlink_data --force
[0.879s] running develop
[1.034s] running egg_info
[1.035s] writing robot_drive.egg-info/PKG-INFO
[1.035s] writing dependency_links to robot_drive.egg-info/dependency_links.txt
[1.035s] writing entry points to robot_drive.egg-info/entry_points.txt
[1.035s] writing requirements to robot_drive.egg-info/requires.txt
[1.035s] writing top-level names to robot_drive.egg-info/top_level.txt
[1.037s] reading manifest file 'robot_drive.egg-info/SOURCES.txt'
[1.038s] writing manifest file 'robot_drive.egg-info/SOURCES.txt'
[1.039s] running build_ext
[1.039s] Creating /home/tarkin/rover_ws/install/robot_drive/lib/python3.10/site-packages/robot-drive.egg-link (link to .)
[1.040s] Installing joy_node script to /home/tarkin/rover_ws/install/robot_drive/lib/robot_drive
[1.040s] Installing send_power script to /home/tarkin/rover_ws/install/robot_drive/lib/robot_drive
[1.040s] 
[1.040s] Installed /home/tarkin/rover_ws/build/robot_drive
[1.040s] running symlink_data
[1.040s] symbolically linking /home/tarkin/rover_ws/build/robot_drive/resource/robot_drive -> /home/tarkin/rover_ws/install/robot_drive/share/ament_index/resource_index/packages
[1.040s] symbolically linking /home/tarkin/rover_ws/build/robot_drive/package.xml -> /home/tarkin/rover_ws/install/robot_drive/share/robot_drive
[1.066s] Invoked command in '/home/tarkin/rover_ws/build/robot_drive' returned '0': PYTHONPATH=/home/tarkin/rover_ws/build/robot_drive/prefix_override:/usr/lib/python3/dist-packages/colcon_core/task/python/colcon_distutils_commands:/home/tarkin/rover_ws/install/robot_drive/lib/python3.10/site-packages:${PYTHONPATH} /usr/bin/python3 -W ignore:setup.py install is deprecated -W ignore:easy_install command is deprecated setup.py develop --editable --build-directory /home/tarkin/rover_ws/build/robot_drive/build --no-deps symlink_data --force
