[3.163s] Invoking command in '/home/monkeydluffy/SLAM-ROS2-Backend/src/robot_drive': PYTHONPATH=/home/monkeydluffy/SLAM-ROS2-Backend/build/robot_drive/prefix_override:/usr/lib/python3/dist-packages/colcon_core/task/python/colcon_distutils_commands:/home/monkeydluffy/SLAM-ROS2-Backend/install/robot_drive/lib/python3.10/site-packages:${PYTHONPATH} /usr/bin/python3 -W ignore:setup.py install is deprecated -W ignore:easy_install command is deprecated setup.py egg_info --egg-base ../../build/robot_drive build --build-base /home/monkeydluffy/SLAM-ROS2-Backend/build/robot_drive/build install --record /home/monkeydluffy/SLAM-ROS2-Backend/build/robot_drive/install.log --single-version-externally-managed install_data
[4.303s] running egg_info
[4.305s] writing ../../build/robot_drive/robot_drive.egg-info/PKG-INFO
[4.307s] writing dependency_links to ../../build/robot_drive/robot_drive.egg-info/dependency_links.txt
[4.307s] writing entry points to ../../build/robot_drive/robot_drive.egg-info/entry_points.txt
[4.308s] writing requirements to ../../build/robot_drive/robot_drive.egg-info/requires.txt
[4.309s] writing top-level names to ../../build/robot_drive/robot_drive.egg-info/top_level.txt
[4.318s] reading manifest file '../../build/robot_drive/robot_drive.egg-info/SOURCES.txt'
[4.319s] adding license file 'LICENSE'
[4.322s] writing manifest file '../../build/robot_drive/robot_drive.egg-info/SOURCES.txt'
[4.323s] running build
[4.323s] running build_py
[4.326s] running install
[4.327s] running install_lib
[4.334s] running install_data
[4.335s] running install_egg_info
[4.347s] removing '/home/monkeydluffy/SLAM-ROS2-Backend/install/robot_drive/lib/python3.10/site-packages/robot_drive-0.0.0-py3.10.egg-info' (and everything under it)
[4.349s] Copying ../../build/robot_drive/robot_drive.egg-info to /home/monkeydluffy/SLAM-ROS2-Backend/install/robot_drive/lib/python3.10/site-packages/robot_drive-0.0.0-py3.10.egg-info
[4.359s] running install_scripts
[4.440s] Installing joy_node script to /home/monkeydluffy/SLAM-ROS2-Backend/install/robot_drive/lib/robot_drive
[4.440s] Installing pwm script to /home/monkeydluffy/SLAM-ROS2-Backend/install/robot_drive/lib/robot_drive
[4.441s] Installing send_power script to /home/monkeydluffy/SLAM-ROS2-Backend/install/robot_drive/lib/robot_drive
[4.445s] writing list of installed files to '/home/monkeydluffy/SLAM-ROS2-Backend/build/robot_drive/install.log'
[4.577s] Invoked command in '/home/monkeydluffy/SLAM-ROS2-Backend/src/robot_drive' returned '0': PYTHONPATH=/home/monkeydluffy/SLAM-ROS2-Backend/build/robot_drive/prefix_override:/usr/lib/python3/dist-packages/colcon_core/task/python/colcon_distutils_commands:/home/monkeydluffy/SLAM-ROS2-Backend/install/robot_drive/lib/python3.10/site-packages:${PYTHONPATH} /usr/bin/python3 -W ignore:setup.py install is deprecated -W ignore:easy_install command is deprecated setup.py egg_info --egg-base ../../build/robot_drive build --build-base /home/monkeydluffy/SLAM-ROS2-Backend/build/robot_drive/build install --record /home/monkeydluffy/SLAM-ROS2-Backend/build/robot_drive/install.log --single-version-externally-managed install_data
