[3.208s] Invoking command in '/home/monkeydluffy/ros2_packages/SLAM-ROS2-Backend/src/robot_drive': PYTHONPATH=/home/monkeydluffy/ros2_packages/SLAM-ROS2-Backend/build/robot_drive/prefix_override:/usr/lib/python3/dist-packages/colcon_core/task/python/colcon_distutils_commands:/home/monkeydluffy/ros2_packages/SLAM-ROS2-Backend/install/robot_drive/lib/python3.10/site-packages:${PYTHONPATH} /usr/bin/python3 -W ignore:setup.py install is deprecated -W ignore:easy_install command is deprecated setup.py egg_info --egg-base ../../build/robot_drive build --build-base /home/monkeydluffy/ros2_packages/SLAM-ROS2-Backend/build/robot_drive/build install --record /home/monkeydluffy/ros2_packages/SLAM-ROS2-Backend/build/robot_drive/install.log --single-version-externally-managed install_data
[4.534s] running egg_info
[4.537s] writing ../../build/robot_drive/robot_drive.egg-info/PKG-INFO
[4.538s] writing dependency_links to ../../build/robot_drive/robot_drive.egg-info/dependency_links.txt
[4.539s] writing entry points to ../../build/robot_drive/robot_drive.egg-info/entry_points.txt
[4.540s] writing requirements to ../../build/robot_drive/robot_drive.egg-info/requires.txt
[4.540s] writing top-level names to ../../build/robot_drive/robot_drive.egg-info/top_level.txt
[4.548s] reading manifest file '../../build/robot_drive/robot_drive.egg-info/SOURCES.txt'
[4.550s] adding license file 'LICENSE'
[4.553s] writing manifest file '../../build/robot_drive/robot_drive.egg-info/SOURCES.txt'
[4.553s] running build
[4.554s] running build_py
[4.555s] copying robot_drive/pwm_convert.py -> /home/monkeydluffy/ros2_packages/SLAM-ROS2-Backend/build/robot_drive/build/lib/robot_drive
[4.557s] running install
[4.559s] running install_lib
[4.566s] copying /home/monkeydluffy/ros2_packages/SLAM-ROS2-Backend/build/robot_drive/build/lib/robot_drive/pwm_convert.py -> /home/monkeydluffy/ros2_packages/SLAM-ROS2-Backend/install/robot_drive/lib/python3.10/site-packages/robot_drive
[4.569s] byte-compiling /home/monkeydluffy/ros2_packages/SLAM-ROS2-Backend/install/robot_drive/lib/python3.10/site-packages/robot_drive/pwm_convert.py to pwm_convert.cpython-310.pyc
[4.572s] running install_data
[4.574s] running install_egg_info
[4.580s] removing '/home/monkeydluffy/ros2_packages/SLAM-ROS2-Backend/install/robot_drive/lib/python3.10/site-packages/robot_drive-0.0.0-py3.10.egg-info' (and everything under it)
[4.582s] Copying ../../build/robot_drive/robot_drive.egg-info to /home/monkeydluffy/ros2_packages/SLAM-ROS2-Backend/install/robot_drive/lib/python3.10/site-packages/robot_drive-0.0.0-py3.10.egg-info
[4.587s] running install_scripts
[4.666s] Installing joy_node script to /home/monkeydluffy/ros2_packages/SLAM-ROS2-Backend/install/robot_drive/lib/robot_drive
[4.667s] Installing pwm script to /home/monkeydluffy/ros2_packages/SLAM-ROS2-Backend/install/robot_drive/lib/robot_drive
[4.668s] Installing send_power script to /home/monkeydluffy/ros2_packages/SLAM-ROS2-Backend/install/robot_drive/lib/robot_drive
[4.670s] writing list of installed files to '/home/monkeydluffy/ros2_packages/SLAM-ROS2-Backend/build/robot_drive/install.log'
[4.793s] Invoked command in '/home/monkeydluffy/ros2_packages/SLAM-ROS2-Backend/src/robot_drive' returned '0': PYTHONPATH=/home/monkeydluffy/ros2_packages/SLAM-ROS2-Backend/build/robot_drive/prefix_override:/usr/lib/python3/dist-packages/colcon_core/task/python/colcon_distutils_commands:/home/monkeydluffy/ros2_packages/SLAM-ROS2-Backend/install/robot_drive/lib/python3.10/site-packages:${PYTHONPATH} /usr/bin/python3 -W ignore:setup.py install is deprecated -W ignore:easy_install command is deprecated setup.py egg_info --egg-base ../../build/robot_drive build --build-base /home/monkeydluffy/ros2_packages/SLAM-ROS2-Backend/build/robot_drive/build install --record /home/monkeydluffy/ros2_packages/SLAM-ROS2-Backend/build/robot_drive/install.log --single-version-externally-managed install_data
